2023-03-21 09:56:59,923 [INFO] Activator:176 - 


2023-03-21 09:56:59,927 [INFO] Activator:177 - !SESSION log4j initialized
2023-03-21 09:57:04,649 [INFO] LogOutputStream:77 - [STDOUT_REDIRECT] 
2023-03-21 09:57:25,883 [ERROR] LogOutputStream:75 - [STDERR_REDIRECT] SLF4J: Failed to load class "org.slf4j.impl.StaticLoggerBinder".
2023-03-21 09:57:25,884 [ERROR] LogOutputStream:75 - [STDERR_REDIRECT] SLF4J: Defaulting to no-operation (NOP) logger implementation
2023-03-21 09:57:25,885 [ERROR] LogOutputStream:75 - [STDERR_REDIRECT] SLF4J: See http://www.slf4j.org/codes.html#StaticLoggerBinder for further details.
2023-03-21 10:35:01,309 [INFO] ApplicationProperties:184 - Using Application install path: /opt/st/stm32cubeide_1.12.0/plugins/com.st.stm32cube.common.mx_6.8.0.202302231600
2023-03-21 10:35:01,330 [INFO] DbMcusXml:78 - Set database path to: /opt/st/stm32cubeide_1.12.0/plugins/com.st.stm32cube.common.mx_6.8.0.202302231600//db//mcu/
2023-03-21 10:35:01,331 [INFO] ApiDb:274 - Set plugin database path to: /opt/st/stm32cubeide_1.12.0/plugins/com.st.stm32cube.common.mx_6.8.0.202302231600//db//plugins/boardmanager/
2023-03-21 10:35:01,334 [WARN] ApiDb:259 - Overriding images path with different value:  => /opt/st/stm32cubeide_1.12.0/plugins/com.st.stm32cube.common.mx_6.8.0.202302231600//db//plugins/mcufinder/images/
2023-03-21 10:35:01,350 [INFO] ApiDb:250 - Set database path to: /home/felix/.stmcufinder/plugins/mcufinder//mcu/
2023-03-21 10:35:01,351 [INFO] DbMcusAds:125 - Set database path to: /home/felix/.stmcufinder/plugins/mcufinder//mcu/
2023-03-21 10:35:01,479 [INFO] CrossReferenceDbSqlite:203 - Set database path to: /home/felix/.stmcufinder/plugins/mcufinder//mcu/cs/
2023-03-21 10:35:01,629 [INFO] RulesReader:64 - Compatibility file has been processed (293 Rules)
2023-03-21 10:35:01,685 [INFO] DbMcusXml:78 - Set database path to: /opt/st/stm32cubeide_1.12.0/plugins/com.st.stm32cube.common.mx_6.8.0.202302231600//db//mcu/
2023-03-21 10:35:01,685 [INFO] ApiDb:274 - Set plugin database path to: /opt/st/stm32cubeide_1.12.0/plugins/com.st.stm32cube.common.mx_6.8.0.202302231600//db//plugins/boardmanager/
2023-03-21 10:35:01,686 [INFO] ApiDb:261 - Set plugin images path to: /opt/st/stm32cubeide_1.12.0/plugins/com.st.stm32cube.common.mx_6.8.0.202302231600//db//plugins/mcufinder/images/
2023-03-21 10:35:01,686 [WARN] DbFile:41 - Overriding database path with different value: /home/felix/.stmcufinder/plugins/mcufinder/ => /home/felix/.stmcufinder/plugins/mcufinder
2023-03-21 10:35:01,686 [INFO] ApiDb:250 - Set database path to: /home/felix/.stmcufinder/plugins/mcufinder//mcu/
2023-03-21 10:35:01,686 [WARN] DbFile:41 - Overriding database path with different value: /home/felix/.stmcufinder/plugins/mcufinder/ => /home/felix/.stmcufinder/plugins/mcufinder
2023-03-21 10:35:01,687 [INFO] DbMcusAds:125 - Set database path to: /home/felix/.stmcufinder/plugins/mcufinder//mcu/
2023-03-21 10:35:01,687 [WARN] DbFile:41 - Overriding database path with different value: /home/felix/.stmcufinder/plugins/mcufinder/ => /home/felix/.stmcufinder/plugins/mcufinder
2023-03-21 10:35:01,687 [WARN] DbFile:41 - Overriding database path with different value: /home/felix/.stmcufinder/plugins/mcufinder/ => /home/felix/.stmcufinder/plugins/mcufinder
2023-03-21 10:35:01,687 [INFO] CrossReferenceDbSqlite:203 - Set database path to: /home/felix/.stmcufinder/plugins/mcufinder//mcu/cs/
2023-03-21 10:35:01,752 [INFO] MainPanel:253 - HeapMemory: 482344960
2023-03-21 10:35:01,858 [INFO] DbMcusXml:78 - Set database path to: /opt/st/stm32cubeide_1.12.0/plugins/com.st.stm32cube.common.mx_6.8.0.202302231600//db//mcu/
2023-03-21 10:35:01,859 [INFO] ApiDb:274 - Set plugin database path to: /opt/st/stm32cubeide_1.12.0/plugins/com.st.stm32cube.common.mx_6.8.0.202302231600//db//plugins/boardmanager/
2023-03-21 10:35:01,859 [INFO] ApiDb:261 - Set plugin images path to: /opt/st/stm32cubeide_1.12.0/plugins/com.st.stm32cube.common.mx_6.8.0.202302231600//db//plugins/mcufinder/images/
2023-03-21 10:35:01,859 [WARN] DbFile:41 - Overriding database path with different value: /home/felix/.stmcufinder/plugins/mcufinder/ => /home/felix/.stmcufinder/plugins/mcufinder
2023-03-21 10:35:01,859 [INFO] ApiDb:250 - Set database path to: /home/felix/.stmcufinder/plugins/mcufinder//mcu/
2023-03-21 10:35:01,859 [WARN] DbFile:41 - Overriding database path with different value: /home/felix/.stmcufinder/plugins/mcufinder/ => /home/felix/.stmcufinder/plugins/mcufinder
2023-03-21 10:35:01,859 [INFO] DbMcusAds:125 - Set database path to: /home/felix/.stmcufinder/plugins/mcufinder//mcu/
2023-03-21 10:35:01,859 [WARN] DbFile:41 - Overriding database path with different value: /home/felix/.stmcufinder/plugins/mcufinder/ => /home/felix/.stmcufinder/plugins/mcufinder
2023-03-21 10:35:01,859 [WARN] DbFile:41 - Overriding database path with different value: /home/felix/.stmcufinder/plugins/mcufinder/ => /home/felix/.stmcufinder/plugins/mcufinder
2023-03-21 10:35:01,860 [INFO] CrossReferenceDbSqlite:203 - Set database path to: /home/felix/.stmcufinder/plugins/mcufinder//mcu/cs/
2023-03-21 10:35:01,878 [INFO] ApplicationProperties:184 - Using Application install path: /opt/st/stm32cubeide_1.12.0/plugins/com.st.stm32cube.common.mx_6.8.0.202302231600
2023-03-21 10:35:01,880 [INFO] PluginManage:196 - Search for loadable plugins [exclusion list=, ]
2023-03-21 10:35:01,882 [INFO] PluginManage:310 - Check plugin analytics
2023-03-21 10:35:02,031 [INFO] AnalyticsPlugin:253 - Accepted Software Licenses: 
2023-03-21 10:35:02,031 [INFO] AnalyticsPlugin:255 - Accepted CMSIS Pack Licenses: 
2023-03-21 10:35:02,032 [INFO] AnalyticsPlugin:257 - Accepted Firmware Licenses: FW.WB.1.16.0
2023-03-21 10:35:02,039 [INFO] PluginManage:359 - Loaded plugin analytics (category:tool,tabindex:-1)
2023-03-21 10:35:02,040 [INFO] PluginManage:310 - Check plugin cadmodel
2023-03-21 10:35:02,122 [INFO] CADModel:105 - Init CAD model plugin
2023-03-21 10:35:02,123 [INFO] PluginManage:359 - Loaded plugin cadmodel (category:power,tabindex:5)
2023-03-21 10:35:02,123 [INFO] PluginManage:310 - Check plugin clock
2023-03-21 10:35:02,135 [INFO] PluginManage:359 - Loaded plugin clock (category:base,tabindex:2)
2023-03-21 10:35:02,135 [INFO] PluginManage:310 - Check plugin ddr
2023-03-21 10:35:02,138 [INFO] PluginManage:359 - Loaded plugin ddr (category:tool,tabindex:6)
2023-03-21 10:35:02,138 [INFO] PluginManage:310 - Check plugin filemanager
2023-03-21 10:35:02,300 [INFO] PluginManage:359 - Loaded plugin filemanager (category:base,tabindex:10)
2023-03-21 10:35:02,300 [INFO] PluginManage:310 - Check plugin ipmanager
2023-03-21 10:35:02,305 [INFO] PluginManage:359 - Loaded plugin ipmanager (category:base,tabindex:5)
2023-03-21 10:35:02,306 [INFO] PluginManage:310 - Check plugin lpbam
2023-03-21 10:35:02,314 [INFO] PluginManage:359 - Loaded plugin lpbam (category:base,tabindex:0)
2023-03-21 10:35:02,314 [INFO] PluginManage:310 - Check plugin pinoutandconfiguration
2023-03-21 10:35:02,323 [INFO] PluginManage:359 - Loaded plugin pinoutandconfiguration (category:base,tabindex:1)
2023-03-21 10:35:02,323 [INFO] PluginManage:310 - Check plugin pinoutconfig
2023-03-21 10:35:02,416 [WARN] SupportedApi:132 - Cannot load RTOS API schema: s4s-elt-must-match.1: The content of 'definitions' must match (annotation?, (simpleType | complexType)?, (unique | key | keyref)*)). A problem was found starting at: attribute.
2023-03-21 10:35:02,544 [INFO] PluginManage:359 - Loaded plugin pinoutconfig (category:base,tabindex:0)
2023-03-21 10:35:02,544 [INFO] PluginManage:310 - Check plugin power
2023-03-21 10:35:02,554 [INFO] PluginManage:359 - Loaded plugin power (category:power,tabindex:4)
2023-03-21 10:35:02,554 [INFO] PluginManage:310 - Check plugin projectmanager
2023-03-21 10:35:02,568 [INFO] PluginManage:359 - Loaded plugin projectmanager (category:projectmanager,tabindex:3)
2023-03-21 10:35:02,568 [INFO] PluginManage:310 - Check plugin thirdparty
2023-03-21 10:35:02,684 [WARN] IntegrityCheckThread:84 - waiting for thirdparty lock release [integrity check]
2023-03-21 10:35:02,684 [INFO] PluginManage:359 - Loaded plugin thirdparty (category:base,tabindex:-1)
2023-03-21 10:35:02,685 [INFO] IntegrityCheckThread:86 - entering critical section [integrity check]
2023-03-21 10:35:02,685 [INFO] PluginManage:310 - Check plugin tools
2023-03-21 10:35:02,686 [INFO] ThirdPartyUpdaterWithRetryManager:70 - Updater plugin not ready yet. [1/15]
2023-03-21 10:35:02,687 [INFO] PluginManage:359 - Loaded plugin tools (category:base,tabindex:7)
2023-03-21 10:35:02,688 [INFO] PluginManage:310 - Check plugin tutovideos
2023-03-21 10:35:02,882 [INFO] PluginManage:359 - Loaded plugin tutovideos (category:base,tabindex:-1)
2023-03-21 10:35:02,883 [INFO] PluginManage:310 - Check plugin updater
2023-03-21 10:35:02,904 [INFO] PluginManage:359 - Loaded plugin updater (category:base,tabindex:12)
2023-03-21 10:35:02,904 [INFO] PluginManage:283 - PluginManage : Loaded plugins [15]
2023-03-21 10:35:03,120 [INFO] PinOutPanel:1499 - setPackage(No Configuration,No Configuration)
2023-03-21 10:35:03,185 [INFO] CADModel:165 - CPN selected for project level
2023-03-21 10:35:03,185 [INFO] CADModel:114 - Register for checkConnection events
2023-03-21 10:35:03,201 [INFO] IPUIPlugin:80 - create IPUIPlugin
2023-03-21 10:35:03,201 [INFO] PluginManager:220 - loadIPPluginJar : add usart
2023-03-21 10:35:03,205 [INFO] IPUIPlugin:80 - create IPUIPlugin
2023-03-21 10:35:03,205 [INFO] PluginManager:220 - loadIPPluginJar : add gtzc
2023-03-21 10:35:03,208 [INFO] IPUIPlugin:80 - create IPUIPlugin
2023-03-21 10:35:03,209 [INFO] PluginManager:220 - loadIPPluginJar : add openamp
2023-03-21 10:35:03,217 [INFO] IPUIPlugin:80 - create IPUIPlugin
2023-03-21 10:35:03,218 [INFO] PluginManager:220 - loadIPPluginJar : add adc
2023-03-21 10:35:03,221 [INFO] IPUIPlugin:80 - create IPUIPlugin
2023-03-21 10:35:03,221 [INFO] PluginManager:220 - loadIPPluginJar : add usbx
2023-03-21 10:35:03,224 [INFO] IPUIPlugin:80 - create IPUIPlugin
2023-03-21 10:35:03,225 [INFO] PluginManager:220 - loadIPPluginJar : add dma3
2023-03-21 10:35:03,227 [INFO] IPUIPlugin:80 - create IPUIPlugin
2023-03-21 10:35:03,227 [INFO] PluginManager:220 - loadIPPluginJar : add ts
2023-03-21 10:35:03,229 [INFO] IPUIPlugin:80 - create IPUIPlugin
2023-03-21 10:35:03,229 [INFO] PluginManager:220 - loadIPPluginJar : add genericplugin
2023-03-21 10:35:03,231 [INFO] IPUIPlugin:80 - create IPUIPlugin
2023-03-21 10:35:03,231 [INFO] PluginManager:220 - loadIPPluginJar : add ltdc
2023-03-21 10:35:03,237 [INFO] IPUIPlugin:80 - create IPUIPlugin
2023-03-21 10:35:03,237 [INFO] PluginManager:220 - loadIPPluginJar : add gic
2023-03-21 10:35:03,240 [INFO] IPUIPlugin:80 - create IPUIPlugin
2023-03-21 10:35:03,240 [INFO] PluginManager:220 - loadIPPluginJar : add i3c
2023-03-21 10:35:03,242 [INFO] IPUIPlugin:80 - create IPUIPlugin
2023-03-21 10:35:03,242 [INFO] PluginManager:220 - loadIPPluginJar : add tracer_emb
2023-03-21 10:35:03,244 [INFO] IPUIPlugin:80 - create IPUIPlugin
2023-03-21 10:35:03,245 [INFO] PluginManager:220 - loadIPPluginJar : add ucpd
2023-03-21 10:35:03,253 [INFO] IPUIPlugin:80 - create IPUIPlugin
2023-03-21 10:35:03,253 [INFO] PluginManager:220 - loadIPPluginJar : add linkedlist
2023-03-21 10:35:03,256 [INFO] IPUIPlugin:80 - create IPUIPlugin
2023-03-21 10:35:03,256 [INFO] PluginManager:220 - loadIPPluginJar : add i2s
2023-03-21 10:35:03,259 [INFO] IPUIPlugin:80 - create IPUIPlugin
2023-03-21 10:35:03,259 [INFO] PluginManager:220 - loadIPPluginJar : add lorawan
2023-03-21 10:35:03,262 [INFO] IPUIPlugin:80 - create IPUIPlugin
2023-03-21 10:35:03,262 [INFO] PluginManager:220 - loadIPPluginJar : add pdm2pcm
2023-03-21 10:35:03,264 [INFO] IPUIPlugin:80 - create IPUIPlugin
2023-03-21 10:35:03,264 [INFO] PluginManager:220 - loadIPPluginJar : add comp
2023-03-21 10:35:03,267 [INFO] IPUIPlugin:80 - create IPUIPlugin
2023-03-21 10:35:03,268 [INFO] PluginManager:220 - loadIPPluginJar : add sai
2023-03-21 10:35:03,271 [INFO] IPUIPlugin:80 - create IPUIPlugin
2023-03-21 10:35:03,271 [INFO] PluginManager:220 - loadIPPluginJar : add touchsensing
2023-03-21 10:35:03,278 [INFO] IPUIPlugin:80 - create IPUIPlugin
2023-03-21 10:35:03,279 [INFO] PluginManager:220 - loadIPPluginJar : add dma
2023-03-21 10:35:03,280 [INFO] IPUIPlugin:80 - create IPUIPlugin
2023-03-21 10:35:03,280 [INFO] PluginManager:220 - loadIPPluginJar : add tsc
2023-03-21 10:35:03,283 [INFO] IPUIPlugin:80 - create IPUIPlugin
2023-03-21 10:35:03,283 [INFO] PluginManager:220 - loadIPPluginJar : add aes
2023-03-21 10:35:03,289 [INFO] IPUIPlugin:80 - create IPUIPlugin
2023-03-21 10:35:03,289 [INFO] PluginManager:220 - loadIPPluginJar : add stm32_wpan
2023-03-21 10:35:03,291 [INFO] IPUIPlugin:80 - create IPUIPlugin
2023-03-21 10:35:03,291 [INFO] PluginManager:220 - loadIPPluginJar : add gfxmmu
2023-03-21 10:35:03,295 [INFO] IPUIPlugin:80 - create IPUIPlugin
2023-03-21 10:35:03,296 [INFO] PluginManager:220 - loadIPPluginJar : add fmc
2023-03-21 10:35:03,298 [INFO] IPUIPlugin:80 - create IPUIPlugin
2023-03-21 10:35:03,298 [INFO] PluginManager:220 - loadIPPluginJar : add dfsdm
2023-03-21 10:35:03,302 [INFO] IPUIPlugin:80 - create IPUIPlugin
2023-03-21 10:35:03,302 [INFO] PluginManager:220 - loadIPPluginJar : add opamp
2023-03-21 10:35:03,309 [INFO] IPUIPlugin:80 - create IPUIPlugin
2023-03-21 10:35:03,309 [INFO] PluginManager:220 - loadIPPluginJar : add freertos
2023-03-21 10:35:03,313 [INFO] IPUIPlugin:80 - create IPUIPlugin
2023-03-21 10:35:03,313 [INFO] PluginManager:220 - loadIPPluginJar : add nvic
2023-03-21 10:35:03,315 [INFO] IPUIPlugin:80 - create IPUIPlugin
2023-03-21 10:35:03,316 [INFO] PluginManager:220 - loadIPPluginJar : add tim
2023-03-21 10:35:03,317 [INFO] IPUIPlugin:80 - create IPUIPlugin
2023-03-21 10:35:03,317 [INFO] PluginManager:220 - loadIPPluginJar : add fatfs
2023-03-21 10:35:03,319 [INFO] IPUIPlugin:80 - create IPUIPlugin
2023-03-21 10:35:03,320 [INFO] PluginManager:220 - loadIPPluginJar : add spi
2023-03-21 10:35:03,322 [INFO] IPUIPlugin:80 - create IPUIPlugin
2023-03-21 10:35:03,322 [INFO] PluginManager:220 - loadIPPluginJar : add cryp
2023-03-21 10:35:03,325 [INFO] IPUIPlugin:80 - create IPUIPlugin
2023-03-21 10:35:03,325 [INFO] PluginManager:220 - loadIPPluginJar : add i2c
2023-03-21 10:35:03,331 [INFO] IPUIPlugin:80 - create IPUIPlugin
2023-03-21 10:35:03,334 [INFO] PluginManager:220 - loadIPPluginJar : add plateformsettings
2023-03-21 10:35:03,335 [INFO] IPUIPlugin:80 - create IPUIPlugin
2023-03-21 10:35:03,335 [INFO] PluginManager:220 - loadIPPluginJar : add quadspi
2023-03-21 10:35:03,338 [INFO] IPUIPlugin:80 - create IPUIPlugin
2023-03-21 10:35:03,338 [INFO] PluginManager:220 - loadIPPluginJar : add hash
2023-03-21 10:35:03,343 [INFO] IPUIPlugin:80 - create IPUIPlugin
2023-03-21 10:35:03,344 [INFO] PluginManager:220 - loadIPPluginJar : add mdma
2023-03-21 10:35:03,347 [INFO] IPUIPlugin:80 - create IPUIPlugin
2023-03-21 10:35:03,347 [INFO] PluginManager:220 - loadIPPluginJar : add resmgrutility
2023-03-21 10:35:03,349 [INFO] IPUIPlugin:80 - create IPUIPlugin
2023-03-21 10:35:03,349 [INFO] PluginManager:220 - loadIPPluginJar : add can
2023-03-21 10:35:03,354 [INFO] IPUIPlugin:80 - create IPUIPlugin
2023-03-21 10:35:03,354 [INFO] PluginManager:220 - loadIPPluginJar : add gpio
2023-03-21 10:35:03,357 [INFO] IPUIPlugin:80 - create IPUIPlugin
2023-03-21 10:35:03,357 [INFO] PluginManager:220 - loadIPPluginJar : add ipddr
2023-03-21 10:35:03,469 [INFO] CADModel:165 - CPN selected for project level
2023-03-21 10:35:03,470 [INFO] CADModel:114 - Register for checkConnection events
2023-03-21 10:35:03,471 [FATAL] Updater:308 - Updater called before beeing initialized
2023-03-21 10:35:03,472 [ERROR] CADModel:125 - Updater not yet initialized, retry later 
2023-03-21 10:35:03,663 [INFO] CADModel:165 - CPN selected for project level
2023-03-21 10:35:03,663 [INFO] CADModel:114 - Register for checkConnection events
2023-03-21 10:35:03,663 [FATAL] Updater:308 - Updater called before beeing initialized
2023-03-21 10:35:03,663 [ERROR] CADModel:125 - Updater not yet initialized, retry later 
2023-03-21 10:35:03,668 [FATAL] Updater:308 - Updater called before beeing initialized
2023-03-21 10:35:03,819 [FATAL] Updater:308 - Updater called before beeing initialized
2023-03-21 10:35:03,828 [INFO] DbMcusAds:53 - JSON generation date=Tue Mar 07 09:50:55 CET 2023 (1678179055114)
2023-03-21 10:35:03,828 [FATAL] Updater:308 - Updater called before beeing initialized
2023-03-21 10:35:03,893 [WARN] DetailPanel:346 - Failed to get advertising image, set to default
2023-03-21 10:35:03,991 [FATAL] Updater:308 - Updater called before beeing initialized
2023-03-21 10:35:03,993 [FATAL] Updater:308 - Updater called before beeing initialized
2023-03-21 10:35:03,994 [FATAL] Updater:308 - Updater called before beeing initialized
2023-03-21 10:35:03,994 [WARN] DetailPanel:346 - Failed to get advertising image, set to default
2023-03-21 10:35:03,994 [FATAL] Updater:308 - Updater called before beeing initialized
2023-03-21 10:35:04,026 [ERROR] Updater:1120 - MainUpdater not yet initialized. External WinMGr cannot be set.
2023-03-21 10:35:04,027 [INFO] Updater:1056 - Updater Version found : 6.8.0
2023-03-21 10:35:04,045 [INFO] ApplicationProperties:184 - Using Application install path: /opt/st/stm32cubeide_1.12.0/plugins/com.st.stm32cube.common.mx_6.8.0.202302231600
2023-03-21 10:35:04,391 [INFO] MainUpdater:2854 - connection check result : 10
2023-03-21 10:35:04,392 [INFO] MainUpdater:3548 - Updater definition file requires update
2023-03-21 10:35:04,394 [INFO] MainUpdater:283 - Updater Check For Update Now.
2023-03-21 10:35:04,397 [INFO] MicroXplorer:498 - Change Database Version : DB.6.0.80
2023-03-21 10:35:04,576 [INFO] ServerAccessManage:473 - Download File updaters.zip
2023-03-21 10:35:05,075 [INFO] FileExtend:240 - Unzip File : updaters.zip
2023-03-21 10:35:05,076 [INFO] FileExtend:255 - Standard Zip Deflate
2023-03-21 10:35:05,184 [INFO] ServerAccessManage:473 - Download File PacksControlFlags.xml
2023-03-21 10:35:05,231 [INFO] ServerAccessManage:473 - Download File cubemx.pidx
2023-03-21 10:35:05,302 [INFO] LoadServerUpdatesThread:373 - End of LoadServerUpdate Thread
2023-03-21 10:35:05,446 [INFO] CheckServerUpdateThread:120 - End of CheckServer Thread
2023-03-21 10:35:05,631 [INFO] MainUpdater:2854 - connection check result : 10
2023-03-21 10:35:05,633 [INFO] MainUpdater:2854 - connection check result : 10
2023-03-21 10:35:05,693 [INFO] MicroXplorer:468 - Change Database Path : 
2023-03-21 10:35:05,694 [INFO] MicroXplorer:498 - Change Database Version : DB.6.0.80
2023-03-21 10:35:05,694 [WARN] ThirdParty:871 - waiting for thirdparty lock release [close project]
2023-03-21 10:35:05,833 [WARN] PackLoader:240 - Cannot read IP mode file for STMicroelectronics.X-CUBE-GNSS1.6.0.0
2023-03-21 10:35:05,871 [WARN] PackLoader:240 - Cannot read IP mode file for STMicroelectronics.X-CUBE-AZRTOS-F4.1.1.0
2023-03-21 10:35:05,894 [WARN] PackLoader:240 - Cannot read IP mode file for STMicroelectronics.X-CUBE-AZRTOS-F7.1.1.0
2023-03-21 10:35:05,902 [WARN] PackLoader:240 - Cannot read IP mode file for STMicroelectronics.X-CUBE-BLE1.6.2.4
2023-03-21 10:35:05,912 [WARN] PackLoader:240 - Cannot read IP mode file for STMicroelectronics.X-CUBE-DISPLAY.3.0.0
2023-03-21 10:35:05,924 [WARN] PackLoader:240 - Cannot read IP mode file for STMicroelectronics.X-CUBE-NFC7.1.0.0
2023-03-21 10:35:05,933 [WARN] PackLoader:240 - Cannot read IP mode file for STMicroelectronics.X-CUBE-EEPRMA1.4.1.0
2023-03-21 10:35:05,944 [WARN] PackLoader:240 - Cannot read IP mode file for STMicroelectronics.X-CUBE-SFXS2LP1.4.0.0
2023-03-21 10:35:05,953 [WARN] PackLoader:240 - Cannot read IP mode file for STMicroelectronics.X-CUBE-BLE2.3.3.0
2023-03-21 10:35:05,972 [WARN] PackLoader:240 - Cannot read IP mode file for STMicroelectronics.X-CUBE-TOF1.3.2.0
2023-03-21 10:35:06,019 [WARN] PackLoader:240 - Cannot read IP mode file for STMicroelectronics.X-CUBE-AZRTOS-H7.3.0.0
2023-03-21 10:35:06,027 [WARN] PackLoader:240 - Cannot read IP mode file for STMicroelectronics.X-CUBE-ISPU.1.1.0
2023-03-21 10:35:06,035 [WARN] PackLoader:240 - Cannot read IP mode file for RoweBots.I-CUBE-UNISONRTOS.5.5.0-4
2023-03-21 10:35:06,039 [WARN] PackLoader:240 - Cannot read IP mode file for STMicroelectronics.X-CUBE-AI.8.0.0
2023-03-21 10:35:06,041 [WARN] PackLoader:240 - Cannot read IP mode file for STMicroelectronics.X-CUBE-TOUCHGFX.4.21.1
2023-03-21 10:35:06,046 [WARN] PackLoader:240 - Cannot read IP mode file for STMicroelectronics.X-CUBE-ALGOBUILD.1.3.0
2023-03-21 10:35:06,061 [WARN] PackLoader:240 - Cannot read IP mode file for STMicroelectronics.X-CUBE-AZRTOS-L5.1.1.0
2023-03-21 10:35:06,077 [WARN] PackLoader:240 - Cannot read IP mode file for STMicroelectronics.X-CUBE-AZRTOS-G0.1.1.0
2023-03-21 10:35:06,088 [WARN] PackLoader:240 - Cannot read IP mode file for STMicroelectronics.X-CUBE-SUBG2.5.0.0
2023-03-21 10:35:06,097 [WARN] PackLoader:240 - Cannot read IP mode file for STMicroelectronics.X-CUBE-NFC4.3.0.0
2023-03-21 10:35:06,100 [WARN] PackLoader:240 - Cannot read IP mode file for STMicroelectronics.FP-ATR-ASTRA1.1.1.1
2023-03-21 10:35:06,111 [WARN] PackLoader:240 - Cannot read IP mode file for STMicroelectronics.X-CUBE-AZRTOS-G4.1.0.0
2023-03-21 10:35:06,115 [WARN] PackLoader:240 - Cannot read IP mode file for STMicroelectronics.FP-ATR-SIGFOX1.3.2.0
2023-03-21 10:35:06,130 [WARN] PackLoader:240 - Cannot read IP mode file for STMicroelectronics.X-CUBE-AZRTOS-L4.1.0.0
2023-03-21 10:35:06,147 [WARN] PackLoader:240 - Cannot read IP mode file for STMicroelectronics.X-CUBE-AZRTOS-WL.1.0.0
2023-03-21 10:35:06,153 [WARN] PackLoader:240 - Cannot read IP mode file for STMicroelectronics.X-CUBE-ALS.1.0.1
2023-03-21 10:35:06,211 [WARN] PackLoader:240 - Cannot read IP mode file for STMicroelectronics.X-CUBE-MEMS1.9.5.0
2023-03-21 10:35:06,432 [WARN] PackLoader:240 - Cannot read IP mode file for STMicroelectronics.X-CUBE-AZRTOS-WB.1.1.0
2023-03-21 10:35:06,435 [INFO] ThirdParty:978 - Integrity check success = true
2023-03-21 10:35:06,435 [INFO] IntegrityCheckThread:100 - exiting critical section [integrity check]
2023-03-21 10:35:06,435 [INFO] IntegrityCheckThread:103 - End integrity checks thread
2023-03-21 10:35:06,435 [INFO] ThirdParty:873 - entering critical section [close project]
2023-03-21 10:35:06,436 [INFO] ThirdParty:883 - exiting critical section [close project]
2023-03-21 10:35:06,440 [INFO] PinOutPanel:1499 - setPackage(No Configuration,No Configuration)
2023-03-21 10:35:06,446 [INFO] UtilMem:75 - Begin LoadConfig() Used Memory: 331258640 Bytes (556793856)
2023-03-21 10:35:06,447 [INFO] MicroXplorer:468 - Change Database Path : 
2023-03-21 10:35:06,448 [INFO] MicroXplorer:498 - Change Database Version : DB.6.0.80
2023-03-21 10:35:06,448 [INFO] OpenFileManager:308 - Change cursor
2023-03-21 10:35:06,480 [INFO] Mcu:1937 - Initializing MCU STM32WB55RGVx STM32WB55RGVx STM32WB55RGV6
2023-03-21 10:35:07,856 [INFO] Context:659 - Trying to add GPIOservice into a context  which must be forbidden
2023-03-21 10:35:08,645 [WARN] ModelIntegratedComponent:63 - No mode defined for component null
2023-03-21 10:35:08,645 [WARN] ModelIntegratedComponent:63 - No mode defined for component null
2023-03-21 10:35:08,645 [WARN] ModelIntegratedComponent:63 - No mode defined for component null
2023-03-21 10:35:08,645 [WARN] ModelIntegratedComponent:63 - No mode defined for component null
2023-03-21 10:35:08,645 [WARN] ModelIntegratedComponent:63 - No mode defined for component null
2023-03-21 10:35:08,645 [WARN] ModelIntegratedComponent:63 - No mode defined for component null
2023-03-21 10:35:08,645 [WARN] ModelIntegratedComponent:63 - No mode defined for component null
2023-03-21 10:35:08,645 [WARN] ModelIntegratedComponent:63 - No mode defined for component null
2023-03-21 10:35:08,645 [WARN] ModelIntegratedComponent:63 - No mode defined for component null
2023-03-21 10:35:08,645 [WARN] ModelIntegratedComponent:63 - No mode defined for component null
2023-03-21 10:35:08,646 [WARN] ModelIntegratedComponent:63 - No mode defined for component null
2023-03-21 10:35:08,646 [WARN] ModelIntegratedComponent:63 - No mode defined for component null
2023-03-21 10:35:08,646 [WARN] ModelIntegratedComponent:63 - No mode defined for component null
2023-03-21 10:35:08,646 [WARN] ModelIntegratedComponent:63 - No mode defined for component null
2023-03-21 10:35:08,646 [WARN] ModelIntegratedComponent:63 - No mode defined for component null
2023-03-21 10:35:08,646 [WARN] ModelIntegratedComponent:63 - No mode defined for component null
2023-03-21 10:35:08,646 [WARN] ModelIntegratedComponent:63 - No mode defined for component null
2023-03-21 10:35:08,646 [WARN] ModelIntegratedComponent:63 - No mode defined for component null
2023-03-21 10:35:08,646 [WARN] ModelIntegratedComponent:63 - No mode defined for component null
2023-03-21 10:35:08,646 [WARN] ModelIntegratedComponent:63 - No mode defined for component null
2023-03-21 10:35:08,646 [WARN] ModelIntegratedComponent:63 - No mode defined for component null
2023-03-21 10:35:08,646 [WARN] ModelIntegratedComponent:63 - No mode defined for component null
2023-03-21 10:35:08,646 [WARN] ModelIntegratedComponent:63 - No mode defined for component null
2023-03-21 10:35:08,646 [WARN] ModelIntegratedComponent:63 - No mode defined for component null
2023-03-21 10:35:08,647 [WARN] ModelIntegratedComponent:63 - No mode defined for component null
2023-03-21 10:35:08,647 [WARN] ModelIntegratedComponent:63 - No mode defined for component null
2023-03-21 10:35:08,647 [WARN] ModelIntegratedComponent:63 - No mode defined for component null
2023-03-21 10:35:08,647 [WARN] ModelIntegratedComponent:63 - No mode defined for component null
2023-03-21 10:35:08,647 [WARN] ModelIntegratedComponent:63 - No mode defined for component null
2023-03-21 10:35:08,647 [WARN] ModelIntegratedComponent:63 - No mode defined for component null
2023-03-21 10:35:08,647 [WARN] ModelIntegratedComponent:63 - No mode defined for component null
2023-03-21 10:35:08,647 [WARN] ModelIntegratedComponent:63 - No mode defined for component null
2023-03-21 10:35:08,647 [WARN] ModelIntegratedComponent:63 - No mode defined for component null
2023-03-21 10:35:08,774 [INFO] RtosManager:555 - Registered RTOS mode: class=CMSIS, group=RTOS, mode=CMSIS_V1, owner=FREERTOS
2023-03-21 10:35:08,774 [INFO] RtosManager:555 - Registered RTOS mode: class=CMSIS, group=RTOS2, mode=CMSIS_V2, owner=FREERTOS
2023-03-21 10:35:08,774 [INFO] RtosManager:555 - Registered RTOS mode: class=RTOS, group=Core, mode=CMSIS_V1, owner=FREERTOS
2023-03-21 10:35:08,774 [INFO] RtosManager:555 - Registered RTOS mode: class=RTOS, group=Core, mode=CMSIS_V2, owner=FREERTOS
2023-03-21 10:35:08,774 [WARN] ModelIntegratedComponent:184 - Missing modes for component STMicroelectronics:FreeRTOS:0.0.1:STMicroelectronics:RTOS:FreeRTOS:Core:::10.2.0:
2023-03-21 10:35:08,791 [INFO] ThirdPartyModel:298 - Start build external matchings
2023-03-21 10:35:08,977 [INFO] ThirdPartyModel:316 - End build external matchings
2023-03-21 10:35:08,995 [INFO] ImportTextPane:194 - (OptionalMessage_ERROR) IP (RCC) : Invalid parameter (FamilyName)
2023-03-21 10:35:08,997 [INFO] ImportTextPane:194 - (OptionalMessage_ERROR) IP (RCC) : Invalid parameter (SMPSCLockSelectionVirtualVirtual)
2023-03-21 10:35:09,187 [INFO] UtilMem:75 - End LoadConfig() Used Memory: 192733880 Bytes (556793856)
2023-03-21 10:35:09,338 [INFO] ApiDb:581 - Connected to CubeFinder SQLite database (/home/felix/.stmcufinder/plugins/mcufinder/mcu/cube-finder-db.db)
2023-03-21 10:35:09,400 [INFO] ApiDb:668 - CubeFinder database Data Model version=2.1
2023-03-21 10:35:09,401 [INFO] ApiDb:669 - CubeFinder database Configuration version=3.0.35
2023-03-21 10:35:09,401 [INFO] ApiDb:670 - CubeFinder database generation date=2023-02-21 (1676964986)
2023-03-21 10:35:09,402 [INFO] ApiDb:671 - CubeFinder database FW Pack versions=[FP-ATR-ASTRA1_V1.1.1, STM32Cube_FW_C0_V1.0.1, STM32Cube_FW_F0_V1.11.4, STM32Cube_FW_F3_V1.11.4, STM32Cube_FW_F4_V1.27.1, STM32Cube_FW_F7_V1.17.0, STM32Cube_FW_G0_V1.6.1, STM32Cube_FW_G4_V1.5.1, STM32Cube_FW_H5_V0.5.1, STM32Cube_FW_H5_V1.0.0, STM32Cube_FW_H7_V1.11.0, STM32Cube_FW_L0_V1.12.2, STM32Cube_FW_L5_V1.5.0, STM32Cube_FW_U5_V1.2.0, STM32Cube_FW_WBA_V1.0.0, STM32Cube_FW_WBA_V1.0.0RC1, STM32Cube_FW_WBA_V1.0.0RC3, STM32Cube_FW_WB_V1.15.0RC1, STM32Cube_FW_WB_V1.16.0, STM32Cube_FW_WB_V1.16.0RC2, STM32Cube_FW_WL_V1.3.0, X-CUBE-ALGOBUILD_V1.3.0, X-CUBE-ALS_V1.0.1, X-CUBE-AZRTOS-F4_V1.1.0, X-CUBE-AZRTOS-F7_V1.1.0, X-CUBE-AZRTOS-G0_V1.1.0, X-CUBE-AZRTOS-G4_V1.0.0, X-CUBE-AZRTOS-H7_V3.0.0, X-CUBE-AZRTOS-L4_V1.0.0, X-CUBE-AZRTOS-L5_V1.1.0, X-CUBE-AZRTOS-WB_V1.1.0, X-CUBE-AZRTOS-WL_V1.0.0, X-CUBE-BLE1_V6.2.4, X-CUBE-BLE2_V3.3.0, X-CUBE-BLEMGR_V1.3.0, X-CUBE-EEPRMA1_V4.1.0, X-CUBE-GNSS1_V6.0.0, X-CUBE-MEMS1_V9.1.0, X-CUBE-MEMS1_V9.4.0, X-CUBE-MEMS1_V9.5.0, X-CUBE-NFC4_V3.0.0, X-CUBE-NFC7_V1.0.0, X-CUBE-SFXS2LP1_V4.0.0, X-CUBE-SUBG2_V5.0.0]
2023-03-21 10:35:11,123 [INFO] ApiDb:240 - Found 297 in-development CPN: [B-G473E-ZEST1S, B-WB1M-WPAN1, B-WL5M-SUBG1, NUCLEO-C031C6, NUCLEO-H503RB, NUCLEO-H563ZI, NUCLEO-U545RE-Q, NUCLEO-U5A5ZJ-Q, NUCLEO-WBA52CG, STEVAL-PROTEUS1, STEVAL-STWINBX1, STM320518-EVAL, STM32C0116-DK, STM32C011D6Y3TR, STM32C011D6Y6TR, STM32C011F4P3, STM32C011F4P6, STM32C011F4U3, STM32C011F4U6TR, STM32C011F6P3, STM32C011F6P6, STM32C011F6U3, STM32C011F6U6TR, STM32C011J4M3, STM32C011J4M6, STM32C011J6M3, STM32C011J6M6, STM32C0316-DK, STM32C031C4T3, STM32C031C4T6, STM32C031C4U3, STM32C031C4U6, STM32C031C6T3, STM32C031C6T6, STM32C031C6U3, STM32C031C6U6, STM32C031F4P3, STM32C031F4P6, STM32C031F6P3, STM32C031F6P6, STM32C031G4U3, STM32C031G4U6, STM32C031G6U3, STM32C031G6U6, STM32C031K4T3, STM32C031K4T6, STM32C031K4U3, STM32C031K4U6, STM32C031K6T3, STM32C031K6T6, STM32C031K6U3, STM32C031K6U6, STM32G071K8TXN, STM32G071K8UXN, STM32G081GBU6N, STM32G081KBT6N, STM32G081KBUXN, STM32G0B1CCT6N, STM32G0B1KCT6, STM32G0B1NEY6TR, STM32G0B1RCT6N, STM32G0C1CCT6, STM32G0C1CCT6N, STM32G0C1CCU6N, STM32G0C1CET6N, STM32G0C1CEU6N, STM32G0C1KCT6, STM32G0C1NEY6TR, STM32G0C1RCI6N, STM32G0C1RCT6N, STM32G0C1REI6N, STM32G0C1RET6N, STM32G0C1VCI6, STM32G0C1VEI6, STM32G471CCT6, STM32G471CCU6, STM32G471CET3, STM32G471CET6, STM32G471CEU3, STM32G471CEU6, STM32G471MCT6, STM32G471MET3, STM32G471MET6, STM32G471MEY6TR, STM32G471QCT6, STM32G471QET3, STM32G471RCT6, STM32G471RET3, STM32G471RET6, STM32G471VCH6, STM32G471VCI6, STM32G471VCT6, STM32G471VEH3, STM32G471VEH6, STM32G471VEI3, STM32G471VEI6, STM32G471VET3, STM32G471VET6, STM32G474CCT6, STM32H503CBT6, STM32H503CBU6, STM32H503EBY6TR, STM32H503KBU6, STM32H503RBT6, STM32H562AGI6, STM32H562AII6, STM32H562IGK6, STM32H562IGT6, STM32H562IIK6, STM32H562IIT6, STM32H562RGT6, STM32H562RGV6, STM32H562RIT6, STM32H562RIV6, STM32H562VGT6, STM32H562VIT6, STM32H562ZGT6, STM32H562ZIT6, STM32H563AGI6, STM32H563AII3Q, STM32H563AII6, STM32H563IGK6, STM32H563IGT6, STM32H563IIK3Q, STM32H563IIK6, STM32H563IIT3Q, STM32H563IIT6, STM32H563MIY3QTR, STM32H563RGT6, STM32H563RGV6, STM32H563RIT6, STM32H563RIV6, STM32H563VGT6, STM32H563VIT3Q, STM32H563VIT6, STM32H563ZGT6, STM32H563ZIT3Q, STM32H563ZIT6, STM32H573AII3Q, STM32H573AII6, STM32H573I-DK, STM32H573IIK3Q, STM32H573IIK6, STM32H573IIT3Q, STM32H573IIT6, STM32H573MIY3QTR, STM32H573RIT6, STM32H573RIV6, STM32H573VIT3Q, STM32H573VIT6, STM32H573ZIT3Q, STM32H573ZIT6, STM32L4R5QGI6STR, STM32MP131AAE3, STM32MP131AAF3, STM32MP131AAG3, STM32MP131CAE3, STM32MP131CAF3, STM32MP131CAG3, STM32MP131DAE7, STM32MP131DAF7, STM32MP131DAG7, STM32MP131FAE7, STM32MP131FAF7, STM32MP131FAG7, STM32MP133AAE3, STM32MP133AAF3, STM32MP133AAG3, STM32MP133CAE3, STM32MP133CAF3, STM32MP133CAG3, STM32MP133DAE7, STM32MP133DAF7, STM32MP133DAG7, STM32MP133FAE7, STM32MP133FAF7, STM32MP133FAG7, STM32MP135AAE3, STM32MP135AAF3, STM32MP135AAG3, STM32MP135CAE3, STM32MP135CAF3, STM32MP135CAG3, STM32MP135DAE7, STM32MP135DAF7, STM32MP135DAG7, STM32MP135F-DK, STM32MP135FAE7, STM32MP135FAF7, STM32MP135FAF7T, STM32MP135FAF7U, STM32MP135FAG7, STM32U535CBT6, STM32U535CBT6Q, STM32U535CBU6, STM32U535CBU6Q, STM32U535CCT6, STM32U535CCT6Q, STM32U535CCU6, STM32U535CCU6Q, STM32U535CET6, STM32U535CET6Q, STM32U535CEU6, STM32U535CEU6Q, STM32U535JEY6QTR, STM32U535NCY6QTR, STM32U535NEY6QTR, STM32U535RBI6, STM32U535RBI6Q, STM32U535RBT6, STM32U535RBT6Q, STM32U535RCI6, STM32U535RCI6Q, STM32U535RCT6, STM32U535RCT6Q, STM32U535REI6, STM32U535REI6Q, STM32U535RET6, STM32U535RET6Q, STM32U535VCI6, STM32U535VCI6Q, STM32U535VCT6, STM32U535VCT6Q, STM32U535VEI6, STM32U535VEI6Q, STM32U535VET6, STM32U535VET6Q, STM32U545CET6, STM32U545CET6Q, STM32U545CEU6, STM32U545CEU6Q, STM32U545JEY6QTR, STM32U545NEY6QTR, STM32U545REI6, STM32U545REI6Q, STM32U545RET6, STM32U545RET6Q, STM32U545VEI6, STM32U545VEI6Q, STM32U545VET6, STM32U545VET6Q, STM32U595AIH6, STM32U595AIH6Q, STM32U595AJH6, STM32U595AJH6Q, STM32U595QII6, STM32U595QII6Q, STM32U595QJI6, STM32U595QJI6Q, STM32U595RIT6, STM32U595RIT6Q, STM32U595RJT6, STM32U595RJT6Q, STM32U595VIT6, STM32U595VIT6Q, STM32U595VJT6, STM32U595VJT6Q, STM32U595ZIT6, STM32U595ZIT6Q, STM32U595ZIY6QTR, STM32U595ZJT6, STM32U595ZJT6Q, STM32U595ZJY6QTR, STM32U599BJY6QTR, STM32U599NIH6Q, STM32U599NJH6Q, STM32U599VIT6Q, STM32U599VJT6, STM32U599VJT6Q, STM32U599ZIT6Q, STM32U599ZIY6QTR, STM32U599ZJT6Q, STM32U599ZJY6QTR, STM32U5A5AJH6, STM32U5A5AJH6Q, STM32U5A5QJI6, STM32U5A5QJI6Q, STM32U5A5RJT6, STM32U5A5RJT6Q, STM32U5A5VJT6, STM32U5A5VJT6Q, STM32U5A5ZJT6, STM32U5A5ZJT6Q, STM32U5A5ZJY6QTR, STM32U5A9BJY6QTR, STM32U5A9J-DK, STM32U5A9NJH6Q, STM32U5A9VJT6Q, STM32U5A9ZJT6Q, STM32U5A9ZJY6QTR, STM32WB1MMCH6, STM32WBA52CEU6, STM32WBA52CEU6T, STM32WBA52CGU6, STM32WBA52CGU6T, STM32WL5MOCH6, STM32WL5MOCH6TR]
2023-03-21 10:35:11,126 [INFO] DbMcus:216 - Found 3772 MCUs, 3772 are supported
2023-03-21 10:35:11,128 [INFO] ApiDb:423 - Load user favorites file /home/felix/.stm32cubeide/favorites.mcus.txt: 0 item(s)
2023-03-21 10:35:11,128 [INFO] ApiDb:427 - User favorites MCUs=[]
2023-03-21 10:35:11,128 [INFO] DbMcus:222 - Set 0 / 0 favorites MCUs
2023-03-21 10:35:11,502 [WARN] ThirdParty:833 - waiting for thirdparty lock release [change project]
2023-03-21 10:35:11,502 [INFO] ThirdParty:835 - entering critical section [change project]
2023-03-21 10:35:11,502 [INFO] ThirdParty:1030 - CMSIS Pack Vendor :STMicroelectronics X-CUBE-ISPU 1.1.0
2023-03-21 10:35:11,502 [INFO] ThirdParty:1030 - CMSIS Pack Vendor :STMicroelectronics X-CUBE-DISPLAY 3.0.0
2023-03-21 10:35:11,502 [INFO] ThirdParty:1030 - CMSIS Pack Vendor :RoweBots I-CUBE-UNISONRTOS 5.5.0-4
2023-03-21 10:35:11,502 [INFO] ThirdParty:1030 - CMSIS Pack Vendor :STMicroelectronics X-CUBE-GNSS1 6.0.0
2023-03-21 10:35:11,502 [INFO] ThirdParty:1030 - CMSIS Pack Vendor :STMicroelectronics USB_HOST 2.0.0
2023-03-21 10:35:11,502 [INFO] ThirdParty:1030 - CMSIS Pack Vendor :STMicroelectronics X-CUBE-AZRTOS-F4 1.1.0
2023-03-21 10:35:11,502 [INFO] ThirdParty:1030 - CMSIS Pack Vendor :STMicroelectronics LIBJPEG 8.0.0
2023-03-21 10:35:11,502 [INFO] ThirdParty:1030 - CMSIS Pack Vendor :STMicroelectronics X-CUBE-AZRTOS-G4 1.0.0
2023-03-21 10:35:11,502 [INFO] ThirdParty:1030 - CMSIS Pack Vendor :STMicroelectronics FP-ATR-SIGFOX1 3.2.0
2023-03-21 10:35:11,502 [INFO] ThirdParty:1030 - CMSIS Pack Vendor :STMicroelectronics X-CUBE-AZRTOS-L4 1.0.0
2023-03-21 10:35:11,502 [INFO] ThirdParty:1030 - CMSIS Pack Vendor :STMicroelectronics USB_DEVICE 3.0.0
2023-03-21 10:35:11,502 [INFO] ThirdParty:1030 - CMSIS Pack Vendor :STMicroelectronics HAL Drivers 0.0.0
2023-03-21 10:35:11,502 [INFO] ThirdParty:1030 - CMSIS Pack Vendor :STMicroelectronics MBEDTLS 2.16.2
2023-03-21 10:35:11,503 [INFO] ThirdParty:1030 - CMSIS Pack Vendor :STMicroelectronics X-CUBE-AI 8.0.0
2023-03-21 10:35:11,503 [INFO] ThirdParty:1030 - CMSIS Pack Vendor :STMicroelectronics X-CUBE-TOUCHGFX 4.21.1
2023-03-21 10:35:11,503 [INFO] ThirdParty:1030 - CMSIS Pack Vendor :STMicroelectronics MBEDTLS 2.14.1
2023-03-21 10:35:11,503 [INFO] ThirdParty:1030 - CMSIS Pack Vendor :STMicroelectronics X-CUBE-NFC7 1.0.0
2023-03-21 10:35:11,503 [INFO] ThirdParty:1030 - CMSIS Pack Vendor :STMicroelectronics X-CUBE-AZRTOS-WL 1.0.0
2023-03-21 10:35:11,503 [INFO] ThirdParty:1030 - CMSIS Pack Vendor :STMicroelectronics X-CUBE-AZRTOS-F7 1.1.0
2023-03-21 10:35:11,503 [INFO] ThirdParty:1030 - CMSIS Pack Vendor :STMicroelectronics X-CUBE-EEPRMA1 4.1.0
2023-03-21 10:35:11,503 [INFO] ThirdParty:1030 - CMSIS Pack Vendor :STMicroelectronics X-CUBE-ALS 1.0.1
2023-03-21 10:35:11,503 [INFO] ThirdParty:1030 - CMSIS Pack Vendor :STMicroelectronics USB_DEVICE 2.0.0
2023-03-21 10:35:11,503 [INFO] ThirdParty:1030 - CMSIS Pack Vendor :STMicroelectronics X-CUBE-MEMS1 9.5.0
2023-03-21 10:35:11,503 [INFO] ThirdParty:1030 - CMSIS Pack Vendor :STMicroelectronics ThreadX 1.0.0
2023-03-21 10:35:11,503 [INFO] ThirdParty:1030 - CMSIS Pack Vendor :STMicroelectronics X-CUBE-AZRTOS-WB 1.1.0
2023-03-21 10:35:11,503 [INFO] ThirdParty:1030 - CMSIS Pack Vendor :STMicroelectronics X-CUBE-ALGOBUILD 1.3.0
2023-03-21 10:35:11,503 [INFO] ThirdParty:1030 - CMSIS Pack Vendor :STMicroelectronics X-CUBE-BLE1 6.2.4
2023-03-21 10:35:11,503 [INFO] ThirdParty:1030 - CMSIS Pack Vendor :STMicroelectronics X-CUBE-AZRTOS-L5 1.1.0
2023-03-21 10:35:11,503 [INFO] ThirdParty:1030 - CMSIS Pack Vendor :STMicroelectronics FreeRTOS 0.0.1
2023-03-21 10:35:11,503 [INFO] ThirdParty:1030 - CMSIS Pack Vendor :STMicroelectronics X-CUBE-AZRTOS-G0 1.1.0
2023-03-21 10:35:11,503 [INFO] ThirdParty:1030 - CMSIS Pack Vendor :STMicroelectronics USB_DEVICE 1.0.0
2023-03-21 10:35:11,503 [INFO] ThirdParty:1030 - CMSIS Pack Vendor :STMicroelectronics X-CUBE-SUBG2 5.0.0
2023-03-21 10:35:11,503 [INFO] ThirdParty:1030 - CMSIS Pack Vendor :STMicroelectronics X-CUBE-NFC4 3.0.0
2023-03-21 10:35:11,503 [INFO] ThirdParty:1030 - CMSIS Pack Vendor :STMicroelectronics STM32_WPAN 1.0.0
2023-03-21 10:35:11,503 [INFO] ThirdParty:1030 - CMSIS Pack Vendor :STMicroelectronics ThreadX 0.0.2
2023-03-21 10:35:11,503 [INFO] ThirdParty:1030 - CMSIS Pack Vendor :STMicroelectronics lwIP 2.1.2
2023-03-21 10:35:11,503 [INFO] ThirdParty:1030 - CMSIS Pack Vendor :STMicroelectronics lwIP 2.0.3
2023-03-21 10:35:11,504 [INFO] ThirdParty:1030 - CMSIS Pack Vendor :STMicroelectronics X-CUBE-SFXS2LP1 4.0.0
2023-03-21 10:35:11,504 [INFO] ThirdParty:1030 - CMSIS Pack Vendor :STMicroelectronics X-CUBE-BLE2 3.3.0
2023-03-21 10:35:11,504 [INFO] ThirdParty:1030 - CMSIS Pack Vendor :STMicroelectronics USB_HOST 1.0.0
2023-03-21 10:35:11,504 [INFO] ThirdParty:1030 - CMSIS Pack Vendor :STMicroelectronics X-CUBE-TOF1 3.2.0
2023-03-21 10:35:11,504 [INFO] ThirdParty:1030 - CMSIS Pack Vendor :STMicroelectronics PDM2PCM 3.1.0
2023-03-21 10:35:11,504 [INFO] ThirdParty:1030 - CMSIS Pack Vendor :STMicroelectronics FP-ATR-ASTRA1 1.1.1
2023-03-21 10:35:11,504 [INFO] ThirdParty:1030 - CMSIS Pack Vendor :STMicroelectronics PDM2PCM 3.2.0
2023-03-21 10:35:11,504 [INFO] ThirdParty:1030 - CMSIS Pack Vendor :STMicroelectronics X-CUBE-AZRTOS-H7 3.0.0
2023-03-21 10:35:11,504 [INFO] ThirdParty:1030 - CMSIS Pack Vendor :STMicroelectronics PDM2PCM 3.3.0
2023-03-21 10:35:11,504 [INFO] ThirdParty:841 - exiting critical section [change project]
2023-03-21 10:35:11,872 [INFO] PinOutPanel:1499 - setPackage(No Configuration,No Configuration)
2023-03-21 10:35:11,873 [INFO] PinOutPanel:1499 - setPackage(STM32WB55RGVx,VFQFPN68)
2023-03-21 10:35:12,656 [INFO] UtilMem:75 - Before build in PCC Used Memory: 306882088 Bytes (556793856)
2023-03-21 10:35:13,802 [INFO] UtilMem:75 - After build in PCC Used Memory: 254797824 Bytes (556793856)
2023-03-21 10:35:13,835 [INFO] IPUIPlugin:80 - create IPUIPlugin
2023-03-21 10:35:13,835 [INFO] IPUIPlugin:80 - create IPUIPlugin
2023-03-21 10:35:13,836 [INFO] IPUIPlugin:80 - create IPUIPlugin
2023-03-21 10:35:13,836 [INFO] IPUIPlugin:80 - create IPUIPlugin
2023-03-21 10:35:13,836 [INFO] IPUIPlugin:80 - create IPUIPlugin
2023-03-21 10:35:13,836 [INFO] IPUIPlugin:80 - create IPUIPlugin
2023-03-21 10:35:13,836 [INFO] IPUIPlugin:80 - create IPUIPlugin
2023-03-21 10:35:13,837 [INFO] IPUIPlugin:80 - create IPUIPlugin
2023-03-21 10:35:13,837 [INFO] IPUIPlugin:80 - create IPUIPlugin
2023-03-21 10:35:13,837 [INFO] IPUIPlugin:80 - create IPUIPlugin
2023-03-21 10:35:13,837 [INFO] IPUIPlugin:80 - create IPUIPlugin
2023-03-21 10:35:13,838 [INFO] IPUIPlugin:80 - create IPUIPlugin
2023-03-21 10:35:13,838 [INFO] IPUIPlugin:80 - create IPUIPlugin
2023-03-21 10:35:13,838 [INFO] IPUIPlugin:80 - create IPUIPlugin
2023-03-21 10:35:13,839 [INFO] IPUIPlugin:80 - create IPUIPlugin
2023-03-21 10:35:13,839 [INFO] IPUIPlugin:80 - create IPUIPlugin
2023-03-21 10:35:13,839 [INFO] IPUIPlugin:80 - create IPUIPlugin
2023-03-21 10:35:13,840 [INFO] IPUIPlugin:80 - create IPUIPlugin
2023-03-21 10:35:13,840 [INFO] IPUIPlugin:80 - create IPUIPlugin
2023-03-21 10:35:13,840 [INFO] IPUIPlugin:80 - create IPUIPlugin
2023-03-21 10:35:13,840 [INFO] IPUIPlugin:80 - create IPUIPlugin
2023-03-21 10:35:13,841 [INFO] IPUIPlugin:80 - create IPUIPlugin
2023-03-21 10:35:13,841 [INFO] IPUIPlugin:80 - create IPUIPlugin
2023-03-21 10:35:13,842 [INFO] IPUIPlugin:80 - create IPUIPlugin
2023-03-21 10:35:13,842 [INFO] IPUIPlugin:80 - create IPUIPlugin
2023-03-21 10:35:13,843 [INFO] IPUIPlugin:80 - create IPUIPlugin
2023-03-21 10:35:13,843 [INFO] IPUIPlugin:80 - create IPUIPlugin
2023-03-21 10:35:13,843 [INFO] IPUIPlugin:80 - create IPUIPlugin
2023-03-21 10:35:13,844 [INFO] IPUIPlugin:80 - create IPUIPlugin
2023-03-21 10:35:13,844 [INFO] IPUIPlugin:80 - create IPUIPlugin
2023-03-21 10:35:13,844 [INFO] IPUIPlugin:80 - create IPUIPlugin
2023-03-21 10:35:13,845 [INFO] IPUIPlugin:80 - create IPUIPlugin
2023-03-21 10:35:13,846 [INFO] IPUIPlugin:80 - create IPUIPlugin
2023-03-21 10:35:13,846 [INFO] IPUIPlugin:80 - create IPUIPlugin
2023-03-21 10:35:13,847 [INFO] IPUIPlugin:80 - create IPUIPlugin
2023-03-21 10:35:13,847 [INFO] IPUIPlugin:80 - create IPUIPlugin
2023-03-21 10:35:13,847 [INFO] IPUIPlugin:80 - create IPUIPlugin
2023-03-21 10:35:13,848 [INFO] IPUIPlugin:80 - create IPUIPlugin
2023-03-21 10:35:13,848 [INFO] IPUIPlugin:80 - create IPUIPlugin
2023-03-21 10:35:13,849 [INFO] IPUIPlugin:80 - create IPUIPlugin
2023-03-21 10:35:13,849 [INFO] IPUIPlugin:80 - create IPUIPlugin
2023-03-21 10:35:13,849 [INFO] IPUIPlugin:80 - create IPUIPlugin
2023-03-21 10:35:13,850 [INFO] IPUIPlugin:80 - create IPUIPlugin
2023-03-21 10:35:13,851 [INFO] IPUIPlugin:80 - create IPUIPlugin
2023-03-21 10:35:14,065 [INFO] CADModel:165 - CPN selected for project levelSTM32WB55RGV6
2023-03-21 10:35:14,065 [INFO] CADModel:114 - Register for checkConnection events
2023-03-21 10:35:14,105 [INFO] OpenFileManager:328 - Restore cursor
