<<<<<<< Updated upstream
15:06:18 **** Incremental Build of configuration Debug for project Bachelor-thesis ****
make -j8 all 
arm-none-eabi-gcc "../Core/Src/main.c" -mcpu=cortex-m4 -std=gnu11 -g3 -DDEBUG -DUSE_HAL_DRIVER -DSTM32WB55xx -c -I../Core/Inc -I../Drivers/STM32WBxx_HAL_Driver/Inc -I../Drivers/STM32WBxx_HAL_Driver/Inc/Legacy -I../Drivers/CMSIS/Device/ST/STM32WBxx/Include -I../Drivers/CMSIS/Include -O0 -ffunction-sections -fdata-sections -Wall -fstack-usage -fcyclomatic-complexity -MMD -MP -MF"Core/Src/main.d" -MT"Core/Src/main.o" --specs=nano.specs -mfpu=fpv4-sp-d16 -mfloat-abi=hard -mthumb -o "Core/Src/main.o"
../Core/Src/main.c: In function 'main':
../Core/Src/main.c:129:5: warning: implicit declaration of function 'blink_led' [-Wimplicit-function-declaration]
  129 |     blink_led();
      |     ^~~~~~~~~
../Core/Src/main.c: At top level:
../Core/Src/main.c:402:6: warning: conflicting types for 'blink_led'
  402 | void blink_led()
      |      ^~~~~~~~~
../Core/Src/main.c:129:5: note: previous implicit declaration of 'blink_led' was here
  129 |     blink_led();
      |     ^~~~~~~~~
arm-none-eabi-gcc -o "Bachelor-thesis.elf" @"objects.list"   -mcpu=cortex-m4 -T"/home/felix/ResponseTime_PowerConsumption/c/Bachelor-thesis/STM32WB55RGVX_FLASH.ld" --specs=nosys.specs -Wl,-Map="Bachelor-thesis.map" -Wl,--gc-sections -static --specs=nano.specs -mfpu=fpv4-sp-d16 -mfloat-abi=hard -mthumb -Wl,--start-group -lc -lm -Wl,--end-group
Finished building target: Bachelor-thesis.elf
 
=======
13:49:24 **** Incremental Build of configuration Debug for project Bachelor-thesis ****
make -j8 all 
>>>>>>> Stashed changes
arm-none-eabi-size   Bachelor-thesis.elf 
   text	   data	    bss	    dec	    hex	filename
<<<<<<< Updated upstream
  24136	    120	   1728	  25984	   6580	Bachelor-thesis.elf
=======
  34432	    484	   1804	  36720	   8f70	Bachelor-thesis.elf
>>>>>>> Stashed changes
Finished building: default.size.stdout
 

<<<<<<< Updated upstream
15:06:19 Build Finished. 0 errors, 2 warnings. (took 521ms)
=======
13:49:24 Build Finished. 0 errors, 0 warnings. (took 236ms)
>>>>>>> Stashed changes

