2023-03-29 13:42:34,377 [INFO] Activator:176 - 


2023-03-29 13:42:34,385 [INFO] Activator:177 - !SESSION log4j initialized
2023-03-29 13:42:39,561 [INFO] LogOutputStream:77 - [STDOUT_REDIRECT] 
2023-03-29 13:43:00,554 [ERROR] LogOutputStream:75 - [STDERR_REDIRECT] SLF4J: Failed to load class "org.slf4j.impl.StaticLoggerBinder".
2023-03-29 13:43:00,555 [ERROR] LogOutputStream:75 - [STDERR_REDIRECT] SLF4J: Defaulting to no-operation (NOP) logger implementation
2023-03-29 13:43:00,555 [ERROR] LogOutputStream:75 - [STDERR_REDIRECT] SLF4J: See http://www.slf4j.org/codes.html#StaticLoggerBinder for further details.
2023-03-29 13:46:02,071 [INFO] ApplicationProperties:184 - Using Application install path: /opt/st/stm32cubeide_1.12.0/plugins/com.st.stm32cube.common.mx_6.8.0.202302231600
2023-03-29 13:46:02,093 [INFO] DbMcusXml:78 - Set database path to: /opt/st/stm32cubeide_1.12.0/plugins/com.st.stm32cube.common.mx_6.8.0.202302231600//db//mcu/
2023-03-29 13:46:02,093 [INFO] ApiDb:274 - Set plugin database path to: /opt/st/stm32cubeide_1.12.0/plugins/com.st.stm32cube.common.mx_6.8.0.202302231600//db//plugins/boardmanager/
2023-03-29 13:46:02,096 [WARN] ApiDb:259 - Overriding images path with different value:  => /opt/st/stm32cubeide_1.12.0/plugins/com.st.stm32cube.common.mx_6.8.0.202302231600//db//plugins/mcufinder/images/
2023-03-29 13:46:02,126 [INFO] ApiDb:250 - Set database path to: /home/albin/.stmcufinder/plugins/mcufinder//mcu/
2023-03-29 13:46:02,128 [INFO] DbMcusAds:125 - Set database path to: /home/albin/.stmcufinder/plugins/mcufinder//mcu/
2023-03-29 13:46:02,173 [INFO] CrossReferenceDbSqlite:203 - Set database path to: /home/albin/.stmcufinder/plugins/mcufinder//mcu/cs/
2023-03-29 13:46:02,272 [INFO] RulesReader:64 - Compatibility file has been processed (293 Rules)
2023-03-29 13:46:02,335 [INFO] DbMcusXml:78 - Set database path to: /opt/st/stm32cubeide_1.12.0/plugins/com.st.stm32cube.common.mx_6.8.0.202302231600//db//mcu/
2023-03-29 13:46:02,335 [INFO] ApiDb:274 - Set plugin database path to: /opt/st/stm32cubeide_1.12.0/plugins/com.st.stm32cube.common.mx_6.8.0.202302231600//db//plugins/boardmanager/
2023-03-29 13:46:02,336 [INFO] ApiDb:261 - Set plugin images path to: /opt/st/stm32cubeide_1.12.0/plugins/com.st.stm32cube.common.mx_6.8.0.202302231600//db//plugins/mcufinder/images/
2023-03-29 13:46:02,336 [WARN] DbFile:41 - Overriding database path with different value: /home/albin/.stmcufinder/plugins/mcufinder/ => /home/albin/.stmcufinder/plugins/mcufinder
2023-03-29 13:46:02,336 [INFO] ApiDb:250 - Set database path to: /home/albin/.stmcufinder/plugins/mcufinder//mcu/
2023-03-29 13:46:02,336 [WARN] DbFile:41 - Overriding database path with different value: /home/albin/.stmcufinder/plugins/mcufinder/ => /home/albin/.stmcufinder/plugins/mcufinder
2023-03-29 13:46:02,336 [INFO] DbMcusAds:125 - Set database path to: /home/albin/.stmcufinder/plugins/mcufinder//mcu/
2023-03-29 13:46:02,336 [WARN] DbFile:41 - Overriding database path with different value: /home/albin/.stmcufinder/plugins/mcufinder/ => /home/albin/.stmcufinder/plugins/mcufinder
2023-03-29 13:46:02,337 [WARN] DbFile:41 - Overriding database path with different value: /home/albin/.stmcufinder/plugins/mcufinder/ => /home/albin/.stmcufinder/plugins/mcufinder
2023-03-29 13:46:02,337 [INFO] CrossReferenceDbSqlite:203 - Set database path to: /home/albin/.stmcufinder/plugins/mcufinder//mcu/cs/
2023-03-29 13:46:02,419 [INFO] MainPanel:253 - HeapMemory: 513802240
2023-03-29 13:46:02,537 [INFO] DbMcusXml:78 - Set database path to: /opt/st/stm32cubeide_1.12.0/plugins/com.st.stm32cube.common.mx_6.8.0.202302231600//db//mcu/
2023-03-29 13:46:02,538 [INFO] ApiDb:274 - Set plugin database path to: /opt/st/stm32cubeide_1.12.0/plugins/com.st.stm32cube.common.mx_6.8.0.202302231600//db//plugins/boardmanager/
2023-03-29 13:46:02,538 [INFO] ApiDb:261 - Set plugin images path to: /opt/st/stm32cubeide_1.12.0/plugins/com.st.stm32cube.common.mx_6.8.0.202302231600//db//plugins/mcufinder/images/
2023-03-29 13:46:02,538 [WARN] DbFile:41 - Overriding database path with different value: /home/albin/.stmcufinder/plugins/mcufinder/ => /home/albin/.stmcufinder/plugins/mcufinder
2023-03-29 13:46:02,538 [INFO] ApiDb:250 - Set database path to: /home/albin/.stmcufinder/plugins/mcufinder//mcu/
2023-03-29 13:46:02,538 [WARN] DbFile:41 - Overriding database path with different value: /home/albin/.stmcufinder/plugins/mcufinder/ => /home/albin/.stmcufinder/plugins/mcufinder
2023-03-29 13:46:02,538 [INFO] DbMcusAds:125 - Set database path to: /home/albin/.stmcufinder/plugins/mcufinder//mcu/
2023-03-29 13:46:02,538 [WARN] DbFile:41 - Overriding database path with different value: /home/albin/.stmcufinder/plugins/mcufinder/ => /home/albin/.stmcufinder/plugins/mcufinder
2023-03-29 13:46:02,539 [WARN] DbFile:41 - Overriding database path with different value: /home/albin/.stmcufinder/plugins/mcufinder/ => /home/albin/.stmcufinder/plugins/mcufinder
2023-03-29 13:46:02,539 [INFO] CrossReferenceDbSqlite:203 - Set database path to: /home/albin/.stmcufinder/plugins/mcufinder//mcu/cs/
2023-03-29 13:46:02,555 [INFO] ApplicationProperties:184 - Using Application install path: /opt/st/stm32cubeide_1.12.0/plugins/com.st.stm32cube.common.mx_6.8.0.202302231600
2023-03-29 13:46:02,557 [INFO] PluginManage:196 - Search for loadable plugins [exclusion list=, ]
2023-03-29 13:46:02,559 [INFO] PluginManage:310 - Check plugin analytics
2023-03-29 13:46:02,708 [INFO] AnalyticsPlugin:253 - Accepted Software Licenses: STM32CubeMX.6.8.0
2023-03-29 13:46:02,709 [INFO] AnalyticsPlugin:255 - Accepted CMSIS Pack Licenses: 
2023-03-29 13:46:02,709 [INFO] AnalyticsPlugin:257 - Accepted Firmware Licenses: FW.WB.1.16.0
2023-03-29 13:46:02,719 [INFO] PluginManage:359 - Loaded plugin analytics (category:tool,tabindex:-1)
2023-03-29 13:46:02,719 [INFO] PluginManage:310 - Check plugin cadmodel
2023-03-29 13:46:02,789 [INFO] CADModel:105 - Init CAD model plugin
2023-03-29 13:46:02,789 [INFO] PluginManage:359 - Loaded plugin cadmodel (category:power,tabindex:5)
2023-03-29 13:46:02,789 [INFO] PluginManage:310 - Check plugin clock
2023-03-29 13:46:02,799 [INFO] PluginManage:359 - Loaded plugin clock (category:base,tabindex:2)
2023-03-29 13:46:02,799 [INFO] PluginManage:310 - Check plugin ddr
2023-03-29 13:46:02,802 [INFO] PluginManage:359 - Loaded plugin ddr (category:tool,tabindex:6)
2023-03-29 13:46:02,802 [INFO] PluginManage:310 - Check plugin filemanager
2023-03-29 13:46:02,926 [INFO] PluginManage:359 - Loaded plugin filemanager (category:base,tabindex:10)
2023-03-29 13:46:02,926 [INFO] PluginManage:310 - Check plugin ipmanager
2023-03-29 13:46:02,932 [INFO] PluginManage:359 - Loaded plugin ipmanager (category:base,tabindex:5)
2023-03-29 13:46:02,932 [INFO] PluginManage:310 - Check plugin lpbam
2023-03-29 13:46:02,943 [INFO] PluginManage:359 - Loaded plugin lpbam (category:base,tabindex:0)
2023-03-29 13:46:02,943 [INFO] PluginManage:310 - Check plugin pinoutandconfiguration
2023-03-29 13:46:02,952 [INFO] PluginManage:359 - Loaded plugin pinoutandconfiguration (category:base,tabindex:1)
2023-03-29 13:46:02,952 [INFO] PluginManage:310 - Check plugin pinoutconfig
2023-03-29 13:46:03,035 [WARN] SupportedApi:132 - Cannot load RTOS API schema: s4s-elt-must-match.1: The content of 'definitions' must match (annotation?, (simpleType | complexType)?, (unique | key | keyref)*)). A problem was found starting at: attribute.
2023-03-29 13:46:03,185 [INFO] PluginManage:359 - Loaded plugin pinoutconfig (category:base,tabindex:0)
2023-03-29 13:46:03,185 [INFO] PluginManage:310 - Check plugin power
2023-03-29 13:46:03,197 [INFO] PluginManage:359 - Loaded plugin power (category:power,tabindex:4)
2023-03-29 13:46:03,197 [INFO] PluginManage:310 - Check plugin projectmanager
2023-03-29 13:46:03,215 [INFO] PluginManage:359 - Loaded plugin projectmanager (category:projectmanager,tabindex:3)
2023-03-29 13:46:03,215 [INFO] PluginManage:310 - Check plugin thirdparty
2023-03-29 13:46:03,326 [WARN] IntegrityCheckThread:84 - waiting for thirdparty lock release [integrity check]
2023-03-29 13:46:03,327 [INFO] PluginManage:359 - Loaded plugin thirdparty (category:base,tabindex:-1)
2023-03-29 13:46:03,327 [INFO] IntegrityCheckThread:86 - entering critical section [integrity check]
2023-03-29 13:46:03,327 [INFO] PluginManage:310 - Check plugin tools
2023-03-29 13:46:03,329 [INFO] ThirdPartyUpdaterWithRetryManager:70 - Updater plugin not ready yet. [1/15]
2023-03-29 13:46:03,330 [INFO] PluginManage:359 - Loaded plugin tools (category:base,tabindex:7)
2023-03-29 13:46:03,330 [INFO] PluginManage:310 - Check plugin tutovideos
2023-03-29 13:46:03,503 [INFO] PluginManage:359 - Loaded plugin tutovideos (category:base,tabindex:-1)
2023-03-29 13:46:03,503 [INFO] PluginManage:310 - Check plugin updater
2023-03-29 13:46:03,520 [INFO] PluginManage:359 - Loaded plugin updater (category:base,tabindex:12)
2023-03-29 13:46:03,521 [INFO] PluginManage:283 - PluginManage : Loaded plugins [15]
2023-03-29 13:46:03,762 [INFO] PinOutPanel:1499 - setPackage(No Configuration,No Configuration)
2023-03-29 13:46:03,817 [INFO] CADModel:165 - CPN selected for project level
2023-03-29 13:46:03,817 [INFO] CADModel:114 - Register for checkConnection events
2023-03-29 13:46:03,831 [INFO] IPUIPlugin:80 - create IPUIPlugin
2023-03-29 13:46:03,831 [INFO] PluginManager:220 - loadIPPluginJar : add freertos
2023-03-29 13:46:03,833 [INFO] IPUIPlugin:80 - create IPUIPlugin
2023-03-29 13:46:03,833 [INFO] PluginManager:220 - loadIPPluginJar : add ts
2023-03-29 13:46:03,835 [INFO] IPUIPlugin:80 - create IPUIPlugin
2023-03-29 13:46:03,836 [INFO] PluginManager:220 - loadIPPluginJar : add dfsdm
2023-03-29 13:46:03,840 [INFO] IPUIPlugin:80 - create IPUIPlugin
2023-03-29 13:46:03,840 [INFO] PluginManager:220 - loadIPPluginJar : add i3c
2023-03-29 13:46:03,842 [INFO] IPUIPlugin:80 - create IPUIPlugin
2023-03-29 13:46:03,842 [INFO] PluginManager:220 - loadIPPluginJar : add genericplugin
2023-03-29 13:46:03,846 [INFO] IPUIPlugin:80 - create IPUIPlugin
2023-03-29 13:46:03,846 [INFO] PluginManager:220 - loadIPPluginJar : add nvic
2023-03-29 13:46:03,849 [INFO] IPUIPlugin:80 - create IPUIPlugin
2023-03-29 13:46:03,849 [INFO] PluginManager:220 - loadIPPluginJar : add aes
2023-03-29 13:46:03,851 [INFO] IPUIPlugin:80 - create IPUIPlugin
2023-03-29 13:46:03,851 [INFO] PluginManager:220 - loadIPPluginJar : add tsc
2023-03-29 13:46:03,853 [INFO] IPUIPlugin:80 - create IPUIPlugin
2023-03-29 13:46:03,854 [INFO] PluginManager:220 - loadIPPluginJar : add i2c
2023-03-29 13:46:03,859 [INFO] IPUIPlugin:80 - create IPUIPlugin
2023-03-29 13:46:03,859 [INFO] PluginManager:220 - loadIPPluginJar : add fmc
2023-03-29 13:46:03,861 [INFO] IPUIPlugin:80 - create IPUIPlugin
2023-03-29 13:46:03,861 [INFO] PluginManager:220 - loadIPPluginJar : add tim
2023-03-29 13:46:03,863 [INFO] IPUIPlugin:80 - create IPUIPlugin
2023-03-29 13:46:03,863 [INFO] PluginManager:220 - loadIPPluginJar : add ltdc
2023-03-29 13:46:03,866 [INFO] IPUIPlugin:80 - create IPUIPlugin
2023-03-29 13:46:03,866 [INFO] PluginManager:220 - loadIPPluginJar : add gtzc
2023-03-29 13:46:03,872 [INFO] IPUIPlugin:80 - create IPUIPlugin
2023-03-29 13:46:03,872 [INFO] PluginManager:220 - loadIPPluginJar : add adc
2023-03-29 13:46:03,878 [INFO] IPUIPlugin:80 - create IPUIPlugin
2023-03-29 13:46:03,881 [INFO] PluginManager:220 - loadIPPluginJar : add plateformsettings
2023-03-29 13:46:03,883 [INFO] IPUIPlugin:80 - create IPUIPlugin
2023-03-29 13:46:03,883 [INFO] PluginManager:220 - loadIPPluginJar : add spi
2023-03-29 13:46:03,888 [INFO] IPUIPlugin:80 - create IPUIPlugin
2023-03-29 13:46:03,888 [INFO] PluginManager:220 - loadIPPluginJar : add stm32_wpan
2023-03-29 13:46:03,891 [INFO] IPUIPlugin:80 - create IPUIPlugin
2023-03-29 13:46:03,892 [INFO] PluginManager:220 - loadIPPluginJar : add touchsensing
2023-03-29 13:46:03,894 [INFO] IPUIPlugin:80 - create IPUIPlugin
2023-03-29 13:46:03,894 [INFO] PluginManager:220 - loadIPPluginJar : add lorawan
2023-03-29 13:46:03,897 [INFO] IPUIPlugin:80 - create IPUIPlugin
2023-03-29 13:46:03,897 [INFO] PluginManager:220 - loadIPPluginJar : add resmgrutility
2023-03-29 13:46:03,904 [INFO] IPUIPlugin:80 - create IPUIPlugin
2023-03-29 13:46:03,904 [INFO] PluginManager:220 - loadIPPluginJar : add linkedlist
2023-03-29 13:46:03,910 [INFO] IPUIPlugin:80 - create IPUIPlugin
2023-03-29 13:46:03,910 [INFO] PluginManager:220 - loadIPPluginJar : add mdma
2023-03-29 13:46:03,912 [INFO] IPUIPlugin:80 - create IPUIPlugin
2023-03-29 13:46:03,912 [INFO] PluginManager:220 - loadIPPluginJar : add i2s
2023-03-29 13:46:03,914 [INFO] IPUIPlugin:80 - create IPUIPlugin
2023-03-29 13:46:03,914 [INFO] PluginManager:220 - loadIPPluginJar : add tracer_emb
2023-03-29 13:46:03,917 [INFO] IPUIPlugin:80 - create IPUIPlugin
2023-03-29 13:46:03,917 [INFO] PluginManager:220 - loadIPPluginJar : add pdm2pcm
2023-03-29 13:46:03,920 [INFO] IPUIPlugin:80 - create IPUIPlugin
2023-03-29 13:46:03,920 [INFO] PluginManager:220 - loadIPPluginJar : add can
2023-03-29 13:46:03,922 [INFO] IPUIPlugin:80 - create IPUIPlugin
2023-03-29 13:46:03,922 [INFO] PluginManager:220 - loadIPPluginJar : add gfxmmu
2023-03-29 13:46:03,925 [INFO] IPUIPlugin:80 - create IPUIPlugin
2023-03-29 13:46:03,925 [INFO] PluginManager:220 - loadIPPluginJar : add openamp
2023-03-29 13:46:03,927 [INFO] IPUIPlugin:80 - create IPUIPlugin
2023-03-29 13:46:03,928 [INFO] PluginManager:220 - loadIPPluginJar : add cryp
2023-03-29 13:46:03,931 [INFO] IPUIPlugin:80 - create IPUIPlugin
2023-03-29 13:46:03,931 [INFO] PluginManager:220 - loadIPPluginJar : add usbx
2023-03-29 13:46:03,933 [INFO] IPUIPlugin:80 - create IPUIPlugin
2023-03-29 13:46:03,933 [INFO] PluginManager:220 - loadIPPluginJar : add quadspi
2023-03-29 13:46:03,937 [INFO] IPUIPlugin:80 - create IPUIPlugin
2023-03-29 13:46:03,937 [INFO] PluginManager:220 - loadIPPluginJar : add opamp
2023-03-29 13:46:03,939 [INFO] IPUIPlugin:80 - create IPUIPlugin
2023-03-29 13:46:03,940 [INFO] PluginManager:220 - loadIPPluginJar : add hash
2023-03-29 13:46:03,941 [INFO] IPUIPlugin:80 - create IPUIPlugin
2023-03-29 13:46:03,941 [INFO] PluginManager:220 - loadIPPluginJar : add comp
2023-03-29 13:46:03,943 [INFO] IPUIPlugin:80 - create IPUIPlugin
2023-03-29 13:46:03,943 [INFO] PluginManager:220 - loadIPPluginJar : add ucpd
2023-03-29 13:46:03,947 [INFO] IPUIPlugin:80 - create IPUIPlugin
2023-03-29 13:46:03,947 [INFO] PluginManager:220 - loadIPPluginJar : add gpio
2023-03-29 13:46:03,953 [INFO] IPUIPlugin:80 - create IPUIPlugin
2023-03-29 13:46:03,953 [INFO] PluginManager:220 - loadIPPluginJar : add dma
2023-03-29 13:46:03,956 [INFO] IPUIPlugin:80 - create IPUIPlugin
2023-03-29 13:46:03,956 [INFO] PluginManager:220 - loadIPPluginJar : add ipddr
2023-03-29 13:46:03,957 [INFO] IPUIPlugin:80 - create IPUIPlugin
2023-03-29 13:46:03,957 [INFO] PluginManager:220 - loadIPPluginJar : add fatfs
2023-03-29 13:46:03,959 [INFO] IPUIPlugin:80 - create IPUIPlugin
2023-03-29 13:46:03,959 [INFO] PluginManager:220 - loadIPPluginJar : add dma3
2023-03-29 13:46:03,962 [INFO] IPUIPlugin:80 - create IPUIPlugin
2023-03-29 13:46:03,962 [INFO] PluginManager:220 - loadIPPluginJar : add usart
2023-03-29 13:46:03,966 [INFO] IPUIPlugin:80 - create IPUIPlugin
2023-03-29 13:46:03,966 [INFO] PluginManager:220 - loadIPPluginJar : add gic
2023-03-29 13:46:03,969 [INFO] IPUIPlugin:80 - create IPUIPlugin
2023-03-29 13:46:03,969 [INFO] PluginManager:220 - loadIPPluginJar : add sai
2023-03-29 13:46:04,073 [INFO] CADModel:165 - CPN selected for project level
2023-03-29 13:46:04,073 [INFO] CADModel:114 - Register for checkConnection events
2023-03-29 13:46:04,074 [FATAL] Updater:308 - Updater called before beeing initialized
2023-03-29 13:46:04,074 [ERROR] CADModel:125 - Updater not yet initialized, retry later 
2023-03-29 13:46:04,274 [INFO] CADModel:165 - CPN selected for project level
2023-03-29 13:46:04,275 [INFO] CADModel:114 - Register for checkConnection events
2023-03-29 13:46:04,275 [FATAL] Updater:308 - Updater called before beeing initialized
2023-03-29 13:46:04,275 [ERROR] CADModel:125 - Updater not yet initialized, retry later 
2023-03-29 13:46:04,279 [FATAL] Updater:308 - Updater called before beeing initialized
2023-03-29 13:46:04,383 [FATAL] Updater:308 - Updater called before beeing initialized
2023-03-29 13:46:04,391 [INFO] DbMcusAds:53 - JSON generation date=Tue Mar 07 09:50:55 CET 2023 (1678179055114)
2023-03-29 13:46:04,392 [FATAL] Updater:308 - Updater called before beeing initialized
2023-03-29 13:46:04,455 [WARN] DetailPanel:346 - Failed to get advertising image, set to default
2023-03-29 13:46:04,546 [FATAL] Updater:308 - Updater called before beeing initialized
2023-03-29 13:46:04,549 [FATAL] Updater:308 - Updater called before beeing initialized
2023-03-29 13:46:04,549 [FATAL] Updater:308 - Updater called before beeing initialized
2023-03-29 13:46:04,549 [WARN] DetailPanel:346 - Failed to get advertising image, set to default
2023-03-29 13:46:04,550 [FATAL] Updater:308 - Updater called before beeing initialized
2023-03-29 13:46:04,588 [ERROR] Updater:1120 - MainUpdater not yet initialized. External WinMGr cannot be set.
2023-03-29 13:46:04,591 [INFO] Updater:1056 - Updater Version found : 6.8.0
2023-03-29 13:46:04,611 [INFO] ApplicationProperties:184 - Using Application install path: /opt/st/stm32cubeide_1.12.0/plugins/com.st.stm32cube.common.mx_6.8.0.202302231600
2023-03-29 13:46:04,747 [INFO] MainUpdater:2854 - connection check result : 10
2023-03-29 13:46:04,748 [INFO] MainUpdater:283 - Updater Check For Update Now.
2023-03-29 13:46:04,749 [INFO] MicroXplorer:498 - Change Database Version : DB.6.0.80
2023-03-29 13:46:04,940 [INFO] CheckServerUpdateThread:120 - End of CheckServer Thread
2023-03-29 13:46:04,960 [INFO] MainUpdater:2854 - connection check result : 10
2023-03-29 13:46:04,964 [INFO] MainUpdater:2854 - connection check result : 10
2023-03-29 13:46:05,009 [INFO] MicroXplorer:468 - Change Database Path : 
2023-03-29 13:46:05,009 [INFO] MicroXplorer:498 - Change Database Version : DB.6.0.80
2023-03-29 13:46:05,010 [WARN] ThirdParty:871 - waiting for thirdparty lock release [close project]
2023-03-29 13:46:06,481 [WARN] PackLoader:240 - Cannot read IP mode file for STMicroelectronics.X-CUBE-GNSS1.6.0.0
2023-03-29 13:46:06,509 [WARN] PackLoader:240 - Cannot read IP mode file for STMicroelectronics.X-CUBE-AZRTOS-F4.1.1.0
2023-03-29 13:46:06,530 [WARN] PackLoader:240 - Cannot read IP mode file for STMicroelectronics.X-CUBE-AZRTOS-F7.1.1.0
2023-03-29 13:46:06,545 [WARN] PackLoader:240 - Cannot read IP mode file for STMicroelectronics.X-CUBE-BLE1.6.2.4
2023-03-29 13:46:06,553 [WARN] PackLoader:240 - Cannot read IP mode file for emotas.I-CUBE-CANOPEN.1.1.3
2023-03-29 13:46:06,561 [WARN] PackLoader:240 - Cannot read IP mode file for STMicroelectronics.X-CUBE-BLEMGR.2.0.0
2023-03-29 13:46:06,569 [WARN] PackLoader:240 - Cannot read IP mode file for STMicroelectronics.X-CUBE-DISPLAY.3.0.0
2023-03-29 13:46:06,580 [WARN] PackLoader:240 - Cannot read IP mode file for wolfSSL.I-CUBE-wolfSSL.5.5.4
2023-03-29 13:46:06,584 [WARN] PackLoader:240 - Cannot read IP mode file for STMicroelectronics.X-CUBE-NFC7.1.0.0
2023-03-29 13:46:06,590 [WARN] PackLoader:240 - Cannot read IP mode file for STMicroelectronics.X-CUBE-EEPRMA1.4.1.0
2023-03-29 13:46:06,598 [WARN] PackLoader:240 - Cannot read IP mode file for WES.I-CUBE-Cesium.1.3.0
2023-03-29 13:46:06,603 [WARN] PackLoader:240 - Cannot read IP mode file for STMicroelectronics.X-CUBE-SFXS2LP1.4.0.0
2023-03-29 13:46:06,608 [WARN] PackLoader:240 - Cannot read IP mode file for STMicroelectronics.X-CUBE-BLE2.3.3.0
2023-03-29 13:46:06,616 [WARN] PackLoader:240 - Cannot read IP mode file for STMicroelectronics.X-CUBE-TOF1.3.2.0
2023-03-29 13:46:06,641 [WARN] PackLoader:240 - Cannot read IP mode file for STMicroelectronics.X-CUBE-AZRTOS-H7.3.0.0
2023-03-29 13:46:06,648 [WARN] PackLoader:240 - Cannot read IP mode file for STMicroelectronics.X-CUBE-ISPU.1.1.0
2023-03-29 13:46:06,654 [WARN] PackLoader:240 - Cannot read IP mode file for RoweBots.I-CUBE-UNISONRTOS.5.5.0-4
2023-03-29 13:46:06,658 [WARN] PackLoader:240 - Cannot read IP mode file for STMicroelectronics.X-CUBE-AI.8.0.0
2023-03-29 13:46:06,661 [WARN] PackLoader:240 - Cannot read IP mode file for STMicroelectronics.X-CUBE-FREERTOS.1.0.0
2023-03-29 13:46:06,665 [WARN] PackLoader:240 - Cannot read IP mode file for STMicroelectronics.X-CUBE-TOUCHGFX.4.21.1
2023-03-29 13:46:06,667 [WARN] PackLoader:240 - Cannot read IP mode file for STMicroelectronics.X-CUBE-TOUCHGFX.4.21.3
2023-03-29 13:46:06,671 [WARN] PackLoader:240 - Cannot read IP mode file for STMicroelectronics.X-CUBE-ALGOBUILD.1.3.0
2023-03-29 13:46:06,689 [WARN] PackLoader:240 - Cannot read IP mode file for STMicroelectronics.X-CUBE-AZRTOS-L5.1.1.0
2023-03-29 13:46:06,703 [WARN] PackLoader:240 - Cannot read IP mode file for STMicroelectronics.X-CUBE-AZRTOS-G0.1.1.0
2023-03-29 13:46:06,714 [WARN] PackLoader:240 - Cannot read IP mode file for STMicroelectronics.X-CUBE-SUBG2.5.0.0
2023-03-29 13:46:06,726 [WARN] PackLoader:240 - Cannot read IP mode file for STMicroelectronics.X-CUBE-NFC4.3.0.0
2023-03-29 13:46:06,735 [WARN] PackLoader:240 - Cannot read IP mode file for STMicroelectronics.X-CUBE-TOF1.3.3.0
2023-03-29 13:46:06,753 [WARN] PackLoader:240 - Cannot read IP mode file for STMicroelectronics.FP-ATR-ASTRA1.1.1.1
2023-03-29 13:46:06,763 [WARN] PackLoader:240 - Cannot read IP mode file for STMicroelectronics.X-CUBE-AZRTOS-G4.1.0.0
2023-03-29 13:46:06,768 [WARN] PackLoader:240 - Cannot read IP mode file for STMicroelectronics.FP-ATR-SIGFOX1.3.2.0
2023-03-29 13:46:06,780 [WARN] PackLoader:240 - Cannot read IP mode file for STMicroelectronics.X-CUBE-AZRTOS-L4.1.0.0
2023-03-29 13:46:06,799 [WARN] PackLoader:240 - Cannot read IP mode file for STMicroelectronics.X-CUBE-AZRTOS-WL.1.0.0
2023-03-29 13:46:06,805 [WARN] PackLoader:240 - Cannot read IP mode file for portGmbH.I-Cube-SoM-uGOAL.1.1.0
2023-03-29 13:46:06,809 [WARN] PackLoader:240 - Cannot read IP mode file for STMicroelectronics.X-CUBE-ALS.1.0.1
2023-03-29 13:46:06,848 [WARN] PackLoader:240 - Cannot read IP mode file for STMicroelectronics.X-CUBE-MEMS1.9.5.0
2023-03-29 13:46:07,090 [WARN] PackLoader:240 - Cannot read IP mode file for STMicroelectronics.X-CUBE-AZRTOS-WB.1.1.0
2023-03-29 13:46:07,126 [WARN] PackLoader:240 - Cannot read IP mode file for SEGGER.I-CUBE-embOS.1.3.1
2023-03-29 13:46:07,190 [INFO] ThirdParty:978 - Integrity check success = true
2023-03-29 13:46:07,190 [INFO] IntegrityCheckThread:100 - exiting critical section [integrity check]
2023-03-29 13:46:07,190 [INFO] IntegrityCheckThread:103 - End integrity checks thread
2023-03-29 13:46:07,191 [INFO] ThirdParty:873 - entering critical section [close project]
2023-03-29 13:46:07,192 [INFO] ThirdParty:883 - exiting critical section [close project]
2023-03-29 13:46:07,199 [INFO] PinOutPanel:1499 - setPackage(No Configuration,No Configuration)
2023-03-29 13:46:07,207 [INFO] UtilMem:75 - Begin LoadConfig() Used Memory: 434184888 Bytes (513802240)
2023-03-29 13:46:07,208 [INFO] MicroXplorer:468 - Change Database Path : 
2023-03-29 13:46:07,209 [INFO] MicroXplorer:498 - Change Database Version : DB.6.0.80
2023-03-29 13:46:07,209 [INFO] OpenFileManager:308 - Change cursor
2023-03-29 13:46:07,245 [INFO] Mcu:1937 - Initializing MCU STM32WB55RGVx STM32WB55RGVx STM32WB55RGV6
2023-03-29 13:46:08,791 [INFO] Context:659 - Trying to add GPIOservice into a context  which must be forbidden
2023-03-29 13:46:09,491 [INFO] RtosManager:555 - Registered RTOS mode: class=CMSIS, group=RTOS, mode=CMSIS_V1, owner=FREERTOS
2023-03-29 13:46:09,491 [INFO] RtosManager:555 - Registered RTOS mode: class=CMSIS, group=RTOS2, mode=CMSIS_V2, owner=FREERTOS
2023-03-29 13:46:09,491 [INFO] RtosManager:555 - Registered RTOS mode: class=RTOS, group=Core, mode=CMSIS_V1, owner=FREERTOS
2023-03-29 13:46:09,491 [INFO] RtosManager:555 - Registered RTOS mode: class=RTOS, group=Core, mode=CMSIS_V2, owner=FREERTOS
2023-03-29 13:46:09,492 [WARN] ModelIntegratedComponent:184 - Missing modes for component STMicroelectronics:FreeRTOS:0.0.1:STMicroelectronics:RTOS:FreeRTOS:Core:::10.2.0:
2023-03-29 13:46:09,514 [WARN] ModelIntegratedComponent:63 - No mode defined for component null
2023-03-29 13:46:09,515 [WARN] ModelIntegratedComponent:63 - No mode defined for component null
2023-03-29 13:46:09,515 [WARN] ModelIntegratedComponent:63 - No mode defined for component null
2023-03-29 13:46:09,515 [WARN] ModelIntegratedComponent:63 - No mode defined for component null
2023-03-29 13:46:09,515 [WARN] ModelIntegratedComponent:63 - No mode defined for component null
2023-03-29 13:46:09,515 [WARN] ModelIntegratedComponent:63 - No mode defined for component null
2023-03-29 13:46:09,515 [WARN] ModelIntegratedComponent:63 - No mode defined for component null
2023-03-29 13:46:09,515 [WARN] ModelIntegratedComponent:63 - No mode defined for component null
2023-03-29 13:46:09,515 [WARN] ModelIntegratedComponent:63 - No mode defined for component null
2023-03-29 13:46:09,515 [WARN] ModelIntegratedComponent:63 - No mode defined for component null
2023-03-29 13:46:09,515 [WARN] ModelIntegratedComponent:63 - No mode defined for component null
2023-03-29 13:46:09,515 [WARN] ModelIntegratedComponent:63 - No mode defined for component null
2023-03-29 13:46:09,515 [WARN] ModelIntegratedComponent:63 - No mode defined for component null
2023-03-29 13:46:09,515 [WARN] ModelIntegratedComponent:63 - No mode defined for component null
2023-03-29 13:46:09,515 [WARN] ModelIntegratedComponent:63 - No mode defined for component null
2023-03-29 13:46:09,515 [WARN] ModelIntegratedComponent:63 - No mode defined for component null
2023-03-29 13:46:09,516 [WARN] ModelIntegratedComponent:63 - No mode defined for component null
2023-03-29 13:46:09,516 [WARN] ModelIntegratedComponent:63 - No mode defined for component null
2023-03-29 13:46:09,516 [WARN] ModelIntegratedComponent:63 - No mode defined for component null
2023-03-29 13:46:09,516 [WARN] ModelIntegratedComponent:63 - No mode defined for component null
2023-03-29 13:46:09,516 [WARN] ModelIntegratedComponent:63 - No mode defined for component null
2023-03-29 13:46:09,516 [WARN] ModelIntegratedComponent:63 - No mode defined for component null
2023-03-29 13:46:09,516 [WARN] ModelIntegratedComponent:63 - No mode defined for component null
2023-03-29 13:46:09,516 [WARN] ModelIntegratedComponent:63 - No mode defined for component null
2023-03-29 13:46:09,516 [WARN] ModelIntegratedComponent:63 - No mode defined for component null
2023-03-29 13:46:09,516 [WARN] ModelIntegratedComponent:63 - No mode defined for component null
2023-03-29 13:46:09,516 [WARN] ModelIntegratedComponent:63 - No mode defined for component null
2023-03-29 13:46:09,516 [WARN] ModelIntegratedComponent:63 - No mode defined for component null
2023-03-29 13:46:09,516 [WARN] ModelIntegratedComponent:63 - No mode defined for component null
2023-03-29 13:46:09,516 [WARN] ModelIntegratedComponent:63 - No mode defined for component null
2023-03-29 13:46:09,516 [WARN] ModelIntegratedComponent:63 - No mode defined for component null
2023-03-29 13:46:09,517 [WARN] ModelIntegratedComponent:63 - No mode defined for component null
2023-03-29 13:46:09,517 [WARN] ModelIntegratedComponent:63 - No mode defined for component null
2023-03-29 13:46:09,632 [INFO] ThirdPartyModel:298 - Start build external matchings
2023-03-29 13:46:09,882 [INFO] ThirdPartyModel:316 - End build external matchings
2023-03-29 13:46:09,926 [INFO] ImportTextPane:194 - (OptionalMessage_ERROR) IP (RCC) : Invalid parameter (FamilyName)
2023-03-29 13:46:09,929 [INFO] ImportTextPane:194 - (OptionalMessage_ERROR) IP (RCC) : Invalid parameter (SMPSCLockSelectionVirtualVirtual)
2023-03-29 13:46:10,202 [INFO] UtilMem:75 - End LoadConfig() Used Memory: 484770472 Bytes (625999872)
2023-03-29 13:46:10,275 [INFO] ApiDb:581 - Connected to CubeFinder SQLite database (/home/albin/.stmcufinder/plugins/mcufinder/mcu/cube-finder-db.db)
2023-03-29 13:46:10,318 [INFO] ApiDb:668 - CubeFinder database Data Model version=2.1
2023-03-29 13:46:10,318 [INFO] ApiDb:669 - CubeFinder database Configuration version=3.0.35
2023-03-29 13:46:10,319 [INFO] ApiDb:670 - CubeFinder database generation date=2023-03-10 (1678456172)
2023-03-29 13:46:10,320 [INFO] ApiDb:671 - CubeFinder database FW Pack versions=[FP-ATR-ASTRA1_V1.1.1, STM32Cube_FW_C0_V1.0.1, STM32Cube_FW_F0_V1.11.4, STM32Cube_FW_F3_V1.11.4, STM32Cube_FW_F4_V1.27.1, STM32Cube_FW_F7_V1.17.0, STM32Cube_FW_G0_V1.6.1, STM32Cube_FW_G4_V1.5.1, STM32Cube_FW_H5_V0.5.1, STM32Cube_FW_H5_V1.0.0, STM32Cube_FW_H7_V1.11.0, STM32Cube_FW_L0_V1.12.2, STM32Cube_FW_L5_V1.5.0, STM32Cube_FW_U5_V1.2.0, STM32Cube_FW_WBA_V1.0.0, STM32Cube_FW_WBA_V1.0.0RC1, STM32Cube_FW_WBA_V1.0.0RC3, STM32Cube_FW_WB_V1.15.0RC1, STM32Cube_FW_WB_V1.16.0, STM32Cube_FW_WB_V1.16.0RC2, STM32Cube_FW_WL_V1.3.0, X-CUBE-ALGOBUILD_V1.3.0, X-CUBE-ALS_V1.0.1, X-CUBE-AZRTOS-F4_V1.1.0, X-CUBE-AZRTOS-F7_V1.1.0, X-CUBE-AZRTOS-G0_V1.1.0, X-CUBE-AZRTOS-G4_V1.0.0, X-CUBE-AZRTOS-H7_V3.0.0, X-CUBE-AZRTOS-L4_V1.0.0, X-CUBE-AZRTOS-L5_V1.1.0, X-CUBE-AZRTOS-WB_V1.1.0, X-CUBE-AZRTOS-WL_V1.0.0, X-CUBE-BLE1_V6.2.4, X-CUBE-BLE2_V3.3.0, X-CUBE-BLEMGR_V1.3.0, X-CUBE-EEPRMA1_V4.1.0, X-CUBE-GNSS1_V6.0.0, X-CUBE-MEMS1_V9.1.0, X-CUBE-MEMS1_V9.4.0, X-CUBE-MEMS1_V9.5.0, X-CUBE-NFC4_V3.0.0, X-CUBE-NFC7_V1.0.0, X-CUBE-SFXS2LP1_V4.0.0, X-CUBE-SUBG2_V5.0.0]
2023-03-29 13:46:11,929 [INFO] ApiDb:240 - Found 297 in-development CPN: [B-G473E-ZEST1S, B-WB1M-WPAN1, B-WL5M-SUBG1, NUCLEO-C031C6, NUCLEO-H503RB, NUCLEO-H563ZI, NUCLEO-U545RE-Q, NUCLEO-U5A5ZJ-Q, NUCLEO-WBA52CG, STEVAL-PROTEUS1, STEVAL-STWINBX1, STM320518-EVAL, STM32C0116-DK, STM32C011D6Y3TR, STM32C011D6Y6TR, STM32C011F4P3, STM32C011F4P6, STM32C011F4U3, STM32C011F4U6TR, STM32C011F6P3, STM32C011F6P6, STM32C011F6U3, STM32C011F6U6TR, STM32C011J4M3, STM32C011J4M6, STM32C011J6M3, STM32C011J6M6, STM32C0316-DK, STM32C031C4T3, STM32C031C4T6, STM32C031C4U3, STM32C031C4U6, STM32C031C6T3, STM32C031C6T6, STM32C031C6U3, STM32C031C6U6, STM32C031F4P3, STM32C031F4P6, STM32C031F6P3, STM32C031F6P6, STM32C031G4U3, STM32C031G4U6, STM32C031G6U3, STM32C031G6U6, STM32C031K4T3, STM32C031K4T6, STM32C031K4U3, STM32C031K4U6, STM32C031K6T3, STM32C031K6T6, STM32C031K6U3, STM32C031K6U6, STM32G071K8TXN, STM32G071K8UXN, STM32G081GBU6N, STM32G081KBT6N, STM32G081KBUXN, STM32G0B1CCT6N, STM32G0B1KCT6, STM32G0B1NEY6TR, STM32G0B1RCT6N, STM32G0C1CCT6, STM32G0C1CCT6N, STM32G0C1CCU6N, STM32G0C1CET6N, STM32G0C1CEU6N, STM32G0C1KCT6, STM32G0C1NEY6TR, STM32G0C1RCI6N, STM32G0C1RCT6N, STM32G0C1REI6N, STM32G0C1RET6N, STM32G0C1VCI6, STM32G0C1VEI6, STM32G471CCT6, STM32G471CCU6, STM32G471CET3, STM32G471CET6, STM32G471CEU3, STM32G471CEU6, STM32G471MCT6, STM32G471MET3, STM32G471MET6, STM32G471MEY6TR, STM32G471QCT6, STM32G471QET3, STM32G471RCT6, STM32G471RET3, STM32G471RET6, STM32G471VCH6, STM32G471VCI6, STM32G471VCT6, STM32G471VEH3, STM32G471VEH6, STM32G471VEI3, STM32G471VEI6, STM32G471VET3, STM32G471VET6, STM32G474CCT6, STM32H503CBT6, STM32H503CBU6, STM32H503EBY6TR, STM32H503KBU6, STM32H503RBT6, STM32H562AGI6, STM32H562AII6, STM32H562IGK6, STM32H562IGT6, STM32H562IIK6, STM32H562IIT6, STM32H562RGT6, STM32H562RGV6, STM32H562RIT6, STM32H562RIV6, STM32H562VGT6, STM32H562VIT6, STM32H562ZGT6, STM32H562ZIT6, STM32H563AGI6, STM32H563AII3Q, STM32H563AII6, STM32H563IGK6, STM32H563IGT6, STM32H563IIK3Q, STM32H563IIK6, STM32H563IIT3Q, STM32H563IIT6, STM32H563MIY3QTR, STM32H563RGT6, STM32H563RGV6, STM32H563RIT6, STM32H563RIV6, STM32H563VGT6, STM32H563VIT3Q, STM32H563VIT6, STM32H563ZGT6, STM32H563ZIT3Q, STM32H563ZIT6, STM32H573AII3Q, STM32H573AII6, STM32H573I-DK, STM32H573IIK3Q, STM32H573IIK6, STM32H573IIT3Q, STM32H573IIT6, STM32H573MIY3QTR, STM32H573RIT6, STM32H573RIV6, STM32H573VIT3Q, STM32H573VIT6, STM32H573ZIT3Q, STM32H573ZIT6, STM32L4R5QGI6STR, STM32MP131AAE3, STM32MP131AAF3, STM32MP131AAG3, STM32MP131CAE3, STM32MP131CAF3, STM32MP131CAG3, STM32MP131DAE7, STM32MP131DAF7, STM32MP131DAG7, STM32MP131FAE7, STM32MP131FAF7, STM32MP131FAG7, STM32MP133AAE3, STM32MP133AAF3, STM32MP133AAG3, STM32MP133CAE3, STM32MP133CAF3, STM32MP133CAG3, STM32MP133DAE7, STM32MP133DAF7, STM32MP133DAG7, STM32MP133FAE7, STM32MP133FAF7, STM32MP133FAG7, STM32MP135AAE3, STM32MP135AAF3, STM32MP135AAG3, STM32MP135CAE3, STM32MP135CAF3, STM32MP135CAG3, STM32MP135DAE7, STM32MP135DAF7, STM32MP135DAG7, STM32MP135F-DK, STM32MP135FAE7, STM32MP135FAF7, STM32MP135FAF7T, STM32MP135FAF7U, STM32MP135FAG7, STM32U535CBT6, STM32U535CBT6Q, STM32U535CBU6, STM32U535CBU6Q, STM32U535CCT6, STM32U535CCT6Q, STM32U535CCU6, STM32U535CCU6Q, STM32U535CET6, STM32U535CET6Q, STM32U535CEU6, STM32U535CEU6Q, STM32U535JEY6QTR, STM32U535NCY6QTR, STM32U535NEY6QTR, STM32U535RBI6, STM32U535RBI6Q, STM32U535RBT6, STM32U535RBT6Q, STM32U535RCI6, STM32U535RCI6Q, STM32U535RCT6, STM32U535RCT6Q, STM32U535REI6, STM32U535REI6Q, STM32U535RET6, STM32U535RET6Q, STM32U535VCI6, STM32U535VCI6Q, STM32U535VCT6, STM32U535VCT6Q, STM32U535VEI6, STM32U535VEI6Q, STM32U535VET6, STM32U535VET6Q, STM32U545CET6, STM32U545CET6Q, STM32U545CEU6, STM32U545CEU6Q, STM32U545JEY6QTR, STM32U545NEY6QTR, STM32U545REI6, STM32U545REI6Q, STM32U545RET6, STM32U545RET6Q, STM32U545VEI6, STM32U545VEI6Q, STM32U545VET6, STM32U545VET6Q, STM32U595AIH6, STM32U595AIH6Q, STM32U595AJH6, STM32U595AJH6Q, STM32U595QII6, STM32U595QII6Q, STM32U595QJI6, STM32U595QJI6Q, STM32U595RIT6, STM32U595RIT6Q, STM32U595RJT6, STM32U595RJT6Q, STM32U595VIT6, STM32U595VIT6Q, STM32U595VJT6, STM32U595VJT6Q, STM32U595ZIT6, STM32U595ZIT6Q, STM32U595ZIY6QTR, STM32U595ZJT6, STM32U595ZJT6Q, STM32U595ZJY6QTR, STM32U599BJY6QTR, STM32U599NIH6Q, STM32U599NJH6Q, STM32U599VIT6Q, STM32U599VJT6, STM32U599VJT6Q, STM32U599ZIT6Q, STM32U599ZIY6QTR, STM32U599ZJT6Q, STM32U599ZJY6QTR, STM32U5A5AJH6, STM32U5A5AJH6Q, STM32U5A5QJI6, STM32U5A5QJI6Q, STM32U5A5RJT6, STM32U5A5RJT6Q, STM32U5A5VJT6, STM32U5A5VJT6Q, STM32U5A5ZJT6, STM32U5A5ZJT6Q, STM32U5A5ZJY6QTR, STM32U5A9BJY6QTR, STM32U5A9J-DK, STM32U5A9NJH6Q, STM32U5A9VJT6Q, STM32U5A9ZJT6Q, STM32U5A9ZJY6QTR, STM32WB1MMCH6, STM32WBA52CEU6, STM32WBA52CEU6T, STM32WBA52CGU6, STM32WBA52CGU6T, STM32WL5MOCH6, STM32WL5MOCH6TR]
2023-03-29 13:46:11,932 [INFO] DbMcus:216 - Found 3775 MCUs, 3775 are supported
2023-03-29 13:46:11,934 [INFO] ApiDb:423 - Load user favorites file /home/albin/.stm32cubeide/favorites.mcus.txt: 0 item(s)
2023-03-29 13:46:11,934 [INFO] ApiDb:427 - User favorites MCUs=[]
2023-03-29 13:46:11,934 [INFO] DbMcus:222 - Set 0 / 0 favorites MCUs
2023-03-29 13:46:12,266 [WARN] ThirdParty:833 - waiting for thirdparty lock release [change project]
2023-03-29 13:46:12,266 [INFO] ThirdParty:835 - entering critical section [change project]
2023-03-29 13:46:12,267 [INFO] ThirdParty:1030 - CMSIS Pack Vendor :STMicroelectronics X-CUBE-ISPU 1.1.0
2023-03-29 13:46:12,267 [INFO] ThirdParty:1030 - CMSIS Pack Vendor :RoweBots I-CUBE-UNISONRTOS 5.5.0-4
2023-03-29 13:46:12,267 [INFO] ThirdParty:1030 - CMSIS Pack Vendor :STMicroelectronics X-CUBE-GNSS1 6.0.0
2023-03-29 13:46:12,267 [INFO] ThirdParty:1030 - CMSIS Pack Vendor :STMicroelectronics USB_HOST 2.0.0
2023-03-29 13:46:12,267 [INFO] ThirdParty:1030 - CMSIS Pack Vendor :STMicroelectronics X-CUBE-AZRTOS-F4 1.1.0
2023-03-29 13:46:12,267 [INFO] ThirdParty:1030 - CMSIS Pack Vendor :STMicroelectronics LIBJPEG 8.0.0
2023-03-29 13:46:12,267 [INFO] ThirdParty:1030 - CMSIS Pack Vendor :STMicroelectronics USB_DEVICE 3.0.0
2023-03-29 13:46:12,267 [INFO] ThirdParty:1030 - CMSIS Pack Vendor :STMicroelectronics X-CUBE-AI 8.0.0
2023-03-29 13:46:12,267 [INFO] ThirdParty:1030 - CMSIS Pack Vendor :STMicroelectronics X-CUBE-FREERTOS 1.0.0
2023-03-29 13:46:12,267 [INFO] ThirdParty:1030 - CMSIS Pack Vendor :STMicroelectronics X-CUBE-TOUCHGFX 4.21.1
2023-03-29 13:46:12,267 [INFO] ThirdParty:1030 - CMSIS Pack Vendor :STMicroelectronics X-CUBE-TOUCHGFX 4.21.3
2023-03-29 13:46:12,267 [INFO] ThirdParty:1030 - CMSIS Pack Vendor :STMicroelectronics X-CUBE-AZRTOS-F7 1.1.0
2023-03-29 13:46:12,267 [INFO] ThirdParty:1030 - CMSIS Pack Vendor :STMicroelectronics USB_DEVICE 2.0.0
2023-03-29 13:46:12,267 [INFO] ThirdParty:1030 - CMSIS Pack Vendor :STMicroelectronics X-CUBE-ALGOBUILD 1.3.0
2023-03-29 13:46:12,267 [INFO] ThirdParty:1030 - CMSIS Pack Vendor :STMicroelectronics X-CUBE-BLE1 6.2.4
2023-03-29 13:46:12,267 [INFO] ThirdParty:1030 - CMSIS Pack Vendor :STMicroelectronics X-CUBE-AZRTOS-L5 1.1.0
2023-03-29 13:46:12,267 [INFO] ThirdParty:1030 - CMSIS Pack Vendor :STMicroelectronics FreeRTOS 0.0.1
2023-03-29 13:46:12,267 [INFO] ThirdParty:1030 - CMSIS Pack Vendor :emotas I-CUBE-CANOPEN 1.1.3
2023-03-29 13:46:12,267 [INFO] ThirdParty:1030 - CMSIS Pack Vendor :STMicroelectronics X-CUBE-AZRTOS-G0 1.1.0
2023-03-29 13:46:12,268 [INFO] ThirdParty:1030 - CMSIS Pack Vendor :STMicroelectronics X-CUBE-BLEMGR 2.0.0
2023-03-29 13:46:12,268 [INFO] ThirdParty:1030 - CMSIS Pack Vendor :STMicroelectronics X-CUBE-SUBG2 5.0.0
2023-03-29 13:46:12,268 [INFO] ThirdParty:1030 - CMSIS Pack Vendor :STMicroelectronics X-CUBE-NFC4 3.0.0
2023-03-29 13:46:12,268 [INFO] ThirdParty:1030 - CMSIS Pack Vendor :STMicroelectronics STM32_WPAN 1.0.0
2023-03-29 13:46:12,268 [INFO] ThirdParty:1030 - CMSIS Pack Vendor :STMicroelectronics lwIP 2.0.3
2023-03-29 13:46:12,268 [INFO] ThirdParty:1030 - CMSIS Pack Vendor :STMicroelectronics USB_HOST 1.0.0
2023-03-29 13:46:12,268 [INFO] ThirdParty:1030 - CMSIS Pack Vendor :STMicroelectronics PDM2PCM 3.1.0
2023-03-29 13:46:12,268 [INFO] ThirdParty:1030 - CMSIS Pack Vendor :STMicroelectronics X-CUBE-TOF1 3.3.0
2023-03-29 13:46:12,268 [INFO] ThirdParty:1030 - CMSIS Pack Vendor :STMicroelectronics FP-ATR-ASTRA1 1.1.1
2023-03-29 13:46:12,268 [INFO] ThirdParty:1030 - CMSIS Pack Vendor :STMicroelectronics PDM2PCM 3.3.0
2023-03-29 13:46:12,268 [INFO] ThirdParty:1030 - CMSIS Pack Vendor :STMicroelectronics X-CUBE-DISPLAY 3.0.0
2023-03-29 13:46:12,268 [INFO] ThirdParty:1030 - CMSIS Pack Vendor :STMicroelectronics X-CUBE-AZRTOS-G4 1.0.0
2023-03-29 13:46:12,268 [INFO] ThirdParty:1030 - CMSIS Pack Vendor :STMicroelectronics FP-ATR-SIGFOX1 3.2.0
2023-03-29 13:46:12,268 [INFO] ThirdParty:1030 - CMSIS Pack Vendor :wolfSSL I-CUBE-wolfSSL 5.5.4
2023-03-29 13:46:12,268 [INFO] ThirdParty:1030 - CMSIS Pack Vendor :STMicroelectronics X-CUBE-AZRTOS-L4 1.0.0
2023-03-29 13:46:12,268 [INFO] ThirdParty:1030 - CMSIS Pack Vendor :STMicroelectronics HAL Drivers 0.0.0
2023-03-29 13:46:12,268 [INFO] ThirdParty:1030 - CMSIS Pack Vendor :STMicroelectronics MBEDTLS 2.16.2
2023-03-29 13:46:12,268 [INFO] ThirdParty:1030 - CMSIS Pack Vendor :STMicroelectronics MBEDTLS 2.14.1
2023-03-29 13:46:12,268 [INFO] ThirdParty:1030 - CMSIS Pack Vendor :STMicroelectronics X-CUBE-NFC7 1.0.0
2023-03-29 13:46:12,268 [INFO] ThirdParty:1030 - CMSIS Pack Vendor :STMicroelectronics X-CUBE-AZRTOS-WL 1.0.0
2023-03-29 13:46:12,269 [INFO] ThirdParty:1030 - CMSIS Pack Vendor :STMicroelectronics X-CUBE-EEPRMA1 4.1.0
2023-03-29 13:46:12,269 [INFO] ThirdParty:1030 - CMSIS Pack Vendor :portGmbH I-Cube-SoM-uGOAL 1.1.0
2023-03-29 13:46:12,269 [INFO] ThirdParty:1030 - CMSIS Pack Vendor :STMicroelectronics X-CUBE-ALS 1.0.1
2023-03-29 13:46:12,269 [INFO] ThirdParty:1030 - CMSIS Pack Vendor :STMicroelectronics X-CUBE-MEMS1 9.5.0
2023-03-29 13:46:12,269 [INFO] ThirdParty:1030 - CMSIS Pack Vendor :STMicroelectronics ThreadX 1.0.0
2023-03-29 13:46:12,269 [INFO] ThirdParty:1030 - CMSIS Pack Vendor :STMicroelectronics X-CUBE-AZRTOS-WB 1.1.0
2023-03-29 13:46:12,269 [INFO] ThirdParty:1030 - CMSIS Pack Vendor :SEGGER I-CUBE-embOS 1.3.1
2023-03-29 13:46:12,269 [INFO] ThirdParty:1030 - CMSIS Pack Vendor :STMicroelectronics USB_DEVICE 1.0.0
2023-03-29 13:46:12,269 [INFO] ThirdParty:1030 - CMSIS Pack Vendor :STMicroelectronics ThreadX 0.0.2
2023-03-29 13:46:12,269 [INFO] ThirdParty:1030 - CMSIS Pack Vendor :WES I-CUBE-Cesium 1.3.0
2023-03-29 13:46:12,269 [INFO] ThirdParty:1030 - CMSIS Pack Vendor :STMicroelectronics lwIP 2.1.2
2023-03-29 13:46:12,269 [INFO] ThirdParty:1030 - CMSIS Pack Vendor :STMicroelectronics X-CUBE-SFXS2LP1 4.0.0
2023-03-29 13:46:12,269 [INFO] ThirdParty:1030 - CMSIS Pack Vendor :STMicroelectronics X-CUBE-BLE2 3.3.0
2023-03-29 13:46:12,269 [INFO] ThirdParty:1030 - CMSIS Pack Vendor :STMicroelectronics X-CUBE-TOF1 3.2.0
2023-03-29 13:46:12,269 [INFO] ThirdParty:1030 - CMSIS Pack Vendor :STMicroelectronics PDM2PCM 3.2.0
2023-03-29 13:46:12,269 [INFO] ThirdParty:1030 - CMSIS Pack Vendor :STMicroelectronics X-CUBE-AZRTOS-H7 3.0.0
2023-03-29 13:46:12,269 [INFO] ThirdParty:841 - exiting critical section [change project]
2023-03-29 13:46:12,599 [INFO] PinOutPanel:1499 - setPackage(No Configuration,No Configuration)
2023-03-29 13:46:12,601 [INFO] PinOutPanel:1499 - setPackage(STM32WB55RGVx,VFQFPN68)
2023-03-29 13:46:13,278 [INFO] UtilMem:75 - Before build in PCC Used Memory: 477272752 Bytes (625999872)
2023-03-29 13:46:14,087 [INFO] UtilMem:75 - After build in PCC Used Memory: 468672296 Bytes (625999872)
2023-03-29 13:46:14,123 [INFO] IPUIPlugin:80 - create IPUIPlugin
2023-03-29 13:46:14,124 [INFO] IPUIPlugin:80 - create IPUIPlugin
2023-03-29 13:46:14,124 [INFO] IPUIPlugin:80 - create IPUIPlugin
2023-03-29 13:46:14,124 [INFO] IPUIPlugin:80 - create IPUIPlugin
2023-03-29 13:46:14,124 [INFO] IPUIPlugin:80 - create IPUIPlugin
2023-03-29 13:46:14,124 [INFO] IPUIPlugin:80 - create IPUIPlugin
2023-03-29 13:46:14,124 [INFO] IPUIPlugin:80 - create IPUIPlugin
2023-03-29 13:46:14,125 [INFO] IPUIPlugin:80 - create IPUIPlugin
2023-03-29 13:46:14,125 [INFO] IPUIPlugin:80 - create IPUIPlugin
2023-03-29 13:46:14,125 [INFO] IPUIPlugin:80 - create IPUIPlugin
2023-03-29 13:46:14,125 [INFO] IPUIPlugin:80 - create IPUIPlugin
2023-03-29 13:46:14,125 [INFO] IPUIPlugin:80 - create IPUIPlugin
2023-03-29 13:46:14,125 [INFO] IPUIPlugin:80 - create IPUIPlugin
2023-03-29 13:46:14,126 [INFO] IPUIPlugin:80 - create IPUIPlugin
2023-03-29 13:46:14,126 [INFO] IPUIPlugin:80 - create IPUIPlugin
2023-03-29 13:46:14,126 [INFO] IPUIPlugin:80 - create IPUIPlugin
2023-03-29 13:46:14,126 [INFO] IPUIPlugin:80 - create IPUIPlugin
2023-03-29 13:46:14,127 [INFO] IPUIPlugin:80 - create IPUIPlugin
2023-03-29 13:46:14,127 [INFO] IPUIPlugin:80 - create IPUIPlugin
2023-03-29 13:46:14,127 [INFO] IPUIPlugin:80 - create IPUIPlugin
2023-03-29 13:46:14,127 [INFO] IPUIPlugin:80 - create IPUIPlugin
2023-03-29 13:46:14,127 [INFO] IPUIPlugin:80 - create IPUIPlugin
2023-03-29 13:46:14,128 [INFO] IPUIPlugin:80 - create IPUIPlugin
2023-03-29 13:46:14,128 [INFO] IPUIPlugin:80 - create IPUIPlugin
2023-03-29 13:46:14,128 [INFO] IPUIPlugin:80 - create IPUIPlugin
2023-03-29 13:46:14,129 [INFO] IPUIPlugin:80 - create IPUIPlugin
2023-03-29 13:46:14,129 [INFO] IPUIPlugin:80 - create IPUIPlugin
2023-03-29 13:46:14,129 [INFO] IPUIPlugin:80 - create IPUIPlugin
2023-03-29 13:46:14,130 [INFO] IPUIPlugin:80 - create IPUIPlugin
2023-03-29 13:46:14,130 [INFO] IPUIPlugin:80 - create IPUIPlugin
2023-03-29 13:46:14,130 [INFO] IPUIPlugin:80 - create IPUIPlugin
2023-03-29 13:46:14,130 [INFO] IPUIPlugin:80 - create IPUIPlugin
2023-03-29 13:46:14,131 [INFO] IPUIPlugin:80 - create IPUIPlugin
2023-03-29 13:46:14,131 [INFO] IPUIPlugin:80 - create IPUIPlugin
2023-03-29 13:46:14,131 [INFO] IPUIPlugin:80 - create IPUIPlugin
2023-03-29 13:46:14,132 [INFO] IPUIPlugin:80 - create IPUIPlugin
2023-03-29 13:46:14,132 [INFO] IPUIPlugin:80 - create IPUIPlugin
2023-03-29 13:46:14,132 [INFO] IPUIPlugin:80 - create IPUIPlugin
2023-03-29 13:46:14,132 [INFO] IPUIPlugin:80 - create IPUIPlugin
2023-03-29 13:46:14,132 [INFO] IPUIPlugin:80 - create IPUIPlugin
2023-03-29 13:46:14,133 [INFO] IPUIPlugin:80 - create IPUIPlugin
2023-03-29 13:46:14,133 [INFO] IPUIPlugin:80 - create IPUIPlugin
2023-03-29 13:46:14,134 [INFO] IPUIPlugin:80 - create IPUIPlugin
2023-03-29 13:46:14,134 [INFO] IPUIPlugin:80 - create IPUIPlugin
2023-03-29 13:46:14,354 [INFO] CADModel:165 - CPN selected for project levelSTM32WB55RGV6
2023-03-29 13:46:14,355 [INFO] CADModel:114 - Register for checkConnection events
2023-03-29 13:46:14,397 [INFO] OpenFileManager:328 - Restore cursor
2023-03-29 13:46:33,429 [INFO] UtilMem:75 - End SaveConfig() Used Memory: 511749544 Bytes (625999872)
2023-03-29 13:46:34,968 [INFO] UtilMem:75 - End SaveConfig() Used Memory: 504766912 Bytes (625999872)
2023-03-29 13:46:37,169 [INFO] UtilMem:75 - End SaveConfig() Used Memory: 547200480 Bytes (625999872)
2023-03-29 13:46:37,726 [INFO] BlockDiagram:2759 - set Specific Code input for plugin: SPI
2023-03-29 13:46:37,726 [INFO] BlockDiagram:2759 - set Specific Code input for plugin: NVIC
2023-03-29 13:46:37,726 [INFO] BlockDiagram:2759 - set Specific Code input for plugin: TIM1_8WB5
2023-03-29 13:46:37,726 [INFO] BlockDiagram:2759 - set Specific Code input for plugin: USB
2023-03-29 13:46:37,726 [INFO] BlockDiagram:2759 - set Specific Code input for plugin: SYS
2023-03-29 13:46:37,727 [INFO] BlockDiagram:2759 - set Specific Code input for plugin: GPIO
2023-03-29 13:46:37,727 [INFO] BlockDiagram:2759 - set Specific Code input for plugin: RCC
2023-03-29 13:46:37,728 [INFO] CodeGenerator:793 - code generatio: config db path: /opt/st/stm32cubeide_1.12.0/plugins/com.st.stm32cube.common.mx_6.8.0.202302231600//db/
2023-03-29 13:46:38,174 [INFO] CodeEngine:255 - oldGeneratedFile, /home/albin/Documents/GitHub/ResponseTime_PowerConsumption/controller/Controller/MXTmpFiles/license.tmp_save
2023-03-29 13:46:38,654 [INFO] CodeEngine:279 - Generated code: /home/albin/Documents/GitHub/ResponseTime_PowerConsumption/controller/Controller/MXTmpFiles/license.tmp
2023-03-29 13:46:38,819 [INFO] CodeEngine:255 - oldGeneratedFile, /home/albin/Documents/GitHub/ResponseTime_PowerConsumption/controller/Controller/MXTmpFiles/gpio.tmp_save
2023-03-29 13:46:38,984 [INFO] CodeEngine:279 - Generated code: /home/albin/Documents/GitHub/ResponseTime_PowerConsumption/controller/Controller/MXTmpFiles/gpio.tmp
2023-03-29 13:46:39,439 [INFO] CodeEngine:255 - oldGeneratedFile, /home/albin/Documents/GitHub/ResponseTime_PowerConsumption/controller/Controller/Core/Src/stm32wbxx_it.c_save
2023-03-29 13:46:39,586 [INFO] CodeEngine:279 - Generated code: /home/albin/Documents/GitHub/ResponseTime_PowerConsumption/controller/Controller/Core/Src/stm32wbxx_it.c
2023-03-29 13:46:39,588 [INFO] CodeEngine:255 - oldGeneratedFile, /home/albin/Documents/GitHub/ResponseTime_PowerConsumption/controller/Controller/Core/Inc/stm32wbxx_it.h_save
2023-03-29 13:46:39,666 [INFO] CodeEngine:279 - Generated code: /home/albin/Documents/GitHub/ResponseTime_PowerConsumption/controller/Controller/Core/Inc/stm32wbxx_it.h
2023-03-29 13:46:39,672 [INFO] CodeEngine:255 - oldGeneratedFile, /home/albin/Documents/GitHub/ResponseTime_PowerConsumption/controller/Controller/Core/Src/stm32wbxx_hal_msp.c_save
2023-03-29 13:46:39,820 [INFO] CodeEngine:279 - Generated code: /home/albin/Documents/GitHub/ResponseTime_PowerConsumption/controller/Controller/Core/Src/stm32wbxx_hal_msp.c
2023-03-29 13:46:39,823 [INFO] CodeEngine:255 - oldGeneratedFile, /home/albin/Documents/GitHub/ResponseTime_PowerConsumption/controller/Controller/MXTmpFiles/system.tmp_save
2023-03-29 13:46:39,884 [INFO] CodeEngine:279 - Generated code: /home/albin/Documents/GitHub/ResponseTime_PowerConsumption/controller/Controller/MXTmpFiles/system.tmp
2023-03-29 13:46:39,888 [INFO] CodeEngine:311 - oldGeneratedFile, /home/albin/Documents/GitHub/ResponseTime_PowerConsumption/controller/Controller/Core/Inc/stm32wbxx_hal_conf.h_save
2023-03-29 13:46:39,960 [INFO] CodeEngine:335 - Generated code: /home/albin/Documents/GitHub/ResponseTime_PowerConsumption/controller/Controller/Core/Inc/stm32wbxx_hal_conf.h
2023-03-29 13:46:39,978 [WARN] IPConfigManager:2937 - Warning: the RefConfig RCC_PClockConfig is not available in your config.xml file
2023-03-29 13:46:39,988 [WARN] IPConfigManager:3431 - IP not found : TIM
2023-03-29 13:46:39,990 [WARN] CodeGenerator:3754 - IP not found : null
2023-03-29 13:46:39,993 [INFO] CodeEngine:255 - oldGeneratedFile, /home/albin/Documents/GitHub/ResponseTime_PowerConsumption/controller/Controller/Core/Inc/main.h_save
2023-03-29 13:46:40,112 [INFO] CodeEngine:279 - Generated code: /home/albin/Documents/GitHub/ResponseTime_PowerConsumption/controller/Controller/Core/Inc/main.h
2023-03-29 13:46:40,118 [INFO] CodeEngine:255 - oldGeneratedFile, /home/albin/Documents/GitHub/ResponseTime_PowerConsumption/controller/Controller/Core/Src/main.c_save
2023-03-29 13:46:40,330 [INFO] CodeEngine:279 - Generated code: /home/albin/Documents/GitHub/ResponseTime_PowerConsumption/controller/Controller/Core/Src/main.c
2023-03-29 13:46:41,132 [INFO] ProjectBuilder:2996 - Time for Copy HAL[1] : 76mS.
2023-03-29 13:46:41,157 [INFO] ProjectBuilder:4304 - Project Generator version: 3.19.2
2023-03-29 13:46:41,491 [INFO] ConfigFileManager:1483 - The Die is : DIE495
2023-03-29 13:46:41,504 [INFO] ApiDbMcu:507 - Load IP Config File for FATFS
2023-03-29 13:46:41,509 [INFO] ApiDbMcu:507 - Load IP Config File for FREERTOS
2023-03-29 13:46:41,526 [INFO] ApiDbMcu:507 - Load IP Config File for STM32_WPAN
2023-03-29 13:46:41,536 [INFO] ApiDbMcu:507 - Load IP Config File for TOUCHSENSING
2023-03-29 13:46:41,543 [INFO] ApiDbMcu:507 - Load IP Config File for USB_Device
2023-03-29 13:46:42,470 [INFO] LogOutputStream:77 - [STDOUT_REDIRECT] 
2023-03-29 13:46:43,413 [INFO] ProjectBuilder:4505 - Time for Generating toolchain IDE Files: 2257mS.
2023-03-29 13:46:43,415 [INFO] ProjectBuilder:2867 - Time for Copy CMSIS : 0mS.
2023-03-29 13:46:43,417 [INFO] ProjectBuilder:2867 - Time for Copy CMSIS : 0mS.
2023-03-29 13:51:38,542 [INFO] Gpio:273 - dependency for GPIO [RCC, SPI1, SYS, USB]
2023-03-29 13:51:55,501 [INFO] UtilMem:75 - End SaveConfig() Used Memory: 570571648 Bytes (899678208)
2023-03-29 13:52:15,986 [INFO] Gpio:273 - dependency for GPIO [RCC, SPI1, SYS, USB]
2023-03-29 13:52:16,034 [INFO] NvicIntPanel:101 - NVIC parent = com.st.microxplorer.plugins.ip.nvic.MultiNvicIntPanel[,0,0,0x0,invalid,layout=javax.swing.BoxLayout,alignmentX=0.0,alignmentY=0.0,border=,flags=9,maximumSize=,minimumSize=,preferredSize=]
2023-03-29 13:52:16,110 [INFO] Gpio:273 - dependency for GPIO [RCC, SPI1, SYS, USB]
2023-03-29 13:52:16,157 [INFO] NvicIntPanel:101 - NVIC parent = com.st.microxplorer.plugins.ip.nvic.MultiNvicIntPanel[,0,0,0x0,invalid,layout=javax.swing.BoxLayout,alignmentX=0.0,alignmentY=0.0,border=,flags=9,maximumSize=,minimumSize=,preferredSize=]
2023-03-29 13:52:16,310 [INFO] Gpio:273 - dependency for GPIO [RCC, SPI1, SYS, USB]
2023-03-29 13:52:16,353 [INFO] NvicIntPanel:101 - NVIC parent = com.st.microxplorer.plugins.ip.nvic.MultiNvicIntPanel[,0,0,0x0,invalid,layout=javax.swing.BoxLayout,alignmentX=0.0,alignmentY=0.0,border=,flags=9,maximumSize=,minimumSize=,preferredSize=]
2023-03-29 13:52:35,577 [INFO] UtilMem:75 - End SaveConfig() Used Memory: 554811872 Bytes (899678208)
2023-03-29 13:52:38,602 [INFO] UtilMem:75 - End SaveConfig() Used Memory: 729924080 Bytes (899678208)
2023-03-29 13:52:40,399 [INFO] UtilMem:75 - End SaveConfig() Used Memory: 783241176 Bytes (899678208)
2023-03-29 13:52:40,638 [INFO] BlockDiagram:2759 - set Specific Code input for plugin: SPI
2023-03-29 13:52:40,638 [INFO] BlockDiagram:2759 - set Specific Code input for plugin: NVIC
2023-03-29 13:52:40,638 [INFO] BlockDiagram:2759 - set Specific Code input for plugin: TIM1_8WB5
2023-03-29 13:52:40,638 [INFO] BlockDiagram:2759 - set Specific Code input for plugin: USB
2023-03-29 13:52:40,638 [INFO] BlockDiagram:2759 - set Specific Code input for plugin: SYS
2023-03-29 13:52:40,639 [INFO] BlockDiagram:2759 - set Specific Code input for plugin: GPIO
2023-03-29 13:52:40,639 [INFO] BlockDiagram:2759 - set Specific Code input for plugin: RCC
2023-03-29 13:52:40,639 [INFO] CodeGenerator:793 - code generatio: config db path: /opt/st/stm32cubeide_1.12.0/plugins/com.st.stm32cube.common.mx_6.8.0.202302231600//db/
2023-03-29 13:52:40,820 [INFO] CodeEngine:255 - oldGeneratedFile, /home/albin/Documents/GitHub/ResponseTime_PowerConsumption/controller/Controller/MXTmpFiles/license.tmp_save
2023-03-29 13:52:40,881 [INFO] CodeEngine:279 - Generated code: /home/albin/Documents/GitHub/ResponseTime_PowerConsumption/controller/Controller/MXTmpFiles/license.tmp
2023-03-29 13:52:40,919 [INFO] CodeEngine:255 - oldGeneratedFile, /home/albin/Documents/GitHub/ResponseTime_PowerConsumption/controller/Controller/MXTmpFiles/gpio.tmp_save
2023-03-29 13:52:40,979 [INFO] CodeEngine:279 - Generated code: /home/albin/Documents/GitHub/ResponseTime_PowerConsumption/controller/Controller/MXTmpFiles/gpio.tmp
2023-03-29 13:52:41,154 [INFO] CodeEngine:255 - oldGeneratedFile, /home/albin/Documents/GitHub/ResponseTime_PowerConsumption/controller/Controller/Core/Src/stm32wbxx_it.c_save
2023-03-29 13:52:41,215 [INFO] CodeEngine:279 - Generated code: /home/albin/Documents/GitHub/ResponseTime_PowerConsumption/controller/Controller/Core/Src/stm32wbxx_it.c
2023-03-29 13:52:41,218 [INFO] CodeEngine:255 - oldGeneratedFile, /home/albin/Documents/GitHub/ResponseTime_PowerConsumption/controller/Controller/Core/Inc/stm32wbxx_it.h_save
2023-03-29 13:52:41,271 [INFO] CodeEngine:279 - Generated code: /home/albin/Documents/GitHub/ResponseTime_PowerConsumption/controller/Controller/Core/Inc/stm32wbxx_it.h
2023-03-29 13:52:41,274 [INFO] CodeEngine:255 - oldGeneratedFile, /home/albin/Documents/GitHub/ResponseTime_PowerConsumption/controller/Controller/Core/Src/stm32wbxx_hal_msp.c_save
2023-03-29 13:52:41,359 [INFO] CodeEngine:279 - Generated code: /home/albin/Documents/GitHub/ResponseTime_PowerConsumption/controller/Controller/Core/Src/stm32wbxx_hal_msp.c
2023-03-29 13:52:41,361 [INFO] CodeEngine:255 - oldGeneratedFile, /home/albin/Documents/GitHub/ResponseTime_PowerConsumption/controller/Controller/MXTmpFiles/system.tmp_save
2023-03-29 13:52:41,416 [INFO] CodeEngine:279 - Generated code: /home/albin/Documents/GitHub/ResponseTime_PowerConsumption/controller/Controller/MXTmpFiles/system.tmp
2023-03-29 13:52:41,417 [INFO] CodeEngine:311 - oldGeneratedFile, /home/albin/Documents/GitHub/ResponseTime_PowerConsumption/controller/Controller/Core/Inc/stm32wbxx_hal_conf.h_save
2023-03-29 13:52:41,479 [INFO] CodeEngine:335 - Generated code: /home/albin/Documents/GitHub/ResponseTime_PowerConsumption/controller/Controller/Core/Inc/stm32wbxx_hal_conf.h
2023-03-29 13:52:41,487 [WARN] IPConfigManager:2937 - Warning: the RefConfig RCC_PClockConfig is not available in your config.xml file
2023-03-29 13:52:41,489 [WARN] IPConfigManager:3431 - IP not found : TIM
2023-03-29 13:52:41,490 [WARN] CodeGenerator:3754 - IP not found : null
2023-03-29 13:52:41,494 [INFO] CodeEngine:255 - oldGeneratedFile, /home/albin/Documents/GitHub/ResponseTime_PowerConsumption/controller/Controller/Core/Inc/main.h_save
2023-03-29 13:52:41,554 [INFO] CodeEngine:279 - Generated code: /home/albin/Documents/GitHub/ResponseTime_PowerConsumption/controller/Controller/Core/Inc/main.h
2023-03-29 13:52:41,555 [INFO] CodeEngine:255 - oldGeneratedFile, /home/albin/Documents/GitHub/ResponseTime_PowerConsumption/controller/Controller/Core/Src/main.c_save
2023-03-29 13:52:41,657 [INFO] CodeEngine:279 - Generated code: /home/albin/Documents/GitHub/ResponseTime_PowerConsumption/controller/Controller/Core/Src/main.c
2023-03-29 13:52:42,140 [INFO] ProjectBuilder:2996 - Time for Copy HAL[1] : 26mS.
2023-03-29 13:52:42,142 [INFO] ProjectBuilder:4304 - Project Generator version: 3.19.2
2023-03-29 13:52:42,354 [INFO] ConfigFileManager:1483 - The Die is : DIE495
2023-03-29 13:52:43,550 [INFO] ProjectBuilder:4505 - Time for Generating toolchain IDE Files: 1407mS.
2023-03-29 13:52:43,551 [INFO] ProjectBuilder:2867 - Time for Copy CMSIS : 0mS.
2023-03-29 13:52:43,551 [INFO] ProjectBuilder:2867 - Time for Copy CMSIS : 0mS.
2023-03-29 14:11:36,255 [INFO] Gpio:273 - dependency for GPIO [RCC, SPI1, SYS, USB]
2023-03-29 14:11:36,313 [INFO] NvicIntPanel:101 - NVIC parent = com.st.microxplorer.plugins.ip.nvic.MultiNvicIntPanel[,0,0,0x0,invalid,layout=javax.swing.BoxLayout,alignmentX=0.0,alignmentY=0.0,border=,flags=9,maximumSize=,minimumSize=,preferredSize=]
2023-03-29 14:11:36,421 [INFO] Gpio:273 - dependency for GPIO [RCC, SPI1, SYS, USB]
2023-03-29 14:11:36,454 [INFO] NvicIntPanel:101 - NVIC parent = com.st.microxplorer.plugins.ip.nvic.MultiNvicIntPanel[,0,0,0x0,invalid,layout=javax.swing.BoxLayout,alignmentX=0.0,alignmentY=0.0,border=,flags=9,maximumSize=,minimumSize=,preferredSize=]
2023-03-29 14:11:42,075 [INFO] Gpio:273 - dependency for GPIO [RCC, SPI1, SYS, USB]
2023-03-29 14:11:42,111 [INFO] NvicIntPanel:101 - NVIC parent = com.st.microxplorer.plugins.ip.nvic.MultiNvicIntPanel[,0,0,0x0,invalid,layout=javax.swing.BoxLayout,alignmentX=0.0,alignmentY=0.0,border=,flags=9,maximumSize=,minimumSize=,preferredSize=]
2023-03-29 14:11:42,224 [INFO] Gpio:273 - dependency for GPIO [RCC, SPI1, SYS, USB]
2023-03-29 14:11:42,259 [INFO] NvicIntPanel:101 - NVIC parent = com.st.microxplorer.plugins.ip.nvic.MultiNvicIntPanel[,0,0,0x0,invalid,layout=javax.swing.BoxLayout,alignmentX=0.0,alignmentY=0.0,border=,flags=9,maximumSize=,minimumSize=,preferredSize=]
2023-03-29 14:12:04,851 [INFO] UtilMem:75 - End SaveConfig() Used Memory: 323993528 Bytes (912261120)
2023-03-29 14:12:06,630 [INFO] UtilMem:75 - End SaveConfig() Used Memory: 365724008 Bytes (912261120)
2023-03-29 14:12:08,413 [INFO] UtilMem:75 - End SaveConfig() Used Memory: 448353360 Bytes (912261120)
2023-03-29 14:12:08,645 [INFO] BlockDiagram:2759 - set Specific Code input for plugin: SPI
2023-03-29 14:12:08,645 [INFO] BlockDiagram:2759 - set Specific Code input for plugin: NVIC
2023-03-29 14:12:08,645 [INFO] BlockDiagram:2759 - set Specific Code input for plugin: TIM1_8WB5
2023-03-29 14:12:08,645 [INFO] BlockDiagram:2759 - set Specific Code input for plugin: USB
2023-03-29 14:12:08,645 [INFO] BlockDiagram:2759 - set Specific Code input for plugin: SYS
2023-03-29 14:12:08,646 [INFO] BlockDiagram:2759 - set Specific Code input for plugin: GPIO
2023-03-29 14:12:08,646 [INFO] BlockDiagram:2759 - set Specific Code input for plugin: RCC
2023-03-29 14:12:08,646 [INFO] CodeGenerator:793 - code generatio: config db path: /opt/st/stm32cubeide_1.12.0/plugins/com.st.stm32cube.common.mx_6.8.0.202302231600//db/
2023-03-29 14:12:08,818 [INFO] CodeEngine:255 - oldGeneratedFile, /home/albin/Documents/GitHub/ResponseTime_PowerConsumption/controller/Controller/MXTmpFiles/license.tmp_save
2023-03-29 14:12:08,903 [INFO] CodeEngine:279 - Generated code: /home/albin/Documents/GitHub/ResponseTime_PowerConsumption/controller/Controller/MXTmpFiles/license.tmp
2023-03-29 14:12:08,937 [INFO] CodeEngine:255 - oldGeneratedFile, /home/albin/Documents/GitHub/ResponseTime_PowerConsumption/controller/Controller/MXTmpFiles/gpio.tmp_save
2023-03-29 14:12:09,007 [INFO] CodeEngine:279 - Generated code: /home/albin/Documents/GitHub/ResponseTime_PowerConsumption/controller/Controller/MXTmpFiles/gpio.tmp
2023-03-29 14:12:09,171 [INFO] CodeEngine:255 - oldGeneratedFile, /home/albin/Documents/GitHub/ResponseTime_PowerConsumption/controller/Controller/Core/Src/stm32wbxx_it.c_save
2023-03-29 14:12:09,362 [INFO] CodeEngine:279 - Generated code: /home/albin/Documents/GitHub/ResponseTime_PowerConsumption/controller/Controller/Core/Src/stm32wbxx_it.c
2023-03-29 14:12:09,364 [INFO] CodeEngine:255 - oldGeneratedFile, /home/albin/Documents/GitHub/ResponseTime_PowerConsumption/controller/Controller/Core/Inc/stm32wbxx_it.h_save
2023-03-29 14:12:09,415 [INFO] CodeEngine:279 - Generated code: /home/albin/Documents/GitHub/ResponseTime_PowerConsumption/controller/Controller/Core/Inc/stm32wbxx_it.h
2023-03-29 14:12:09,419 [INFO] CodeEngine:255 - oldGeneratedFile, /home/albin/Documents/GitHub/ResponseTime_PowerConsumption/controller/Controller/Core/Src/stm32wbxx_hal_msp.c_save
2023-03-29 14:12:09,617 [INFO] CodeEngine:279 - Generated code: /home/albin/Documents/GitHub/ResponseTime_PowerConsumption/controller/Controller/Core/Src/stm32wbxx_hal_msp.c
2023-03-29 14:12:09,619 [INFO] CodeEngine:255 - oldGeneratedFile, /home/albin/Documents/GitHub/ResponseTime_PowerConsumption/controller/Controller/MXTmpFiles/system.tmp_save
2023-03-29 14:12:09,669 [INFO] CodeEngine:279 - Generated code: /home/albin/Documents/GitHub/ResponseTime_PowerConsumption/controller/Controller/MXTmpFiles/system.tmp
2023-03-29 14:12:09,671 [INFO] CodeEngine:311 - oldGeneratedFile, /home/albin/Documents/GitHub/ResponseTime_PowerConsumption/controller/Controller/Core/Inc/stm32wbxx_hal_conf.h_save
2023-03-29 14:12:09,724 [INFO] CodeEngine:335 - Generated code: /home/albin/Documents/GitHub/ResponseTime_PowerConsumption/controller/Controller/Core/Inc/stm32wbxx_hal_conf.h
2023-03-29 14:12:09,732 [WARN] IPConfigManager:2937 - Warning: the RefConfig RCC_PClockConfig is not available in your config.xml file
2023-03-29 14:12:09,735 [WARN] IPConfigManager:3431 - IP not found : TIM
2023-03-29 14:12:09,735 [WARN] CodeGenerator:3754 - IP not found : null
2023-03-29 14:12:09,737 [INFO] CodeEngine:255 - oldGeneratedFile, /home/albin/Documents/GitHub/ResponseTime_PowerConsumption/controller/Controller/Core/Inc/main.h_save
2023-03-29 14:12:09,817 [INFO] CodeEngine:279 - Generated code: /home/albin/Documents/GitHub/ResponseTime_PowerConsumption/controller/Controller/Core/Inc/main.h
2023-03-29 14:12:09,818 [INFO] CodeEngine:255 - oldGeneratedFile, /home/albin/Documents/GitHub/ResponseTime_PowerConsumption/controller/Controller/Core/Src/main.c_save
2023-03-29 14:12:09,920 [INFO] CodeEngine:279 - Generated code: /home/albin/Documents/GitHub/ResponseTime_PowerConsumption/controller/Controller/Core/Src/main.c
2023-03-29 14:12:10,403 [INFO] ProjectBuilder:2996 - Time for Copy HAL[1] : 27mS.
2023-03-29 14:12:10,404 [INFO] ProjectBuilder:4304 - Project Generator version: 3.19.2
2023-03-29 14:12:10,616 [INFO] ConfigFileManager:1483 - The Die is : DIE495
2023-03-29 14:12:11,741 [INFO] ProjectBuilder:4505 - Time for Generating toolchain IDE Files: 1336mS.
2023-03-29 14:12:11,741 [INFO] ProjectBuilder:2867 - Time for Copy CMSIS : 0mS.
2023-03-29 14:12:11,742 [INFO] ProjectBuilder:2867 - Time for Copy CMSIS : 0mS.
2023-03-29 14:12:50,161 [INFO] Gpio:273 - dependency for GPIO [RCC, SPI1, SYS, USB]
2023-03-29 14:12:50,202 [INFO] NvicIntPanel:101 - NVIC parent = com.st.microxplorer.plugins.ip.nvic.MultiNvicIntPanel[,0,0,0x0,invalid,layout=javax.swing.BoxLayout,alignmentX=0.0,alignmentY=0.0,border=,flags=9,maximumSize=,minimumSize=,preferredSize=]
2023-03-29 14:12:50,318 [INFO] Gpio:273 - dependency for GPIO [RCC, SPI1, SYS, USB]
2023-03-29 14:12:50,352 [INFO] NvicIntPanel:101 - NVIC parent = com.st.microxplorer.plugins.ip.nvic.MultiNvicIntPanel[,0,0,0x0,invalid,layout=javax.swing.BoxLayout,alignmentX=0.0,alignmentY=0.0,border=,flags=9,maximumSize=,minimumSize=,preferredSize=]
2023-03-29 14:13:14,082 [INFO] UtilMem:75 - End SaveConfig() Used Memory: 495947216 Bytes (945815552)
2023-03-29 14:13:16,188 [INFO] UtilMem:75 - End SaveConfig() Used Memory: 535828920 Bytes (945815552)
2023-03-29 14:13:56,891 [INFO] Gpio:273 - dependency for GPIO [RCC, SPI1, SYS, USB]
2023-03-29 14:13:56,924 [INFO] NvicIntPanel:101 - NVIC parent = com.st.microxplorer.plugins.ip.nvic.MultiNvicIntPanel[,0,0,0x0,invalid,layout=javax.swing.BoxLayout,alignmentX=0.0,alignmentY=0.0,border=,flags=9,maximumSize=,minimumSize=,preferredSize=]
2023-03-29 14:13:57,025 [INFO] Gpio:273 - dependency for GPIO [RCC, SPI1, SYS, USB]
2023-03-29 14:13:57,057 [INFO] NvicIntPanel:101 - NVIC parent = com.st.microxplorer.plugins.ip.nvic.MultiNvicIntPanel[,0,0,0x0,invalid,layout=javax.swing.BoxLayout,alignmentX=0.0,alignmentY=0.0,border=,flags=9,maximumSize=,minimumSize=,preferredSize=]
2023-03-29 14:14:35,957 [INFO] UtilMem:75 - End SaveConfig() Used Memory: 633886880 Bytes (945815552)
2023-03-29 14:14:36,162 [INFO] BlockDiagram:2759 - set Specific Code input for plugin: SPI
2023-03-29 14:14:36,163 [INFO] BlockDiagram:2759 - set Specific Code input for plugin: NVIC
2023-03-29 14:14:36,163 [INFO] BlockDiagram:2759 - set Specific Code input for plugin: TIM1_8WB5
2023-03-29 14:14:36,163 [INFO] BlockDiagram:2759 - set Specific Code input for plugin: USB
2023-03-29 14:14:36,163 [INFO] BlockDiagram:2759 - set Specific Code input for plugin: SYS
2023-03-29 14:14:36,163 [INFO] BlockDiagram:2759 - set Specific Code input for plugin: GPIO
2023-03-29 14:14:36,164 [INFO] BlockDiagram:2759 - set Specific Code input for plugin: RCC
2023-03-29 14:14:36,164 [INFO] CodeGenerator:793 - code generatio: config db path: /opt/st/stm32cubeide_1.12.0/plugins/com.st.stm32cube.common.mx_6.8.0.202302231600//db/
2023-03-29 14:14:36,342 [INFO] CodeEngine:255 - oldGeneratedFile, /home/albin/Documents/GitHub/ResponseTime_PowerConsumption/controller/Controller/MXTmpFiles/license.tmp_save
2023-03-29 14:14:36,405 [INFO] CodeEngine:279 - Generated code: /home/albin/Documents/GitHub/ResponseTime_PowerConsumption/controller/Controller/MXTmpFiles/license.tmp
2023-03-29 14:14:36,445 [INFO] CodeEngine:255 - oldGeneratedFile, /home/albin/Documents/GitHub/ResponseTime_PowerConsumption/controller/Controller/MXTmpFiles/gpio.tmp_save
2023-03-29 14:14:36,506 [INFO] CodeEngine:279 - Generated code: /home/albin/Documents/GitHub/ResponseTime_PowerConsumption/controller/Controller/MXTmpFiles/gpio.tmp
2023-03-29 14:14:36,669 [INFO] CodeEngine:255 - oldGeneratedFile, /home/albin/Documents/GitHub/ResponseTime_PowerConsumption/controller/Controller/Core/Src/stm32wbxx_it.c_save
2023-03-29 14:14:36,738 [INFO] CodeEngine:279 - Generated code: /home/albin/Documents/GitHub/ResponseTime_PowerConsumption/controller/Controller/Core/Src/stm32wbxx_it.c
2023-03-29 14:14:36,739 [INFO] CodeEngine:255 - oldGeneratedFile, /home/albin/Documents/GitHub/ResponseTime_PowerConsumption/controller/Controller/Core/Inc/stm32wbxx_it.h_save
2023-03-29 14:14:36,789 [INFO] CodeEngine:279 - Generated code: /home/albin/Documents/GitHub/ResponseTime_PowerConsumption/controller/Controller/Core/Inc/stm32wbxx_it.h
2023-03-29 14:14:36,793 [INFO] CodeEngine:255 - oldGeneratedFile, /home/albin/Documents/GitHub/ResponseTime_PowerConsumption/controller/Controller/Core/Src/stm32wbxx_hal_msp.c_save
2023-03-29 14:14:36,871 [INFO] CodeEngine:279 - Generated code: /home/albin/Documents/GitHub/ResponseTime_PowerConsumption/controller/Controller/Core/Src/stm32wbxx_hal_msp.c
2023-03-29 14:14:36,872 [INFO] CodeEngine:255 - oldGeneratedFile, /home/albin/Documents/GitHub/ResponseTime_PowerConsumption/controller/Controller/MXTmpFiles/system.tmp_save
2023-03-29 14:14:36,920 [INFO] CodeEngine:279 - Generated code: /home/albin/Documents/GitHub/ResponseTime_PowerConsumption/controller/Controller/MXTmpFiles/system.tmp
2023-03-29 14:14:36,921 [INFO] CodeEngine:311 - oldGeneratedFile, /home/albin/Documents/GitHub/ResponseTime_PowerConsumption/controller/Controller/Core/Inc/stm32wbxx_hal_conf.h_save
2023-03-29 14:14:36,976 [INFO] CodeEngine:335 - Generated code: /home/albin/Documents/GitHub/ResponseTime_PowerConsumption/controller/Controller/Core/Inc/stm32wbxx_hal_conf.h
2023-03-29 14:14:36,982 [WARN] IPConfigManager:2937 - Warning: the RefConfig RCC_PClockConfig is not available in your config.xml file
2023-03-29 14:14:36,985 [WARN] IPConfigManager:3431 - IP not found : TIM
2023-03-29 14:14:36,985 [WARN] CodeGenerator:3754 - IP not found : null
2023-03-29 14:14:36,987 [INFO] CodeEngine:255 - oldGeneratedFile, /home/albin/Documents/GitHub/ResponseTime_PowerConsumption/controller/Controller/Core/Inc/main.h_save
2023-03-29 14:14:37,040 [INFO] CodeEngine:279 - Generated code: /home/albin/Documents/GitHub/ResponseTime_PowerConsumption/controller/Controller/Core/Inc/main.h
2023-03-29 14:14:37,042 [INFO] CodeEngine:255 - oldGeneratedFile, /home/albin/Documents/GitHub/ResponseTime_PowerConsumption/controller/Controller/Core/Src/main.c_save
2023-03-29 14:14:37,130 [INFO] CodeEngine:279 - Generated code: /home/albin/Documents/GitHub/ResponseTime_PowerConsumption/controller/Controller/Core/Src/main.c
2023-03-29 14:14:37,632 [INFO] ProjectBuilder:2996 - Time for Copy HAL[1] : 27mS.
2023-03-29 14:14:37,634 [INFO] ProjectBuilder:4304 - Project Generator version: 3.19.2
2023-03-29 14:14:37,894 [INFO] ConfigFileManager:1483 - The Die is : DIE495
2023-03-29 14:14:38,882 [INFO] ProjectBuilder:4505 - Time for Generating toolchain IDE Files: 1248mS.
2023-03-29 14:14:38,882 [INFO] ProjectBuilder:2867 - Time for Copy CMSIS : 0mS.
2023-03-29 14:14:38,883 [INFO] ProjectBuilder:2867 - Time for Copy CMSIS : 0mS.
2023-03-29 14:14:47,270 [INFO] UtilMem:75 - End SaveConfig() Used Memory: 362836968 Bytes (945815552)
2023-03-29 14:14:49,231 [INFO] UtilMem:75 - End SaveConfig() Used Memory: 418163656 Bytes (945815552)
2023-03-29 14:14:51,785 [INFO] UtilMem:75 - End SaveConfig() Used Memory: 552381616 Bytes (945815552)
2023-03-29 14:14:52,015 [INFO] BlockDiagram:2759 - set Specific Code input for plugin: SPI
2023-03-29 14:14:52,015 [INFO] BlockDiagram:2759 - set Specific Code input for plugin: NVIC
2023-03-29 14:14:52,015 [INFO] BlockDiagram:2759 - set Specific Code input for plugin: TIM1_8WB5
2023-03-29 14:14:52,015 [INFO] BlockDiagram:2759 - set Specific Code input for plugin: USB
2023-03-29 14:14:52,015 [INFO] BlockDiagram:2759 - set Specific Code input for plugin: SYS
2023-03-29 14:14:52,016 [INFO] BlockDiagram:2759 - set Specific Code input for plugin: GPIO
2023-03-29 14:14:52,016 [INFO] BlockDiagram:2759 - set Specific Code input for plugin: RCC
2023-03-29 14:14:52,016 [INFO] CodeGenerator:793 - code generatio: config db path: /opt/st/stm32cubeide_1.12.0/plugins/com.st.stm32cube.common.mx_6.8.0.202302231600//db/
2023-03-29 14:14:52,210 [INFO] CodeEngine:255 - oldGeneratedFile, /home/albin/Documents/GitHub/ResponseTime_PowerConsumption/controller/Controller/MXTmpFiles/license.tmp_save
2023-03-29 14:14:52,263 [INFO] CodeEngine:279 - Generated code: /home/albin/Documents/GitHub/ResponseTime_PowerConsumption/controller/Controller/MXTmpFiles/license.tmp
2023-03-29 14:14:52,303 [INFO] CodeEngine:255 - oldGeneratedFile, /home/albin/Documents/GitHub/ResponseTime_PowerConsumption/controller/Controller/MXTmpFiles/gpio.tmp_save
2023-03-29 14:14:52,358 [INFO] CodeEngine:279 - Generated code: /home/albin/Documents/GitHub/ResponseTime_PowerConsumption/controller/Controller/MXTmpFiles/gpio.tmp
2023-03-29 14:14:52,511 [INFO] CodeEngine:255 - oldGeneratedFile, /home/albin/Documents/GitHub/ResponseTime_PowerConsumption/controller/Controller/Core/Src/stm32wbxx_it.c_save
2023-03-29 14:14:52,574 [INFO] CodeEngine:279 - Generated code: /home/albin/Documents/GitHub/ResponseTime_PowerConsumption/controller/Controller/Core/Src/stm32wbxx_it.c
2023-03-29 14:14:52,575 [INFO] CodeEngine:255 - oldGeneratedFile, /home/albin/Documents/GitHub/ResponseTime_PowerConsumption/controller/Controller/Core/Inc/stm32wbxx_it.h_save
2023-03-29 14:14:52,626 [INFO] CodeEngine:279 - Generated code: /home/albin/Documents/GitHub/ResponseTime_PowerConsumption/controller/Controller/Core/Inc/stm32wbxx_it.h
2023-03-29 14:14:52,629 [INFO] CodeEngine:255 - oldGeneratedFile, /home/albin/Documents/GitHub/ResponseTime_PowerConsumption/controller/Controller/Core/Src/stm32wbxx_hal_msp.c_save
2023-03-29 14:14:52,709 [INFO] CodeEngine:279 - Generated code: /home/albin/Documents/GitHub/ResponseTime_PowerConsumption/controller/Controller/Core/Src/stm32wbxx_hal_msp.c
2023-03-29 14:14:52,710 [INFO] CodeEngine:255 - oldGeneratedFile, /home/albin/Documents/GitHub/ResponseTime_PowerConsumption/controller/Controller/MXTmpFiles/system.tmp_save
2023-03-29 14:14:52,758 [INFO] CodeEngine:279 - Generated code: /home/albin/Documents/GitHub/ResponseTime_PowerConsumption/controller/Controller/MXTmpFiles/system.tmp
2023-03-29 14:14:52,760 [INFO] CodeEngine:311 - oldGeneratedFile, /home/albin/Documents/GitHub/ResponseTime_PowerConsumption/controller/Controller/Core/Inc/stm32wbxx_hal_conf.h_save
2023-03-29 14:14:52,815 [INFO] CodeEngine:335 - Generated code: /home/albin/Documents/GitHub/ResponseTime_PowerConsumption/controller/Controller/Core/Inc/stm32wbxx_hal_conf.h
2023-03-29 14:14:52,822 [WARN] IPConfigManager:2937 - Warning: the RefConfig RCC_PClockConfig is not available in your config.xml file
2023-03-29 14:14:52,826 [WARN] IPConfigManager:3431 - IP not found : TIM
2023-03-29 14:14:52,826 [WARN] CodeGenerator:3754 - IP not found : null
2023-03-29 14:14:52,828 [INFO] CodeEngine:255 - oldGeneratedFile, /home/albin/Documents/GitHub/ResponseTime_PowerConsumption/controller/Controller/Core/Inc/main.h_save
2023-03-29 14:14:52,890 [INFO] CodeEngine:279 - Generated code: /home/albin/Documents/GitHub/ResponseTime_PowerConsumption/controller/Controller/Core/Inc/main.h
2023-03-29 14:14:52,892 [INFO] CodeEngine:255 - oldGeneratedFile, /home/albin/Documents/GitHub/ResponseTime_PowerConsumption/controller/Controller/Core/Src/main.c_save
2023-03-29 14:14:52,985 [INFO] CodeEngine:279 - Generated code: /home/albin/Documents/GitHub/ResponseTime_PowerConsumption/controller/Controller/Core/Src/main.c
2023-03-29 14:14:53,495 [INFO] ProjectBuilder:2996 - Time for Copy HAL[1] : 21mS.
2023-03-29 14:14:53,496 [INFO] ProjectBuilder:4304 - Project Generator version: 3.19.2
2023-03-29 14:14:53,702 [INFO] ConfigFileManager:1483 - The Die is : DIE495
2023-03-29 14:14:54,736 [INFO] ProjectBuilder:4505 - Time for Generating toolchain IDE Files: 1240mS.
2023-03-29 14:14:54,736 [INFO] ProjectBuilder:2867 - Time for Copy CMSIS : 0mS.
2023-03-29 14:14:54,737 [INFO] ProjectBuilder:2867 - Time for Copy CMSIS : 0mS.
2023-03-29 14:15:47,920 [INFO] Gpio:273 - dependency for GPIO [RCC, SPI1, SYS, USB]
2023-03-29 14:15:51,730 [INFO] NvicIntPanel:101 - NVIC parent = com.st.microxplorer.plugins.ip.nvic.MultiNvicIntPanel[,2,26,546x697,layout=javax.swing.BoxLayout,alignmentX=0.0,alignmentY=0.0,border=,flags=9,maximumSize=,minimumSize=,preferredSize=]
2023-03-29 14:15:55,098 [INFO] Gpio:273 - dependency for GPIO [RCC, SPI1, SYS, USB]
2023-03-29 14:16:07,351 [INFO] UtilMem:75 - End SaveConfig() Used Memory: 502476800 Bytes (974127104)
2023-03-29 14:16:09,527 [INFO] UtilMem:75 - End SaveConfig() Used Memory: 616245248 Bytes (974127104)
2023-03-29 14:16:12,286 [INFO] UtilMem:75 - End SaveConfig() Used Memory: 295761592 Bytes (974127104)
2023-03-29 14:16:12,503 [INFO] BlockDiagram:2759 - set Specific Code input for plugin: SPI
2023-03-29 14:16:12,503 [INFO] BlockDiagram:2759 - set Specific Code input for plugin: NVIC
2023-03-29 14:16:12,503 [INFO] BlockDiagram:2759 - set Specific Code input for plugin: TIM1_8WB5
2023-03-29 14:16:12,503 [INFO] BlockDiagram:2759 - set Specific Code input for plugin: USB
2023-03-29 14:16:12,503 [INFO] BlockDiagram:2759 - set Specific Code input for plugin: SYS
2023-03-29 14:16:12,504 [INFO] BlockDiagram:2759 - set Specific Code input for plugin: GPIO
2023-03-29 14:16:12,504 [INFO] BlockDiagram:2759 - set Specific Code input for plugin: RCC
2023-03-29 14:16:12,504 [INFO] CodeGenerator:793 - code generatio: config db path: /opt/st/stm32cubeide_1.12.0/plugins/com.st.stm32cube.common.mx_6.8.0.202302231600//db/
2023-03-29 14:16:12,680 [INFO] CodeEngine:255 - oldGeneratedFile, /home/albin/Documents/GitHub/ResponseTime_PowerConsumption/controller/Controller/MXTmpFiles/license.tmp_save
2023-03-29 14:16:12,732 [INFO] CodeEngine:279 - Generated code: /home/albin/Documents/GitHub/ResponseTime_PowerConsumption/controller/Controller/MXTmpFiles/license.tmp
2023-03-29 14:16:12,768 [INFO] CodeEngine:255 - oldGeneratedFile, /home/albin/Documents/GitHub/ResponseTime_PowerConsumption/controller/Controller/MXTmpFiles/gpio.tmp_save
2023-03-29 14:16:12,820 [INFO] CodeEngine:279 - Generated code: /home/albin/Documents/GitHub/ResponseTime_PowerConsumption/controller/Controller/MXTmpFiles/gpio.tmp
2023-03-29 14:16:12,973 [INFO] CodeEngine:255 - oldGeneratedFile, /home/albin/Documents/GitHub/ResponseTime_PowerConsumption/controller/Controller/Core/Src/stm32wbxx_it.c_save
2023-03-29 14:16:13,071 [INFO] CodeEngine:279 - Generated code: /home/albin/Documents/GitHub/ResponseTime_PowerConsumption/controller/Controller/Core/Src/stm32wbxx_it.c
2023-03-29 14:16:13,072 [INFO] CodeEngine:255 - oldGeneratedFile, /home/albin/Documents/GitHub/ResponseTime_PowerConsumption/controller/Controller/Core/Inc/stm32wbxx_it.h_save
2023-03-29 14:16:13,159 [INFO] CodeEngine:279 - Generated code: /home/albin/Documents/GitHub/ResponseTime_PowerConsumption/controller/Controller/Core/Inc/stm32wbxx_it.h
2023-03-29 14:16:13,162 [INFO] CodeEngine:255 - oldGeneratedFile, /home/albin/Documents/GitHub/ResponseTime_PowerConsumption/controller/Controller/Core/Src/stm32wbxx_hal_msp.c_save
2023-03-29 14:16:13,241 [INFO] CodeEngine:279 - Generated code: /home/albin/Documents/GitHub/ResponseTime_PowerConsumption/controller/Controller/Core/Src/stm32wbxx_hal_msp.c
2023-03-29 14:16:13,242 [INFO] CodeEngine:255 - oldGeneratedFile, /home/albin/Documents/GitHub/ResponseTime_PowerConsumption/controller/Controller/MXTmpFiles/system.tmp_save
2023-03-29 14:16:13,293 [INFO] CodeEngine:279 - Generated code: /home/albin/Documents/GitHub/ResponseTime_PowerConsumption/controller/Controller/MXTmpFiles/system.tmp
2023-03-29 14:16:13,296 [INFO] CodeEngine:311 - oldGeneratedFile, /home/albin/Documents/GitHub/ResponseTime_PowerConsumption/controller/Controller/Core/Inc/stm32wbxx_hal_conf.h_save
2023-03-29 14:16:13,352 [INFO] CodeEngine:335 - Generated code: /home/albin/Documents/GitHub/ResponseTime_PowerConsumption/controller/Controller/Core/Inc/stm32wbxx_hal_conf.h
2023-03-29 14:16:13,357 [WARN] IPConfigManager:2937 - Warning: the RefConfig RCC_PClockConfig is not available in your config.xml file
2023-03-29 14:16:13,360 [WARN] IPConfigManager:3431 - IP not found : TIM
2023-03-29 14:16:13,360 [WARN] CodeGenerator:3754 - IP not found : null
2023-03-29 14:16:13,363 [INFO] CodeEngine:255 - oldGeneratedFile, /home/albin/Documents/GitHub/ResponseTime_PowerConsumption/controller/Controller/Core/Inc/main.h_save
2023-03-29 14:16:13,419 [INFO] CodeEngine:279 - Generated code: /home/albin/Documents/GitHub/ResponseTime_PowerConsumption/controller/Controller/Core/Inc/main.h
2023-03-29 14:16:13,420 [INFO] CodeEngine:255 - oldGeneratedFile, /home/albin/Documents/GitHub/ResponseTime_PowerConsumption/controller/Controller/Core/Src/main.c_save
2023-03-29 14:16:13,511 [INFO] CodeEngine:279 - Generated code: /home/albin/Documents/GitHub/ResponseTime_PowerConsumption/controller/Controller/Core/Src/main.c
2023-03-29 14:16:13,944 [INFO] ProjectBuilder:2996 - Time for Copy HAL[1] : 23mS.
2023-03-29 14:16:13,945 [INFO] ProjectBuilder:4304 - Project Generator version: 3.19.2
2023-03-29 14:16:14,152 [INFO] ConfigFileManager:1483 - The Die is : DIE495
2023-03-29 14:16:15,212 [INFO] ProjectBuilder:4505 - Time for Generating toolchain IDE Files: 1267mS.
2023-03-29 14:16:15,213 [INFO] ProjectBuilder:2867 - Time for Copy CMSIS : 0mS.
2023-03-29 14:16:15,214 [INFO] ProjectBuilder:2867 - Time for Copy CMSIS : 0mS.
2023-03-29 15:02:42,219 [ERROR] LogOutputStream:75 - [STDERR_REDIRECT] SWT SessionManagerDBus: Failed to UnregisterClient: GDBus.Error:org.freedesktop.DBus.Error.NoReply: Message recipient disconnected from message bus without replying
