2023-03-27 11:17:21,589 [INFO] Activator:176 - 


2023-03-27 11:17:21,596 [INFO] Activator:177 - !SESSION log4j initialized
2023-03-27 11:17:26,297 [INFO] LogOutputStream:77 - [STDOUT_REDIRECT] 
2023-03-27 11:17:47,244 [ERROR] LogOutputStream:75 - [STDERR_REDIRECT] SLF4J: Failed to load class "org.slf4j.impl.StaticLoggerBinder".
2023-03-27 11:17:47,245 [ERROR] LogOutputStream:75 - [STDERR_REDIRECT] SLF4J: Defaulting to no-operation (NOP) logger implementation
2023-03-27 11:17:47,245 [ERROR] LogOutputStream:75 - [STDERR_REDIRECT] SLF4J: See http://www.slf4j.org/codes.html#StaticLoggerBinder for further details.
2023-03-27 12:31:32,451 [INFO] ApplicationProperties:184 - Using Application install path: /opt/st/stm32cubeide_1.12.0/plugins/com.st.stm32cube.common.mx_6.8.0.202302231600
2023-03-27 12:31:32,470 [INFO] DbMcusXml:78 - Set database path to: /opt/st/stm32cubeide_1.12.0/plugins/com.st.stm32cube.common.mx_6.8.0.202302231600//db//mcu/
2023-03-27 12:31:32,471 [INFO] ApiDb:274 - Set plugin database path to: /opt/st/stm32cubeide_1.12.0/plugins/com.st.stm32cube.common.mx_6.8.0.202302231600//db//plugins/boardmanager/
2023-03-27 12:31:32,473 [WARN] ApiDb:259 - Overriding images path with different value:  => /opt/st/stm32cubeide_1.12.0/plugins/com.st.stm32cube.common.mx_6.8.0.202302231600//db//plugins/mcufinder/images/
2023-03-27 12:31:32,487 [INFO] ApiDb:250 - Set database path to: /home/albin/.stmcufinder/plugins/mcufinder//mcu/
2023-03-27 12:31:32,489 [INFO] DbMcusAds:125 - Set database path to: /home/albin/.stmcufinder/plugins/mcufinder//mcu/
2023-03-27 12:31:33,159 [INFO] CrossReferenceDbSqlite:203 - Set database path to: /home/albin/.stmcufinder/plugins/mcufinder//mcu/cs/
2023-03-27 12:31:33,313 [INFO] RulesReader:64 - Compatibility file has been processed (293 Rules)
2023-03-27 12:31:33,366 [INFO] DbMcusXml:78 - Set database path to: /opt/st/stm32cubeide_1.12.0/plugins/com.st.stm32cube.common.mx_6.8.0.202302231600//db//mcu/
2023-03-27 12:31:33,366 [INFO] ApiDb:274 - Set plugin database path to: /opt/st/stm32cubeide_1.12.0/plugins/com.st.stm32cube.common.mx_6.8.0.202302231600//db//plugins/boardmanager/
2023-03-27 12:31:33,366 [INFO] ApiDb:261 - Set plugin images path to: /opt/st/stm32cubeide_1.12.0/plugins/com.st.stm32cube.common.mx_6.8.0.202302231600//db//plugins/mcufinder/images/
2023-03-27 12:31:33,367 [WARN] DbFile:41 - Overriding database path with different value: /home/albin/.stmcufinder/plugins/mcufinder/ => /home/albin/.stmcufinder/plugins/mcufinder
2023-03-27 12:31:33,367 [INFO] ApiDb:250 - Set database path to: /home/albin/.stmcufinder/plugins/mcufinder//mcu/
2023-03-27 12:31:33,367 [WARN] DbFile:41 - Overriding database path with different value: /home/albin/.stmcufinder/plugins/mcufinder/ => /home/albin/.stmcufinder/plugins/mcufinder
2023-03-27 12:31:33,367 [INFO] DbMcusAds:125 - Set database path to: /home/albin/.stmcufinder/plugins/mcufinder//mcu/
2023-03-27 12:31:33,367 [WARN] DbFile:41 - Overriding database path with different value: /home/albin/.stmcufinder/plugins/mcufinder/ => /home/albin/.stmcufinder/plugins/mcufinder
2023-03-27 12:31:33,367 [WARN] DbFile:41 - Overriding database path with different value: /home/albin/.stmcufinder/plugins/mcufinder/ => /home/albin/.stmcufinder/plugins/mcufinder
2023-03-27 12:31:33,367 [INFO] CrossReferenceDbSqlite:203 - Set database path to: /home/albin/.stmcufinder/plugins/mcufinder//mcu/cs/
2023-03-27 12:31:33,436 [INFO] MainPanel:253 - HeapMemory: 538968064
2023-03-27 12:31:33,536 [INFO] DbMcusXml:78 - Set database path to: /opt/st/stm32cubeide_1.12.0/plugins/com.st.stm32cube.common.mx_6.8.0.202302231600//db//mcu/
2023-03-27 12:31:33,536 [INFO] ApiDb:274 - Set plugin database path to: /opt/st/stm32cubeide_1.12.0/plugins/com.st.stm32cube.common.mx_6.8.0.202302231600//db//plugins/boardmanager/
2023-03-27 12:31:33,536 [INFO] ApiDb:261 - Set plugin images path to: /opt/st/stm32cubeide_1.12.0/plugins/com.st.stm32cube.common.mx_6.8.0.202302231600//db//plugins/mcufinder/images/
2023-03-27 12:31:33,537 [WARN] DbFile:41 - Overriding database path with different value: /home/albin/.stmcufinder/plugins/mcufinder/ => /home/albin/.stmcufinder/plugins/mcufinder
2023-03-27 12:31:33,537 [INFO] ApiDb:250 - Set database path to: /home/albin/.stmcufinder/plugins/mcufinder//mcu/
2023-03-27 12:31:33,537 [WARN] DbFile:41 - Overriding database path with different value: /home/albin/.stmcufinder/plugins/mcufinder/ => /home/albin/.stmcufinder/plugins/mcufinder
2023-03-27 12:31:33,537 [INFO] DbMcusAds:125 - Set database path to: /home/albin/.stmcufinder/plugins/mcufinder//mcu/
2023-03-27 12:31:33,537 [WARN] DbFile:41 - Overriding database path with different value: /home/albin/.stmcufinder/plugins/mcufinder/ => /home/albin/.stmcufinder/plugins/mcufinder
2023-03-27 12:31:33,537 [WARN] DbFile:41 - Overriding database path with different value: /home/albin/.stmcufinder/plugins/mcufinder/ => /home/albin/.stmcufinder/plugins/mcufinder
2023-03-27 12:31:33,537 [INFO] CrossReferenceDbSqlite:203 - Set database path to: /home/albin/.stmcufinder/plugins/mcufinder//mcu/cs/
2023-03-27 12:31:33,552 [INFO] ApplicationProperties:184 - Using Application install path: /opt/st/stm32cubeide_1.12.0/plugins/com.st.stm32cube.common.mx_6.8.0.202302231600
2023-03-27 12:31:33,554 [INFO] PluginManage:196 - Search for loadable plugins [exclusion list=, ]
2023-03-27 12:31:33,556 [INFO] PluginManage:310 - Check plugin analytics
2023-03-27 12:31:33,688 [INFO] AnalyticsPlugin:253 - Accepted Software Licenses: STM32CubeMX.6.8.0
2023-03-27 12:31:33,688 [INFO] AnalyticsPlugin:255 - Accepted CMSIS Pack Licenses: 
2023-03-27 12:31:33,688 [INFO] AnalyticsPlugin:257 - Accepted Firmware Licenses: FW.WB.1.16.0
2023-03-27 12:31:33,690 [INFO] PluginManage:359 - Loaded plugin analytics (category:tool,tabindex:-1)
2023-03-27 12:31:33,691 [INFO] PluginManage:310 - Check plugin cadmodel
2023-03-27 12:31:33,756 [INFO] CADModel:105 - Init CAD model plugin
2023-03-27 12:31:33,756 [INFO] PluginManage:359 - Loaded plugin cadmodel (category:power,tabindex:5)
2023-03-27 12:31:33,756 [INFO] PluginManage:310 - Check plugin clock
2023-03-27 12:31:33,764 [INFO] PluginManage:359 - Loaded plugin clock (category:base,tabindex:2)
2023-03-27 12:31:33,765 [INFO] PluginManage:310 - Check plugin ddr
2023-03-27 12:31:33,767 [INFO] PluginManage:359 - Loaded plugin ddr (category:tool,tabindex:6)
2023-03-27 12:31:33,767 [INFO] PluginManage:310 - Check plugin filemanager
2023-03-27 12:31:33,886 [INFO] PluginManage:359 - Loaded plugin filemanager (category:base,tabindex:10)
2023-03-27 12:31:33,886 [INFO] PluginManage:310 - Check plugin ipmanager
2023-03-27 12:31:33,891 [INFO] PluginManage:359 - Loaded plugin ipmanager (category:base,tabindex:5)
2023-03-27 12:31:33,891 [INFO] PluginManage:310 - Check plugin lpbam
2023-03-27 12:31:33,900 [INFO] PluginManage:359 - Loaded plugin lpbam (category:base,tabindex:0)
2023-03-27 12:31:33,901 [INFO] PluginManage:310 - Check plugin pinoutandconfiguration
2023-03-27 12:31:33,907 [INFO] PluginManage:359 - Loaded plugin pinoutandconfiguration (category:base,tabindex:1)
2023-03-27 12:31:33,908 [INFO] PluginManage:310 - Check plugin pinoutconfig
2023-03-27 12:31:33,990 [WARN] SupportedApi:132 - Cannot load RTOS API schema: s4s-elt-must-match.1: The content of 'definitions' must match (annotation?, (simpleType | complexType)?, (unique | key | keyref)*)). A problem was found starting at: attribute.
2023-03-27 12:31:34,105 [INFO] PluginManage:359 - Loaded plugin pinoutconfig (category:base,tabindex:0)
2023-03-27 12:31:34,105 [INFO] PluginManage:310 - Check plugin power
2023-03-27 12:31:34,114 [INFO] PluginManage:359 - Loaded plugin power (category:power,tabindex:4)
2023-03-27 12:31:34,115 [INFO] PluginManage:310 - Check plugin projectmanager
2023-03-27 12:31:34,129 [INFO] PluginManage:359 - Loaded plugin projectmanager (category:projectmanager,tabindex:3)
2023-03-27 12:31:34,129 [INFO] PluginManage:310 - Check plugin thirdparty
2023-03-27 12:31:34,217 [INFO] PluginManage:359 - Loaded plugin thirdparty (category:base,tabindex:-1)
2023-03-27 12:31:34,216 [WARN] IntegrityCheckThread:84 - waiting for thirdparty lock release [integrity check]
2023-03-27 12:31:34,217 [INFO] PluginManage:310 - Check plugin tools
2023-03-27 12:31:34,217 [INFO] IntegrityCheckThread:86 - entering critical section [integrity check]
2023-03-27 12:31:34,219 [INFO] PluginManage:359 - Loaded plugin tools (category:base,tabindex:7)
2023-03-27 12:31:34,219 [INFO] ThirdPartyUpdaterWithRetryManager:70 - Updater plugin not ready yet. [1/15]
2023-03-27 12:31:34,219 [INFO] PluginManage:310 - Check plugin tutovideos
2023-03-27 12:31:34,387 [INFO] PluginManage:359 - Loaded plugin tutovideos (category:base,tabindex:-1)
2023-03-27 12:31:34,387 [INFO] PluginManage:310 - Check plugin updater
2023-03-27 12:31:34,400 [INFO] PluginManage:359 - Loaded plugin updater (category:base,tabindex:12)
2023-03-27 12:31:34,401 [INFO] PluginManage:283 - PluginManage : Loaded plugins [15]
2023-03-27 12:31:34,603 [INFO] PinOutPanel:1499 - setPackage(No Configuration,No Configuration)
2023-03-27 12:31:34,656 [INFO] CADModel:165 - CPN selected for project level
2023-03-27 12:31:34,656 [INFO] CADModel:114 - Register for checkConnection events
2023-03-27 12:31:34,672 [INFO] IPUIPlugin:80 - create IPUIPlugin
2023-03-27 12:31:34,672 [INFO] PluginManager:220 - loadIPPluginJar : add freertos
2023-03-27 12:31:34,674 [INFO] IPUIPlugin:80 - create IPUIPlugin
2023-03-27 12:31:34,674 [INFO] PluginManager:220 - loadIPPluginJar : add ts
2023-03-27 12:31:34,677 [INFO] IPUIPlugin:80 - create IPUIPlugin
2023-03-27 12:31:34,677 [INFO] PluginManager:220 - loadIPPluginJar : add dfsdm
2023-03-27 12:31:34,682 [INFO] IPUIPlugin:80 - create IPUIPlugin
2023-03-27 12:31:34,682 [INFO] PluginManager:220 - loadIPPluginJar : add i3c
2023-03-27 12:31:34,684 [INFO] IPUIPlugin:80 - create IPUIPlugin
2023-03-27 12:31:34,684 [INFO] PluginManager:220 - loadIPPluginJar : add genericplugin
2023-03-27 12:31:34,688 [INFO] IPUIPlugin:80 - create IPUIPlugin
2023-03-27 12:31:34,689 [INFO] PluginManager:220 - loadIPPluginJar : add nvic
2023-03-27 12:31:34,691 [INFO] IPUIPlugin:80 - create IPUIPlugin
2023-03-27 12:31:34,692 [INFO] PluginManager:220 - loadIPPluginJar : add aes
2023-03-27 12:31:34,693 [INFO] IPUIPlugin:80 - create IPUIPlugin
2023-03-27 12:31:34,693 [INFO] PluginManager:220 - loadIPPluginJar : add tsc
2023-03-27 12:31:34,696 [INFO] IPUIPlugin:80 - create IPUIPlugin
2023-03-27 12:31:34,696 [INFO] PluginManager:220 - loadIPPluginJar : add i2c
2023-03-27 12:31:34,703 [INFO] IPUIPlugin:80 - create IPUIPlugin
2023-03-27 12:31:34,703 [INFO] PluginManager:220 - loadIPPluginJar : add fmc
2023-03-27 12:31:34,705 [INFO] IPUIPlugin:80 - create IPUIPlugin
2023-03-27 12:31:34,705 [INFO] PluginManager:220 - loadIPPluginJar : add tim
2023-03-27 12:31:34,707 [INFO] IPUIPlugin:80 - create IPUIPlugin
2023-03-27 12:31:34,707 [INFO] PluginManager:220 - loadIPPluginJar : add ltdc
2023-03-27 12:31:34,710 [INFO] IPUIPlugin:80 - create IPUIPlugin
2023-03-27 12:31:34,710 [INFO] PluginManager:220 - loadIPPluginJar : add gtzc
2023-03-27 12:31:34,716 [INFO] IPUIPlugin:80 - create IPUIPlugin
2023-03-27 12:31:34,716 [INFO] PluginManager:220 - loadIPPluginJar : add adc
2023-03-27 12:31:34,722 [INFO] IPUIPlugin:80 - create IPUIPlugin
2023-03-27 12:31:34,726 [INFO] PluginManager:220 - loadIPPluginJar : add plateformsettings
2023-03-27 12:31:34,728 [INFO] IPUIPlugin:80 - create IPUIPlugin
2023-03-27 12:31:34,728 [INFO] PluginManager:220 - loadIPPluginJar : add spi
2023-03-27 12:31:34,733 [INFO] IPUIPlugin:80 - create IPUIPlugin
2023-03-27 12:31:34,734 [INFO] PluginManager:220 - loadIPPluginJar : add stm32_wpan
2023-03-27 12:31:34,737 [INFO] IPUIPlugin:80 - create IPUIPlugin
2023-03-27 12:31:34,737 [INFO] PluginManager:220 - loadIPPluginJar : add touchsensing
2023-03-27 12:31:34,739 [INFO] IPUIPlugin:80 - create IPUIPlugin
2023-03-27 12:31:34,740 [INFO] PluginManager:220 - loadIPPluginJar : add lorawan
2023-03-27 12:31:34,743 [INFO] IPUIPlugin:80 - create IPUIPlugin
2023-03-27 12:31:34,743 [INFO] PluginManager:220 - loadIPPluginJar : add resmgrutility
2023-03-27 12:31:34,750 [INFO] IPUIPlugin:80 - create IPUIPlugin
2023-03-27 12:31:34,750 [INFO] PluginManager:220 - loadIPPluginJar : add linkedlist
2023-03-27 12:31:34,756 [INFO] IPUIPlugin:80 - create IPUIPlugin
2023-03-27 12:31:34,756 [INFO] PluginManager:220 - loadIPPluginJar : add mdma
2023-03-27 12:31:34,759 [INFO] IPUIPlugin:80 - create IPUIPlugin
2023-03-27 12:31:34,759 [INFO] PluginManager:220 - loadIPPluginJar : add i2s
2023-03-27 12:31:34,761 [INFO] IPUIPlugin:80 - create IPUIPlugin
2023-03-27 12:31:34,761 [INFO] PluginManager:220 - loadIPPluginJar : add tracer_emb
2023-03-27 12:31:34,764 [INFO] IPUIPlugin:80 - create IPUIPlugin
2023-03-27 12:31:34,764 [INFO] PluginManager:220 - loadIPPluginJar : add pdm2pcm
2023-03-27 12:31:34,767 [INFO] IPUIPlugin:80 - create IPUIPlugin
2023-03-27 12:31:34,767 [INFO] PluginManager:220 - loadIPPluginJar : add can
2023-03-27 12:31:34,769 [INFO] IPUIPlugin:80 - create IPUIPlugin
2023-03-27 12:31:34,769 [INFO] PluginManager:220 - loadIPPluginJar : add gfxmmu
2023-03-27 12:31:34,772 [INFO] IPUIPlugin:80 - create IPUIPlugin
2023-03-27 12:31:34,773 [INFO] PluginManager:220 - loadIPPluginJar : add openamp
2023-03-27 12:31:34,775 [INFO] IPUIPlugin:80 - create IPUIPlugin
2023-03-27 12:31:34,775 [INFO] PluginManager:220 - loadIPPluginJar : add cryp
2023-03-27 12:31:34,778 [INFO] IPUIPlugin:80 - create IPUIPlugin
2023-03-27 12:31:34,778 [INFO] PluginManager:220 - loadIPPluginJar : add usbx
2023-03-27 12:31:34,779 [INFO] IPUIPlugin:80 - create IPUIPlugin
2023-03-27 12:31:34,780 [INFO] PluginManager:220 - loadIPPluginJar : add quadspi
2023-03-27 12:31:34,783 [INFO] IPUIPlugin:80 - create IPUIPlugin
2023-03-27 12:31:34,783 [INFO] PluginManager:220 - loadIPPluginJar : add opamp
2023-03-27 12:31:34,785 [INFO] IPUIPlugin:80 - create IPUIPlugin
2023-03-27 12:31:34,785 [INFO] PluginManager:220 - loadIPPluginJar : add hash
2023-03-27 12:31:34,787 [INFO] IPUIPlugin:80 - create IPUIPlugin
2023-03-27 12:31:34,787 [INFO] PluginManager:220 - loadIPPluginJar : add comp
2023-03-27 12:31:34,789 [INFO] IPUIPlugin:80 - create IPUIPlugin
2023-03-27 12:31:34,789 [INFO] PluginManager:220 - loadIPPluginJar : add ucpd
2023-03-27 12:31:34,793 [INFO] IPUIPlugin:80 - create IPUIPlugin
2023-03-27 12:31:34,793 [INFO] PluginManager:220 - loadIPPluginJar : add gpio
2023-03-27 12:31:34,800 [INFO] IPUIPlugin:80 - create IPUIPlugin
2023-03-27 12:31:34,800 [INFO] PluginManager:220 - loadIPPluginJar : add dma
2023-03-27 12:31:34,804 [INFO] IPUIPlugin:80 - create IPUIPlugin
2023-03-27 12:31:34,804 [INFO] PluginManager:220 - loadIPPluginJar : add ipddr
2023-03-27 12:31:34,805 [INFO] IPUIPlugin:80 - create IPUIPlugin
2023-03-27 12:31:34,805 [INFO] PluginManager:220 - loadIPPluginJar : add fatfs
2023-03-27 12:31:34,807 [INFO] IPUIPlugin:80 - create IPUIPlugin
2023-03-27 12:31:34,807 [INFO] PluginManager:220 - loadIPPluginJar : add dma3
2023-03-27 12:31:34,810 [INFO] IPUIPlugin:80 - create IPUIPlugin
2023-03-27 12:31:34,810 [INFO] PluginManager:220 - loadIPPluginJar : add usart
2023-03-27 12:31:34,816 [INFO] IPUIPlugin:80 - create IPUIPlugin
2023-03-27 12:31:34,816 [INFO] PluginManager:220 - loadIPPluginJar : add gic
2023-03-27 12:31:34,819 [INFO] IPUIPlugin:80 - create IPUIPlugin
2023-03-27 12:31:34,819 [INFO] PluginManager:220 - loadIPPluginJar : add sai
2023-03-27 12:31:34,924 [INFO] CADModel:165 - CPN selected for project level
2023-03-27 12:31:34,924 [INFO] CADModel:114 - Register for checkConnection events
2023-03-27 12:31:34,924 [FATAL] Updater:308 - Updater called before beeing initialized
2023-03-27 12:31:34,925 [ERROR] CADModel:125 - Updater not yet initialized, retry later 
2023-03-27 12:31:35,082 [INFO] CADModel:165 - CPN selected for project level
2023-03-27 12:31:35,083 [INFO] CADModel:114 - Register for checkConnection events
2023-03-27 12:31:35,083 [FATAL] Updater:308 - Updater called before beeing initialized
2023-03-27 12:31:35,083 [ERROR] CADModel:125 - Updater not yet initialized, retry later 
2023-03-27 12:31:35,086 [FATAL] Updater:308 - Updater called before beeing initialized
2023-03-27 12:31:35,159 [FATAL] Updater:308 - Updater called before beeing initialized
2023-03-27 12:31:35,165 [INFO] DbMcusAds:53 - JSON generation date=Tue Mar 07 09:50:55 CET 2023 (1678179055114)
2023-03-27 12:31:35,165 [FATAL] Updater:308 - Updater called before beeing initialized
2023-03-27 12:31:35,196 [WARN] DetailPanel:346 - Failed to get advertising image, set to default
2023-03-27 12:31:35,306 [FATAL] Updater:308 - Updater called before beeing initialized
2023-03-27 12:31:35,308 [FATAL] Updater:308 - Updater called before beeing initialized
2023-03-27 12:31:35,308 [FATAL] Updater:308 - Updater called before beeing initialized
2023-03-27 12:31:35,308 [WARN] DetailPanel:346 - Failed to get advertising image, set to default
2023-03-27 12:31:35,309 [FATAL] Updater:308 - Updater called before beeing initialized
2023-03-27 12:31:35,342 [ERROR] Updater:1120 - MainUpdater not yet initialized. External WinMGr cannot be set.
2023-03-27 12:31:35,344 [INFO] Updater:1056 - Updater Version found : 6.8.0
2023-03-27 12:31:35,363 [INFO] ApplicationProperties:184 - Using Application install path: /opt/st/stm32cubeide_1.12.0/plugins/com.st.stm32cube.common.mx_6.8.0.202302231600
2023-03-27 12:31:35,442 [INFO] MainUpdater:2854 - connection check result : 10
2023-03-27 12:31:35,442 [INFO] MainUpdater:3548 - Updater definition file requires update
2023-03-27 12:31:35,442 [INFO] MainUpdater:283 - Updater Check For Update Now.
2023-03-27 12:31:35,443 [INFO] MicroXplorer:498 - Change Database Version : DB.6.0.80
2023-03-27 12:31:35,478 [INFO] ServerAccessManage:473 - Download File updaters.zip
2023-03-27 12:31:35,561 [INFO] FileExtend:240 - Unzip File : updaters.zip
2023-03-27 12:31:35,562 [INFO] FileExtend:255 - Standard Zip Deflate
2023-03-27 12:31:35,701 [INFO] ServerAccessManage:473 - Download File PacksControlFlags.xml
2023-03-27 12:31:35,764 [INFO] ServerAccessManage:473 - Download File cubemx.pidx
2023-03-27 12:31:36,169 [INFO] ServerAccessManage:473 - Download File STMicroelectronics.X-CUBE-TOF1.pdsc
2023-03-27 12:31:36,401 [ERROR] ServerAccessManage:1089 - Problem, file not found on Server
2023-03-27 12:31:36,448 [INFO] ServerAccessManage:473 - Download File STMicroelectronics.X-CUBE-TOUCHGFX.pdsc
2023-03-27 12:31:36,581 [ERROR] ServerAccessManage:1089 - Problem, file not found on Server
2023-03-27 12:31:37,041 [WARN] PackLoader:240 - Cannot read IP mode file for STMicroelectronics.X-CUBE-TOF1.3.3.0
2023-03-27 12:31:37,066 [WARN] PackLoader:240 - Cannot read IP mode file for STMicroelectronics.X-CUBE-TOUCHGFX.4.21.3
2023-03-27 12:31:37,066 [INFO] PopulateThirdPartyThread:66 - Ending populate Thread
2023-03-27 12:31:37,070 [INFO] ThirdParty:1030 - CMSIS Pack Vendor :STMicroelectronics X-CUBE-TOUCHGFX 4.21.3
2023-03-27 12:31:37,070 [INFO] ThirdParty:1030 - CMSIS Pack Vendor :STMicroelectronics X-CUBE-TOF1 3.3.0
2023-03-27 12:31:37,070 [INFO] LoadServerUpdatesThread:373 - End of LoadServerUpdate Thread
2023-03-27 12:31:37,160 [INFO] CheckServerUpdateThread:120 - End of CheckServer Thread
2023-03-27 12:31:37,318 [WARN] PackLoader:240 - Cannot read IP mode file for STMicroelectronics.X-CUBE-GNSS1.6.0.0
2023-03-27 12:31:37,337 [WARN] PackLoader:240 - Cannot read IP mode file for STMicroelectronics.X-CUBE-AZRTOS-F4.1.1.0
2023-03-27 12:31:37,357 [WARN] PackLoader:240 - Cannot read IP mode file for STMicroelectronics.X-CUBE-AZRTOS-F7.1.1.0
2023-03-27 12:31:37,363 [WARN] PackLoader:240 - Cannot read IP mode file for STMicroelectronics.X-CUBE-BLE1.6.2.4
2023-03-27 12:31:37,370 [WARN] PackLoader:240 - Cannot read IP mode file for emotas.I-CUBE-CANOPEN.1.1.3
2023-03-27 12:31:37,377 [WARN] PackLoader:240 - Cannot read IP mode file for STMicroelectronics.X-CUBE-BLEMGR.2.0.0
2023-03-27 12:31:37,384 [WARN] PackLoader:240 - Cannot read IP mode file for STMicroelectronics.X-CUBE-DISPLAY.3.0.0
2023-03-27 12:31:37,389 [WARN] PackLoader:240 - Cannot read IP mode file for wolfSSL.I-CUBE-wolfSSL.5.5.4
2023-03-27 12:31:37,392 [WARN] PackLoader:240 - Cannot read IP mode file for STMicroelectronics.X-CUBE-NFC7.1.0.0
2023-03-27 12:31:37,397 [WARN] PackLoader:240 - Cannot read IP mode file for STMicroelectronics.X-CUBE-EEPRMA1.4.1.0
2023-03-27 12:31:37,403 [WARN] PackLoader:240 - Cannot read IP mode file for WES.I-CUBE-Cesium.1.3.0
2023-03-27 12:31:37,408 [WARN] PackLoader:240 - Cannot read IP mode file for STMicroelectronics.X-CUBE-SFXS2LP1.4.0.0
2023-03-27 12:31:37,412 [WARN] PackLoader:240 - Cannot read IP mode file for STMicroelectronics.X-CUBE-BLE2.3.3.0
2023-03-27 12:31:37,420 [WARN] PackLoader:240 - Cannot read IP mode file for STMicroelectronics.X-CUBE-TOF1.3.2.0
2023-03-27 12:31:37,444 [WARN] PackLoader:240 - Cannot read IP mode file for STMicroelectronics.X-CUBE-AZRTOS-H7.3.0.0
2023-03-27 12:31:37,450 [WARN] PackLoader:240 - Cannot read IP mode file for STMicroelectronics.X-CUBE-ISPU.1.1.0
2023-03-27 12:31:37,450 [INFO] MainUpdater:2854 - connection check result : 10
2023-03-27 12:31:37,451 [INFO] MainUpdater:2854 - connection check result : 10
2023-03-27 12:31:37,455 [WARN] PackLoader:240 - Cannot read IP mode file for RoweBots.I-CUBE-UNISONRTOS.5.5.0-4
2023-03-27 12:31:37,458 [WARN] PackLoader:240 - Cannot read IP mode file for STMicroelectronics.X-CUBE-AI.8.0.0
2023-03-27 12:31:37,461 [WARN] PackLoader:240 - Cannot read IP mode file for STMicroelectronics.X-CUBE-FREERTOS.1.0.0
2023-03-27 12:31:37,463 [WARN] PackLoader:240 - Cannot read IP mode file for STMicroelectronics.X-CUBE-TOUCHGFX.4.21.1
2023-03-27 12:31:37,465 [WARN] PackLoader:240 - Cannot read IP mode file for STMicroelectronics.X-CUBE-TOUCHGFX.4.21.3
2023-03-27 12:31:37,471 [WARN] PackLoader:240 - Cannot read IP mode file for STMicroelectronics.X-CUBE-ALGOBUILD.1.3.0
2023-03-27 12:31:37,484 [WARN] PackLoader:240 - Cannot read IP mode file for STMicroelectronics.X-CUBE-AZRTOS-L5.1.1.0
2023-03-27 12:31:37,500 [WARN] PackLoader:240 - Cannot read IP mode file for STMicroelectronics.X-CUBE-AZRTOS-G0.1.1.0
2023-03-27 12:31:37,505 [INFO] MicroXplorer:468 - Change Database Path : 
2023-03-27 12:31:37,506 [INFO] MicroXplorer:498 - Change Database Version : DB.6.0.80
2023-03-27 12:31:37,507 [WARN] ThirdParty:871 - waiting for thirdparty lock release [close project]
2023-03-27 12:31:37,512 [WARN] PackLoader:240 - Cannot read IP mode file for STMicroelectronics.X-CUBE-SUBG2.5.0.0
2023-03-27 12:31:37,522 [WARN] PackLoader:240 - Cannot read IP mode file for STMicroelectronics.X-CUBE-NFC4.3.0.0
2023-03-27 12:31:37,532 [WARN] PackLoader:240 - Cannot read IP mode file for STMicroelectronics.X-CUBE-TOF1.3.3.0
2023-03-27 12:31:37,545 [WARN] PackLoader:240 - Cannot read IP mode file for STMicroelectronics.FP-ATR-ASTRA1.1.1.1
2023-03-27 12:31:37,556 [WARN] PackLoader:240 - Cannot read IP mode file for STMicroelectronics.X-CUBE-AZRTOS-G4.1.0.0
2023-03-27 12:31:37,563 [WARN] PackLoader:240 - Cannot read IP mode file for STMicroelectronics.FP-ATR-SIGFOX1.3.2.0
2023-03-27 12:31:37,576 [WARN] PackLoader:240 - Cannot read IP mode file for STMicroelectronics.X-CUBE-AZRTOS-L4.1.0.0
2023-03-27 12:31:37,588 [WARN] PackLoader:240 - Cannot read IP mode file for STMicroelectronics.X-CUBE-AZRTOS-WL.1.0.0
2023-03-27 12:31:37,593 [WARN] PackLoader:240 - Cannot read IP mode file for portGmbH.I-Cube-SoM-uGOAL.1.1.0
2023-03-27 12:31:37,598 [WARN] PackLoader:240 - Cannot read IP mode file for STMicroelectronics.X-CUBE-ALS.1.0.1
2023-03-27 12:31:37,640 [WARN] PackLoader:240 - Cannot read IP mode file for STMicroelectronics.X-CUBE-MEMS1.9.5.0
2023-03-27 12:31:37,780 [WARN] PackLoader:240 - Cannot read IP mode file for STMicroelectronics.X-CUBE-AZRTOS-WB.1.1.0
2023-03-27 12:31:37,817 [WARN] PackLoader:240 - Cannot read IP mode file for SEGGER.I-CUBE-embOS.1.3.1
2023-03-27 12:31:37,847 [INFO] ThirdParty:978 - Integrity check success = true
2023-03-27 12:31:37,848 [INFO] IntegrityCheckThread:100 - exiting critical section [integrity check]
2023-03-27 12:31:37,848 [INFO] IntegrityCheckThread:103 - End integrity checks thread
2023-03-27 12:31:37,848 [INFO] ThirdParty:873 - entering critical section [close project]
2023-03-27 12:31:37,850 [INFO] ThirdParty:883 - exiting critical section [close project]
2023-03-27 12:31:37,855 [INFO] PinOutPanel:1499 - setPackage(No Configuration,No Configuration)
2023-03-27 12:31:37,862 [INFO] UtilMem:75 - Begin LoadConfig() Used Memory: 214770376 Bytes (678428672)
2023-03-27 12:31:37,863 [INFO] MicroXplorer:468 - Change Database Path : 
2023-03-27 12:31:37,864 [INFO] MicroXplorer:498 - Change Database Version : DB.6.0.80
2023-03-27 12:31:37,864 [INFO] OpenFileManager:308 - Change cursor
2023-03-27 12:31:37,908 [INFO] Mcu:1937 - Initializing MCU STM32WB55RGVx STM32WB55RGVx STM32WB55RGV6
2023-03-27 12:31:39,034 [INFO] Context:659 - Trying to add GPIOservice into a context  which must be forbidden
2023-03-27 12:31:39,524 [INFO] RtosManager:555 - Registered RTOS mode: class=CMSIS, group=RTOS, mode=CMSIS_V1, owner=FREERTOS
2023-03-27 12:31:39,524 [INFO] RtosManager:555 - Registered RTOS mode: class=CMSIS, group=RTOS2, mode=CMSIS_V2, owner=FREERTOS
2023-03-27 12:31:39,524 [INFO] RtosManager:555 - Registered RTOS mode: class=RTOS, group=Core, mode=CMSIS_V1, owner=FREERTOS
2023-03-27 12:31:39,524 [INFO] RtosManager:555 - Registered RTOS mode: class=RTOS, group=Core, mode=CMSIS_V2, owner=FREERTOS
2023-03-27 12:31:39,525 [WARN] ModelIntegratedComponent:184 - Missing modes for component STMicroelectronics:FreeRTOS:0.0.1:STMicroelectronics:RTOS:FreeRTOS:Core:::10.2.0:
2023-03-27 12:31:39,538 [WARN] ModelIntegratedComponent:63 - No mode defined for component null
2023-03-27 12:31:39,538 [WARN] ModelIntegratedComponent:63 - No mode defined for component null
2023-03-27 12:31:39,538 [WARN] ModelIntegratedComponent:63 - No mode defined for component null
2023-03-27 12:31:39,538 [WARN] ModelIntegratedComponent:63 - No mode defined for component null
2023-03-27 12:31:39,538 [WARN] ModelIntegratedComponent:63 - No mode defined for component null
2023-03-27 12:31:39,538 [WARN] ModelIntegratedComponent:63 - No mode defined for component null
2023-03-27 12:31:39,539 [WARN] ModelIntegratedComponent:63 - No mode defined for component null
2023-03-27 12:31:39,539 [WARN] ModelIntegratedComponent:63 - No mode defined for component null
2023-03-27 12:31:39,539 [WARN] ModelIntegratedComponent:63 - No mode defined for component null
2023-03-27 12:31:39,539 [WARN] ModelIntegratedComponent:63 - No mode defined for component null
2023-03-27 12:31:39,539 [WARN] ModelIntegratedComponent:63 - No mode defined for component null
2023-03-27 12:31:39,539 [WARN] ModelIntegratedComponent:63 - No mode defined for component null
2023-03-27 12:31:39,539 [WARN] ModelIntegratedComponent:63 - No mode defined for component null
2023-03-27 12:31:39,539 [WARN] ModelIntegratedComponent:63 - No mode defined for component null
2023-03-27 12:31:39,539 [WARN] ModelIntegratedComponent:63 - No mode defined for component null
2023-03-27 12:31:39,539 [WARN] ModelIntegratedComponent:63 - No mode defined for component null
2023-03-27 12:31:39,539 [WARN] ModelIntegratedComponent:63 - No mode defined for component null
2023-03-27 12:31:39,539 [WARN] ModelIntegratedComponent:63 - No mode defined for component null
2023-03-27 12:31:39,539 [WARN] ModelIntegratedComponent:63 - No mode defined for component null
2023-03-27 12:31:39,539 [WARN] ModelIntegratedComponent:63 - No mode defined for component null
2023-03-27 12:31:39,539 [WARN] ModelIntegratedComponent:63 - No mode defined for component null
2023-03-27 12:31:39,539 [WARN] ModelIntegratedComponent:63 - No mode defined for component null
2023-03-27 12:31:39,539 [WARN] ModelIntegratedComponent:63 - No mode defined for component null
2023-03-27 12:31:39,539 [WARN] ModelIntegratedComponent:63 - No mode defined for component null
2023-03-27 12:31:39,539 [WARN] ModelIntegratedComponent:63 - No mode defined for component null
2023-03-27 12:31:39,539 [WARN] ModelIntegratedComponent:63 - No mode defined for component null
2023-03-27 12:31:39,539 [WARN] ModelIntegratedComponent:63 - No mode defined for component null
2023-03-27 12:31:39,539 [WARN] ModelIntegratedComponent:63 - No mode defined for component null
2023-03-27 12:31:39,539 [WARN] ModelIntegratedComponent:63 - No mode defined for component null
2023-03-27 12:31:39,540 [WARN] ModelIntegratedComponent:63 - No mode defined for component null
2023-03-27 12:31:39,540 [WARN] ModelIntegratedComponent:63 - No mode defined for component null
2023-03-27 12:31:39,540 [WARN] ModelIntegratedComponent:63 - No mode defined for component null
2023-03-27 12:31:39,540 [WARN] ModelIntegratedComponent:63 - No mode defined for component null
2023-03-27 12:31:39,699 [INFO] ThirdPartyModel:298 - Start build external matchings
2023-03-27 12:31:40,075 [INFO] ThirdPartyModel:316 - End build external matchings
2023-03-27 12:31:40,097 [INFO] ImportTextPane:194 - (OptionalMessage_ERROR) IP (RCC) : Invalid parameter (FamilyName)
2023-03-27 12:31:40,100 [INFO] ImportTextPane:194 - (OptionalMessage_ERROR) IP (RCC) : Invalid parameter (SMPSCLockSelectionVirtualVirtual)
2023-03-27 12:31:40,279 [INFO] UtilMem:75 - End LoadConfig() Used Memory: 272546680 Bytes (678428672)
2023-03-27 12:31:40,349 [INFO] ApiDb:581 - Connected to CubeFinder SQLite database (/home/albin/.stmcufinder/plugins/mcufinder/mcu/cube-finder-db.db)
2023-03-27 12:31:40,397 [INFO] ApiDb:668 - CubeFinder database Data Model version=2.1
2023-03-27 12:31:40,397 [INFO] ApiDb:669 - CubeFinder database Configuration version=3.0.35
2023-03-27 12:31:40,398 [INFO] ApiDb:670 - CubeFinder database generation date=2023-03-10 (1678456172)
2023-03-27 12:31:40,398 [INFO] ApiDb:671 - CubeFinder database FW Pack versions=[FP-ATR-ASTRA1_V1.1.1, STM32Cube_FW_C0_V1.0.1, STM32Cube_FW_F0_V1.11.4, STM32Cube_FW_F3_V1.11.4, STM32Cube_FW_F4_V1.27.1, STM32Cube_FW_F7_V1.17.0, STM32Cube_FW_G0_V1.6.1, STM32Cube_FW_G4_V1.5.1, STM32Cube_FW_H5_V0.5.1, STM32Cube_FW_H5_V1.0.0, STM32Cube_FW_H7_V1.11.0, STM32Cube_FW_L0_V1.12.2, STM32Cube_FW_L5_V1.5.0, STM32Cube_FW_U5_V1.2.0, STM32Cube_FW_WBA_V1.0.0, STM32Cube_FW_WBA_V1.0.0RC1, STM32Cube_FW_WBA_V1.0.0RC3, STM32Cube_FW_WB_V1.15.0RC1, STM32Cube_FW_WB_V1.16.0, STM32Cube_FW_WB_V1.16.0RC2, STM32Cube_FW_WL_V1.3.0, X-CUBE-ALGOBUILD_V1.3.0, X-CUBE-ALS_V1.0.1, X-CUBE-AZRTOS-F4_V1.1.0, X-CUBE-AZRTOS-F7_V1.1.0, X-CUBE-AZRTOS-G0_V1.1.0, X-CUBE-AZRTOS-G4_V1.0.0, X-CUBE-AZRTOS-H7_V3.0.0, X-CUBE-AZRTOS-L4_V1.0.0, X-CUBE-AZRTOS-L5_V1.1.0, X-CUBE-AZRTOS-WB_V1.1.0, X-CUBE-AZRTOS-WL_V1.0.0, X-CUBE-BLE1_V6.2.4, X-CUBE-BLE2_V3.3.0, X-CUBE-BLEMGR_V1.3.0, X-CUBE-EEPRMA1_V4.1.0, X-CUBE-GNSS1_V6.0.0, X-CUBE-MEMS1_V9.1.0, X-CUBE-MEMS1_V9.4.0, X-CUBE-MEMS1_V9.5.0, X-CUBE-NFC4_V3.0.0, X-CUBE-NFC7_V1.0.0, X-CUBE-SFXS2LP1_V4.0.0, X-CUBE-SUBG2_V5.0.0]
2023-03-27 12:31:42,004 [INFO] ApiDb:240 - Found 297 in-development CPN: [B-G473E-ZEST1S, B-WB1M-WPAN1, B-WL5M-SUBG1, NUCLEO-C031C6, NUCLEO-H503RB, NUCLEO-H563ZI, NUCLEO-U545RE-Q, NUCLEO-U5A5ZJ-Q, NUCLEO-WBA52CG, STEVAL-PROTEUS1, STEVAL-STWINBX1, STM320518-EVAL, STM32C0116-DK, STM32C011D6Y3TR, STM32C011D6Y6TR, STM32C011F4P3, STM32C011F4P6, STM32C011F4U3, STM32C011F4U6TR, STM32C011F6P3, STM32C011F6P6, STM32C011F6U3, STM32C011F6U6TR, STM32C011J4M3, STM32C011J4M6, STM32C011J6M3, STM32C011J6M6, STM32C0316-DK, STM32C031C4T3, STM32C031C4T6, STM32C031C4U3, STM32C031C4U6, STM32C031C6T3, STM32C031C6T6, STM32C031C6U3, STM32C031C6U6, STM32C031F4P3, STM32C031F4P6, STM32C031F6P3, STM32C031F6P6, STM32C031G4U3, STM32C031G4U6, STM32C031G6U3, STM32C031G6U6, STM32C031K4T3, STM32C031K4T6, STM32C031K4U3, STM32C031K4U6, STM32C031K6T3, STM32C031K6T6, STM32C031K6U3, STM32C031K6U6, STM32G071K8TXN, STM32G071K8UXN, STM32G081GBU6N, STM32G081KBT6N, STM32G081KBUXN, STM32G0B1CCT6N, STM32G0B1KCT6, STM32G0B1NEY6TR, STM32G0B1RCT6N, STM32G0C1CCT6, STM32G0C1CCT6N, STM32G0C1CCU6N, STM32G0C1CET6N, STM32G0C1CEU6N, STM32G0C1KCT6, STM32G0C1NEY6TR, STM32G0C1RCI6N, STM32G0C1RCT6N, STM32G0C1REI6N, STM32G0C1RET6N, STM32G0C1VCI6, STM32G0C1VEI6, STM32G471CCT6, STM32G471CCU6, STM32G471CET3, STM32G471CET6, STM32G471CEU3, STM32G471CEU6, STM32G471MCT6, STM32G471MET3, STM32G471MET6, STM32G471MEY6TR, STM32G471QCT6, STM32G471QET3, STM32G471RCT6, STM32G471RET3, STM32G471RET6, STM32G471VCH6, STM32G471VCI6, STM32G471VCT6, STM32G471VEH3, STM32G471VEH6, STM32G471VEI3, STM32G471VEI6, STM32G471VET3, STM32G471VET6, STM32G474CCT6, STM32H503CBT6, STM32H503CBU6, STM32H503EBY6TR, STM32H503KBU6, STM32H503RBT6, STM32H562AGI6, STM32H562AII6, STM32H562IGK6, STM32H562IGT6, STM32H562IIK6, STM32H562IIT6, STM32H562RGT6, STM32H562RGV6, STM32H562RIT6, STM32H562RIV6, STM32H562VGT6, STM32H562VIT6, STM32H562ZGT6, STM32H562ZIT6, STM32H563AGI6, STM32H563AII3Q, STM32H563AII6, STM32H563IGK6, STM32H563IGT6, STM32H563IIK3Q, STM32H563IIK6, STM32H563IIT3Q, STM32H563IIT6, STM32H563MIY3QTR, STM32H563RGT6, STM32H563RGV6, STM32H563RIT6, STM32H563RIV6, STM32H563VGT6, STM32H563VIT3Q, STM32H563VIT6, STM32H563ZGT6, STM32H563ZIT3Q, STM32H563ZIT6, STM32H573AII3Q, STM32H573AII6, STM32H573I-DK, STM32H573IIK3Q, STM32H573IIK6, STM32H573IIT3Q, STM32H573IIT6, STM32H573MIY3QTR, STM32H573RIT6, STM32H573RIV6, STM32H573VIT3Q, STM32H573VIT6, STM32H573ZIT3Q, STM32H573ZIT6, STM32L4R5QGI6STR, STM32MP131AAE3, STM32MP131AAF3, STM32MP131AAG3, STM32MP131CAE3, STM32MP131CAF3, STM32MP131CAG3, STM32MP131DAE7, STM32MP131DAF7, STM32MP131DAG7, STM32MP131FAE7, STM32MP131FAF7, STM32MP131FAG7, STM32MP133AAE3, STM32MP133AAF3, STM32MP133AAG3, STM32MP133CAE3, STM32MP133CAF3, STM32MP133CAG3, STM32MP133DAE7, STM32MP133DAF7, STM32MP133DAG7, STM32MP133FAE7, STM32MP133FAF7, STM32MP133FAG7, STM32MP135AAE3, STM32MP135AAF3, STM32MP135AAG3, STM32MP135CAE3, STM32MP135CAF3, STM32MP135CAG3, STM32MP135DAE7, STM32MP135DAF7, STM32MP135DAG7, STM32MP135F-DK, STM32MP135FAE7, STM32MP135FAF7, STM32MP135FAF7T, STM32MP135FAF7U, STM32MP135FAG7, STM32U535CBT6, STM32U535CBT6Q, STM32U535CBU6, STM32U535CBU6Q, STM32U535CCT6, STM32U535CCT6Q, STM32U535CCU6, STM32U535CCU6Q, STM32U535CET6, STM32U535CET6Q, STM32U535CEU6, STM32U535CEU6Q, STM32U535JEY6QTR, STM32U535NCY6QTR, STM32U535NEY6QTR, STM32U535RBI6, STM32U535RBI6Q, STM32U535RBT6, STM32U535RBT6Q, STM32U535RCI6, STM32U535RCI6Q, STM32U535RCT6, STM32U535RCT6Q, STM32U535REI6, STM32U535REI6Q, STM32U535RET6, STM32U535RET6Q, STM32U535VCI6, STM32U535VCI6Q, STM32U535VCT6, STM32U535VCT6Q, STM32U535VEI6, STM32U535VEI6Q, STM32U535VET6, STM32U535VET6Q, STM32U545CET6, STM32U545CET6Q, STM32U545CEU6, STM32U545CEU6Q, STM32U545JEY6QTR, STM32U545NEY6QTR, STM32U545REI6, STM32U545REI6Q, STM32U545RET6, STM32U545RET6Q, STM32U545VEI6, STM32U545VEI6Q, STM32U545VET6, STM32U545VET6Q, STM32U595AIH6, STM32U595AIH6Q, STM32U595AJH6, STM32U595AJH6Q, STM32U595QII6, STM32U595QII6Q, STM32U595QJI6, STM32U595QJI6Q, STM32U595RIT6, STM32U595RIT6Q, STM32U595RJT6, STM32U595RJT6Q, STM32U595VIT6, STM32U595VIT6Q, STM32U595VJT6, STM32U595VJT6Q, STM32U595ZIT6, STM32U595ZIT6Q, STM32U595ZIY6QTR, STM32U595ZJT6, STM32U595ZJT6Q, STM32U595ZJY6QTR, STM32U599BJY6QTR, STM32U599NIH6Q, STM32U599NJH6Q, STM32U599VIT6Q, STM32U599VJT6, STM32U599VJT6Q, STM32U599ZIT6Q, STM32U599ZIY6QTR, STM32U599ZJT6Q, STM32U599ZJY6QTR, STM32U5A5AJH6, STM32U5A5AJH6Q, STM32U5A5QJI6, STM32U5A5QJI6Q, STM32U5A5RJT6, STM32U5A5RJT6Q, STM32U5A5VJT6, STM32U5A5VJT6Q, STM32U5A5ZJT6, STM32U5A5ZJT6Q, STM32U5A5ZJY6QTR, STM32U5A9BJY6QTR, STM32U5A9J-DK, STM32U5A9NJH6Q, STM32U5A9VJT6Q, STM32U5A9ZJT6Q, STM32U5A9ZJY6QTR, STM32WB1MMCH6, STM32WBA52CEU6, STM32WBA52CEU6T, STM32WBA52CGU6, STM32WBA52CGU6T, STM32WL5MOCH6, STM32WL5MOCH6TR]
2023-03-27 12:31:42,007 [INFO] DbMcus:216 - Found 3775 MCUs, 3775 are supported
2023-03-27 12:31:42,009 [INFO] ApiDb:423 - Load user favorites file /home/albin/.stm32cubeide/favorites.mcus.txt: 0 item(s)
2023-03-27 12:31:42,009 [INFO] ApiDb:427 - User favorites MCUs=[]
2023-03-27 12:31:42,009 [INFO] DbMcus:222 - Set 0 / 0 favorites MCUs
2023-03-27 12:31:42,349 [WARN] ThirdParty:833 - waiting for thirdparty lock release [change project]
2023-03-27 12:31:42,349 [INFO] ThirdParty:835 - entering critical section [change project]
2023-03-27 12:31:42,349 [INFO] ThirdParty:1030 - CMSIS Pack Vendor :STMicroelectronics X-CUBE-ISPU 1.1.0
2023-03-27 12:31:42,349 [INFO] ThirdParty:1030 - CMSIS Pack Vendor :RoweBots I-CUBE-UNISONRTOS 5.5.0-4
2023-03-27 12:31:42,349 [INFO] ThirdParty:1030 - CMSIS Pack Vendor :STMicroelectronics X-CUBE-GNSS1 6.0.0
2023-03-27 12:31:42,349 [INFO] ThirdParty:1030 - CMSIS Pack Vendor :STMicroelectronics USB_HOST 2.0.0
2023-03-27 12:31:42,349 [INFO] ThirdParty:1030 - CMSIS Pack Vendor :STMicroelectronics X-CUBE-AZRTOS-F4 1.1.0
2023-03-27 12:31:42,349 [INFO] ThirdParty:1030 - CMSIS Pack Vendor :STMicroelectronics LIBJPEG 8.0.0
2023-03-27 12:31:42,349 [INFO] ThirdParty:1030 - CMSIS Pack Vendor :STMicroelectronics USB_DEVICE 3.0.0
2023-03-27 12:31:42,349 [INFO] ThirdParty:1030 - CMSIS Pack Vendor :STMicroelectronics X-CUBE-AI 8.0.0
2023-03-27 12:31:42,349 [INFO] ThirdParty:1030 - CMSIS Pack Vendor :STMicroelectronics X-CUBE-FREERTOS 1.0.0
2023-03-27 12:31:42,349 [INFO] ThirdParty:1030 - CMSIS Pack Vendor :STMicroelectronics X-CUBE-TOUCHGFX 4.21.1
2023-03-27 12:31:42,349 [INFO] ThirdParty:1030 - CMSIS Pack Vendor :STMicroelectronics X-CUBE-TOUCHGFX 4.21.3
2023-03-27 12:31:42,349 [INFO] ThirdParty:1030 - CMSIS Pack Vendor :STMicroelectronics X-CUBE-AZRTOS-F7 1.1.0
2023-03-27 12:31:42,349 [INFO] ThirdParty:1030 - CMSIS Pack Vendor :STMicroelectronics USB_DEVICE 2.0.0
2023-03-27 12:31:42,349 [INFO] ThirdParty:1030 - CMSIS Pack Vendor :STMicroelectronics X-CUBE-ALGOBUILD 1.3.0
2023-03-27 12:31:42,349 [INFO] ThirdParty:1030 - CMSIS Pack Vendor :STMicroelectronics X-CUBE-BLE1 6.2.4
2023-03-27 12:31:42,349 [INFO] ThirdParty:1030 - CMSIS Pack Vendor :STMicroelectronics X-CUBE-AZRTOS-L5 1.1.0
2023-03-27 12:31:42,349 [INFO] ThirdParty:1030 - CMSIS Pack Vendor :STMicroelectronics FreeRTOS 0.0.1
2023-03-27 12:31:42,349 [INFO] ThirdParty:1030 - CMSIS Pack Vendor :emotas I-CUBE-CANOPEN 1.1.3
2023-03-27 12:31:42,349 [INFO] ThirdParty:1030 - CMSIS Pack Vendor :STMicroelectronics X-CUBE-AZRTOS-G0 1.1.0
2023-03-27 12:31:42,349 [INFO] ThirdParty:1030 - CMSIS Pack Vendor :STMicroelectronics X-CUBE-BLEMGR 2.0.0
2023-03-27 12:31:42,349 [INFO] ThirdParty:1030 - CMSIS Pack Vendor :STMicroelectronics X-CUBE-SUBG2 5.0.0
2023-03-27 12:31:42,350 [INFO] ThirdParty:1030 - CMSIS Pack Vendor :STMicroelectronics X-CUBE-NFC4 3.0.0
2023-03-27 12:31:42,350 [INFO] ThirdParty:1030 - CMSIS Pack Vendor :STMicroelectronics STM32_WPAN 1.0.0
2023-03-27 12:31:42,350 [INFO] ThirdParty:1030 - CMSIS Pack Vendor :STMicroelectronics lwIP 2.0.3
2023-03-27 12:31:42,350 [INFO] ThirdParty:1030 - CMSIS Pack Vendor :STMicroelectronics USB_HOST 1.0.0
2023-03-27 12:31:42,350 [INFO] ThirdParty:1030 - CMSIS Pack Vendor :STMicroelectronics PDM2PCM 3.1.0
2023-03-27 12:31:42,350 [INFO] ThirdParty:1030 - CMSIS Pack Vendor :STMicroelectronics X-CUBE-TOF1 3.3.0
2023-03-27 12:31:42,350 [INFO] ThirdParty:1030 - CMSIS Pack Vendor :STMicroelectronics FP-ATR-ASTRA1 1.1.1
2023-03-27 12:31:42,350 [INFO] ThirdParty:1030 - CMSIS Pack Vendor :STMicroelectronics PDM2PCM 3.3.0
2023-03-27 12:31:42,350 [INFO] ThirdParty:1030 - CMSIS Pack Vendor :STMicroelectronics X-CUBE-DISPLAY 3.0.0
2023-03-27 12:31:42,350 [INFO] ThirdParty:1030 - CMSIS Pack Vendor :STMicroelectronics X-CUBE-AZRTOS-G4 1.0.0
2023-03-27 12:31:42,350 [INFO] ThirdParty:1030 - CMSIS Pack Vendor :STMicroelectronics FP-ATR-SIGFOX1 3.2.0
2023-03-27 12:31:42,350 [INFO] ThirdParty:1030 - CMSIS Pack Vendor :wolfSSL I-CUBE-wolfSSL 5.5.4
2023-03-27 12:31:42,350 [INFO] ThirdParty:1030 - CMSIS Pack Vendor :STMicroelectronics X-CUBE-AZRTOS-L4 1.0.0
2023-03-27 12:31:42,350 [INFO] ThirdParty:1030 - CMSIS Pack Vendor :STMicroelectronics HAL Drivers 0.0.0
2023-03-27 12:31:42,350 [INFO] ThirdParty:1030 - CMSIS Pack Vendor :STMicroelectronics MBEDTLS 2.16.2
2023-03-27 12:31:42,350 [INFO] ThirdParty:1030 - CMSIS Pack Vendor :STMicroelectronics MBEDTLS 2.14.1
2023-03-27 12:31:42,350 [INFO] ThirdParty:1030 - CMSIS Pack Vendor :STMicroelectronics X-CUBE-NFC7 1.0.0
2023-03-27 12:31:42,350 [INFO] ThirdParty:1030 - CMSIS Pack Vendor :STMicroelectronics X-CUBE-AZRTOS-WL 1.0.0
2023-03-27 12:31:42,350 [INFO] ThirdParty:1030 - CMSIS Pack Vendor :STMicroelectronics X-CUBE-EEPRMA1 4.1.0
2023-03-27 12:31:42,350 [INFO] ThirdParty:1030 - CMSIS Pack Vendor :portGmbH I-Cube-SoM-uGOAL 1.1.0
2023-03-27 12:31:42,350 [INFO] ThirdParty:1030 - CMSIS Pack Vendor :STMicroelectronics X-CUBE-ALS 1.0.1
2023-03-27 12:31:42,350 [INFO] ThirdParty:1030 - CMSIS Pack Vendor :STMicroelectronics X-CUBE-MEMS1 9.5.0
2023-03-27 12:31:42,350 [INFO] ThirdParty:1030 - CMSIS Pack Vendor :STMicroelectronics ThreadX 1.0.0
2023-03-27 12:31:42,350 [INFO] ThirdParty:1030 - CMSIS Pack Vendor :STMicroelectronics X-CUBE-AZRTOS-WB 1.1.0
2023-03-27 12:31:42,350 [INFO] ThirdParty:1030 - CMSIS Pack Vendor :SEGGER I-CUBE-embOS 1.3.1
2023-03-27 12:31:42,351 [INFO] ThirdParty:1030 - CMSIS Pack Vendor :STMicroelectronics USB_DEVICE 1.0.0
2023-03-27 12:31:42,351 [INFO] ThirdParty:1030 - CMSIS Pack Vendor :STMicroelectronics ThreadX 0.0.2
2023-03-27 12:31:42,351 [INFO] ThirdParty:1030 - CMSIS Pack Vendor :WES I-CUBE-Cesium 1.3.0
2023-03-27 12:31:42,351 [INFO] ThirdParty:1030 - CMSIS Pack Vendor :STMicroelectronics lwIP 2.1.2
2023-03-27 12:31:42,351 [INFO] ThirdParty:1030 - CMSIS Pack Vendor :STMicroelectronics X-CUBE-SFXS2LP1 4.0.0
2023-03-27 12:31:42,351 [INFO] ThirdParty:1030 - CMSIS Pack Vendor :STMicroelectronics X-CUBE-BLE2 3.3.0
2023-03-27 12:31:42,351 [INFO] ThirdParty:1030 - CMSIS Pack Vendor :STMicroelectronics X-CUBE-TOF1 3.2.0
2023-03-27 12:31:42,351 [INFO] ThirdParty:1030 - CMSIS Pack Vendor :STMicroelectronics PDM2PCM 3.2.0
2023-03-27 12:31:42,351 [INFO] ThirdParty:1030 - CMSIS Pack Vendor :STMicroelectronics X-CUBE-AZRTOS-H7 3.0.0
2023-03-27 12:31:42,351 [INFO] ThirdParty:841 - exiting critical section [change project]
2023-03-27 12:31:42,651 [INFO] PinOutPanel:1499 - setPackage(No Configuration,No Configuration)
2023-03-27 12:31:42,652 [INFO] PinOutPanel:1499 - setPackage(STM32WB55RGVx,VFQFPN68)
2023-03-27 12:31:43,261 [INFO] UtilMem:75 - Before build in PCC Used Memory: 338064304 Bytes (678428672)
2023-03-27 12:31:44,095 [INFO] UtilMem:75 - After build in PCC Used Memory: 234181408 Bytes (678428672)
2023-03-27 12:31:44,119 [INFO] IPUIPlugin:80 - create IPUIPlugin
2023-03-27 12:31:44,119 [INFO] IPUIPlugin:80 - create IPUIPlugin
2023-03-27 12:31:44,119 [INFO] IPUIPlugin:80 - create IPUIPlugin
2023-03-27 12:31:44,120 [INFO] IPUIPlugin:80 - create IPUIPlugin
2023-03-27 12:31:44,120 [INFO] IPUIPlugin:80 - create IPUIPlugin
2023-03-27 12:31:44,120 [INFO] IPUIPlugin:80 - create IPUIPlugin
2023-03-27 12:31:44,120 [INFO] IPUIPlugin:80 - create IPUIPlugin
2023-03-27 12:31:44,120 [INFO] IPUIPlugin:80 - create IPUIPlugin
2023-03-27 12:31:44,120 [INFO] IPUIPlugin:80 - create IPUIPlugin
2023-03-27 12:31:44,120 [INFO] IPUIPlugin:80 - create IPUIPlugin
2023-03-27 12:31:44,121 [INFO] IPUIPlugin:80 - create IPUIPlugin
2023-03-27 12:31:44,121 [INFO] IPUIPlugin:80 - create IPUIPlugin
2023-03-27 12:31:44,121 [INFO] IPUIPlugin:80 - create IPUIPlugin
2023-03-27 12:31:44,121 [INFO] IPUIPlugin:80 - create IPUIPlugin
2023-03-27 12:31:44,121 [INFO] IPUIPlugin:80 - create IPUIPlugin
2023-03-27 12:31:44,121 [INFO] IPUIPlugin:80 - create IPUIPlugin
2023-03-27 12:31:44,122 [INFO] IPUIPlugin:80 - create IPUIPlugin
2023-03-27 12:31:44,122 [INFO] IPUIPlugin:80 - create IPUIPlugin
2023-03-27 12:31:44,122 [INFO] IPUIPlugin:80 - create IPUIPlugin
2023-03-27 12:31:44,122 [INFO] IPUIPlugin:80 - create IPUIPlugin
2023-03-27 12:31:44,122 [INFO] IPUIPlugin:80 - create IPUIPlugin
2023-03-27 12:31:44,123 [INFO] IPUIPlugin:80 - create IPUIPlugin
2023-03-27 12:31:44,123 [INFO] IPUIPlugin:80 - create IPUIPlugin
2023-03-27 12:31:44,123 [INFO] IPUIPlugin:80 - create IPUIPlugin
2023-03-27 12:31:44,123 [INFO] IPUIPlugin:80 - create IPUIPlugin
2023-03-27 12:31:44,124 [INFO] IPUIPlugin:80 - create IPUIPlugin
2023-03-27 12:31:44,124 [INFO] IPUIPlugin:80 - create IPUIPlugin
2023-03-27 12:31:44,124 [INFO] IPUIPlugin:80 - create IPUIPlugin
2023-03-27 12:31:44,124 [INFO] IPUIPlugin:80 - create IPUIPlugin
2023-03-27 12:31:44,124 [INFO] IPUIPlugin:80 - create IPUIPlugin
2023-03-27 12:31:44,125 [INFO] IPUIPlugin:80 - create IPUIPlugin
2023-03-27 12:31:44,125 [INFO] IPUIPlugin:80 - create IPUIPlugin
2023-03-27 12:31:44,125 [INFO] IPUIPlugin:80 - create IPUIPlugin
2023-03-27 12:31:44,126 [INFO] IPUIPlugin:80 - create IPUIPlugin
2023-03-27 12:31:44,126 [INFO] IPUIPlugin:80 - create IPUIPlugin
2023-03-27 12:31:44,126 [INFO] IPUIPlugin:80 - create IPUIPlugin
2023-03-27 12:31:44,126 [INFO] IPUIPlugin:80 - create IPUIPlugin
2023-03-27 12:31:44,126 [INFO] IPUIPlugin:80 - create IPUIPlugin
2023-03-27 12:31:44,126 [INFO] IPUIPlugin:80 - create IPUIPlugin
2023-03-27 12:31:44,127 [INFO] IPUIPlugin:80 - create IPUIPlugin
2023-03-27 12:31:44,127 [INFO] IPUIPlugin:80 - create IPUIPlugin
2023-03-27 12:31:44,127 [INFO] IPUIPlugin:80 - create IPUIPlugin
2023-03-27 12:31:44,127 [INFO] IPUIPlugin:80 - create IPUIPlugin
2023-03-27 12:31:44,128 [INFO] IPUIPlugin:80 - create IPUIPlugin
2023-03-27 12:31:44,295 [INFO] CADModel:165 - CPN selected for project levelSTM32WB55RGV6
2023-03-27 12:31:44,295 [INFO] CADModel:114 - Register for checkConnection events
2023-03-27 12:31:44,339 [INFO] OpenFileManager:328 - Restore cursor
2023-03-27 14:01:29,315 [INFO] MainUpdater:2854 - connection check result : 10
2023-03-27 14:01:29,315 [INFO] MainUpdater:2854 - connection check result : 10
2023-03-27 14:01:30,203 [INFO] MicroXplorer:468 - Change Database Path : 
2023-03-27 14:01:30,203 [INFO] MicroXplorer:498 - Change Database Version : DB.6.0.80
2023-03-27 14:01:30,238 [WARN] ThirdParty:871 - waiting for thirdparty lock release [close project]
2023-03-27 14:01:30,238 [INFO] ThirdParty:873 - entering critical section [close project]
2023-03-27 14:01:30,239 [INFO] ThirdParty:883 - exiting critical section [close project]
2023-03-27 14:01:30,242 [INFO] PinOutPanel:1499 - setPackage(No Configuration,No Configuration)
2023-03-27 14:01:30,460 [INFO] ApiDbMcu:507 - Load IP Config File for STM32_WPAN
2023-03-27 14:01:30,480 [WARN] IpParametersView:150 - Warning: This peripheral hasn't parameters
2023-03-27 14:01:30,493 [WARN] MainPanel:257 - <html><b><center>Warning: This peripheral has no parameters to be configured<br></b></html>
2023-03-27 14:01:30,515 [INFO] UtilMem:75 - Begin LoadConfig() Used Memory: 524332728 Bytes (678428672)
2023-03-27 14:01:30,515 [INFO] MicroXplorer:468 - Change Database Path : 
2023-03-27 14:01:30,516 [INFO] MicroXplorer:498 - Change Database Version : DB.6.0.80
2023-03-27 14:01:30,516 [INFO] OpenFileManager:308 - Change cursor
2023-03-27 14:01:30,523 [INFO] Mcu:1937 - Initializing MCU STM32WB55RGVx STM32WB55RGVx STM32WB55RGV6
2023-03-27 14:01:31,175 [INFO] Context:659 - Trying to add GPIOservice into a context  which must be forbidden
2023-03-27 14:01:31,524 [INFO] RtosManager:555 - Registered RTOS mode: class=CMSIS, group=RTOS, mode=CMSIS_V1, owner=FREERTOS
2023-03-27 14:01:31,524 [INFO] RtosManager:555 - Registered RTOS mode: class=CMSIS, group=RTOS2, mode=CMSIS_V2, owner=FREERTOS
2023-03-27 14:01:31,524 [INFO] RtosManager:555 - Registered RTOS mode: class=RTOS, group=Core, mode=CMSIS_V1, owner=FREERTOS
2023-03-27 14:01:31,524 [INFO] RtosManager:555 - Registered RTOS mode: class=RTOS, group=Core, mode=CMSIS_V2, owner=FREERTOS
2023-03-27 14:01:31,524 [WARN] ModelIntegratedComponent:184 - Missing modes for component STMicroelectronics:FreeRTOS:0.0.1:STMicroelectronics:RTOS:FreeRTOS:Core:::10.2.0:
2023-03-27 14:01:31,532 [WARN] ModelIntegratedComponent:63 - No mode defined for component null
2023-03-27 14:01:31,532 [WARN] ModelIntegratedComponent:63 - No mode defined for component null
2023-03-27 14:01:31,532 [WARN] ModelIntegratedComponent:63 - No mode defined for component null
2023-03-27 14:01:31,532 [WARN] ModelIntegratedComponent:63 - No mode defined for component null
2023-03-27 14:01:31,532 [WARN] ModelIntegratedComponent:63 - No mode defined for component null
2023-03-27 14:01:31,532 [WARN] ModelIntegratedComponent:63 - No mode defined for component null
2023-03-27 14:01:31,532 [WARN] ModelIntegratedComponent:63 - No mode defined for component null
2023-03-27 14:01:31,532 [WARN] ModelIntegratedComponent:63 - No mode defined for component null
2023-03-27 14:01:31,533 [WARN] ModelIntegratedComponent:63 - No mode defined for component null
2023-03-27 14:01:31,533 [WARN] ModelIntegratedComponent:63 - No mode defined for component null
2023-03-27 14:01:31,533 [WARN] ModelIntegratedComponent:63 - No mode defined for component null
2023-03-27 14:01:31,533 [WARN] ModelIntegratedComponent:63 - No mode defined for component null
2023-03-27 14:01:31,533 [WARN] ModelIntegratedComponent:63 - No mode defined for component null
2023-03-27 14:01:31,533 [WARN] ModelIntegratedComponent:63 - No mode defined for component null
2023-03-27 14:01:31,533 [WARN] ModelIntegratedComponent:63 - No mode defined for component null
2023-03-27 14:01:31,533 [WARN] ModelIntegratedComponent:63 - No mode defined for component null
2023-03-27 14:01:31,533 [WARN] ModelIntegratedComponent:63 - No mode defined for component null
2023-03-27 14:01:31,533 [WARN] ModelIntegratedComponent:63 - No mode defined for component null
2023-03-27 14:01:31,533 [WARN] ModelIntegratedComponent:63 - No mode defined for component null
2023-03-27 14:01:31,533 [WARN] ModelIntegratedComponent:63 - No mode defined for component null
2023-03-27 14:01:31,533 [WARN] ModelIntegratedComponent:63 - No mode defined for component null
2023-03-27 14:01:31,533 [WARN] ModelIntegratedComponent:63 - No mode defined for component null
2023-03-27 14:01:31,533 [WARN] ModelIntegratedComponent:63 - No mode defined for component null
2023-03-27 14:01:31,533 [WARN] ModelIntegratedComponent:63 - No mode defined for component null
2023-03-27 14:01:31,533 [WARN] ModelIntegratedComponent:63 - No mode defined for component null
2023-03-27 14:01:31,533 [WARN] ModelIntegratedComponent:63 - No mode defined for component null
2023-03-27 14:01:31,533 [WARN] ModelIntegratedComponent:63 - No mode defined for component null
2023-03-27 14:01:31,533 [WARN] ModelIntegratedComponent:63 - No mode defined for component null
2023-03-27 14:01:31,534 [WARN] ModelIntegratedComponent:63 - No mode defined for component null
2023-03-27 14:01:31,534 [WARN] ModelIntegratedComponent:63 - No mode defined for component null
2023-03-27 14:01:31,534 [WARN] ModelIntegratedComponent:63 - No mode defined for component null
2023-03-27 14:01:31,534 [WARN] ModelIntegratedComponent:63 - No mode defined for component null
2023-03-27 14:01:31,534 [WARN] ModelIntegratedComponent:63 - No mode defined for component null
2023-03-27 14:01:31,601 [INFO] ThirdPartyModel:298 - Start build external matchings
2023-03-27 14:01:31,768 [INFO] ThirdPartyModel:316 - End build external matchings
2023-03-27 14:01:31,777 [INFO] ImportTextPane:194 - (OptionalMessage_ERROR) IP (RCC) : Invalid parameter (FamilyName)
2023-03-27 14:01:31,779 [INFO] ImportTextPane:194 - (OptionalMessage_ERROR) IP (RCC) : Invalid parameter (SMPSCLockSelectionVirtualVirtual)
2023-03-27 14:01:31,909 [INFO] UtilMem:75 - End LoadConfig() Used Memory: 510862600 Bytes (678428672)
2023-03-27 14:01:31,917 [WARN] ThirdParty:833 - waiting for thirdparty lock release [change project]
2023-03-27 14:01:31,917 [INFO] ThirdParty:835 - entering critical section [change project]
2023-03-27 14:01:31,917 [INFO] ThirdParty:1030 - CMSIS Pack Vendor :STMicroelectronics X-CUBE-ISPU 1.1.0
2023-03-27 14:01:31,917 [INFO] ThirdParty:1030 - CMSIS Pack Vendor :RoweBots I-CUBE-UNISONRTOS 5.5.0-4
2023-03-27 14:01:31,917 [INFO] ThirdParty:1030 - CMSIS Pack Vendor :STMicroelectronics X-CUBE-GNSS1 6.0.0
2023-03-27 14:01:31,917 [INFO] ThirdParty:1030 - CMSIS Pack Vendor :STMicroelectronics USB_HOST 2.0.0
2023-03-27 14:01:31,918 [INFO] ThirdParty:1030 - CMSIS Pack Vendor :STMicroelectronics X-CUBE-AZRTOS-F4 1.1.0
2023-03-27 14:01:31,918 [INFO] ThirdParty:1030 - CMSIS Pack Vendor :STMicroelectronics LIBJPEG 8.0.0
2023-03-27 14:01:31,918 [INFO] ThirdParty:1030 - CMSIS Pack Vendor :STMicroelectronics USB_DEVICE 3.0.0
2023-03-27 14:01:31,918 [INFO] ThirdParty:1030 - CMSIS Pack Vendor :STMicroelectronics X-CUBE-AI 8.0.0
2023-03-27 14:01:31,918 [INFO] ThirdParty:1030 - CMSIS Pack Vendor :STMicroelectronics X-CUBE-FREERTOS 1.0.0
2023-03-27 14:01:31,918 [INFO] ThirdParty:1030 - CMSIS Pack Vendor :STMicroelectronics X-CUBE-TOUCHGFX 4.21.1
2023-03-27 14:01:31,918 [INFO] ThirdParty:1030 - CMSIS Pack Vendor :STMicroelectronics X-CUBE-TOUCHGFX 4.21.3
2023-03-27 14:01:31,918 [INFO] ThirdParty:1030 - CMSIS Pack Vendor :STMicroelectronics X-CUBE-AZRTOS-F7 1.1.0
2023-03-27 14:01:31,918 [INFO] ThirdParty:1030 - CMSIS Pack Vendor :STMicroelectronics USB_DEVICE 2.0.0
2023-03-27 14:01:31,918 [INFO] ThirdParty:1030 - CMSIS Pack Vendor :STMicroelectronics X-CUBE-ALGOBUILD 1.3.0
2023-03-27 14:01:31,918 [INFO] ThirdParty:1030 - CMSIS Pack Vendor :STMicroelectronics X-CUBE-BLE1 6.2.4
2023-03-27 14:01:31,918 [INFO] ThirdParty:1030 - CMSIS Pack Vendor :STMicroelectronics X-CUBE-AZRTOS-L5 1.1.0
2023-03-27 14:01:31,918 [INFO] ThirdParty:1030 - CMSIS Pack Vendor :STMicroelectronics FreeRTOS 0.0.1
2023-03-27 14:01:31,918 [INFO] ThirdParty:1030 - CMSIS Pack Vendor :emotas I-CUBE-CANOPEN 1.1.3
2023-03-27 14:01:31,918 [INFO] ThirdParty:1030 - CMSIS Pack Vendor :STMicroelectronics X-CUBE-AZRTOS-G0 1.1.0
2023-03-27 14:01:31,918 [INFO] ThirdParty:1030 - CMSIS Pack Vendor :STMicroelectronics X-CUBE-BLEMGR 2.0.0
2023-03-27 14:01:31,918 [INFO] ThirdParty:1030 - CMSIS Pack Vendor :STMicroelectronics X-CUBE-SUBG2 5.0.0
2023-03-27 14:01:31,918 [INFO] ThirdParty:1030 - CMSIS Pack Vendor :STMicroelectronics X-CUBE-NFC4 3.0.0
2023-03-27 14:01:31,918 [INFO] ThirdParty:1030 - CMSIS Pack Vendor :STMicroelectronics STM32_WPAN 1.0.0
2023-03-27 14:01:31,918 [INFO] ThirdParty:1030 - CMSIS Pack Vendor :STMicroelectronics lwIP 2.0.3
2023-03-27 14:01:31,919 [INFO] ThirdParty:1030 - CMSIS Pack Vendor :STMicroelectronics USB_HOST 1.0.0
2023-03-27 14:01:31,919 [INFO] ThirdParty:1030 - CMSIS Pack Vendor :STMicroelectronics PDM2PCM 3.1.0
2023-03-27 14:01:31,919 [INFO] ThirdParty:1030 - CMSIS Pack Vendor :STMicroelectronics X-CUBE-TOF1 3.3.0
2023-03-27 14:01:31,919 [INFO] ThirdParty:1030 - CMSIS Pack Vendor :STMicroelectronics FP-ATR-ASTRA1 1.1.1
2023-03-27 14:01:31,919 [INFO] ThirdParty:1030 - CMSIS Pack Vendor :STMicroelectronics PDM2PCM 3.3.0
2023-03-27 14:01:31,919 [INFO] ThirdParty:1030 - CMSIS Pack Vendor :STMicroelectronics X-CUBE-DISPLAY 3.0.0
2023-03-27 14:01:31,919 [INFO] ThirdParty:1030 - CMSIS Pack Vendor :STMicroelectronics X-CUBE-AZRTOS-G4 1.0.0
2023-03-27 14:01:31,919 [INFO] ThirdParty:1030 - CMSIS Pack Vendor :STMicroelectronics FP-ATR-SIGFOX1 3.2.0
2023-03-27 14:01:31,919 [INFO] ThirdParty:1030 - CMSIS Pack Vendor :wolfSSL I-CUBE-wolfSSL 5.5.4
2023-03-27 14:01:31,919 [INFO] ThirdParty:1030 - CMSIS Pack Vendor :STMicroelectronics X-CUBE-AZRTOS-L4 1.0.0
2023-03-27 14:01:31,919 [INFO] ThirdParty:1030 - CMSIS Pack Vendor :STMicroelectronics HAL Drivers 0.0.0
2023-03-27 14:01:31,919 [INFO] ThirdParty:1030 - CMSIS Pack Vendor :STMicroelectronics MBEDTLS 2.16.2
2023-03-27 14:01:31,919 [INFO] ThirdParty:1030 - CMSIS Pack Vendor :STMicroelectronics MBEDTLS 2.14.1
2023-03-27 14:01:31,920 [INFO] ThirdParty:1030 - CMSIS Pack Vendor :STMicroelectronics X-CUBE-NFC7 1.0.0
2023-03-27 14:01:31,920 [INFO] ThirdParty:1030 - CMSIS Pack Vendor :STMicroelectronics X-CUBE-AZRTOS-WL 1.0.0
2023-03-27 14:01:31,920 [INFO] ThirdParty:1030 - CMSIS Pack Vendor :STMicroelectronics X-CUBE-EEPRMA1 4.1.0
2023-03-27 14:01:31,920 [INFO] ThirdParty:1030 - CMSIS Pack Vendor :portGmbH I-Cube-SoM-uGOAL 1.1.0
2023-03-27 14:01:31,920 [INFO] ThirdParty:1030 - CMSIS Pack Vendor :STMicroelectronics X-CUBE-ALS 1.0.1
2023-03-27 14:01:31,920 [INFO] ThirdParty:1030 - CMSIS Pack Vendor :STMicroelectronics X-CUBE-MEMS1 9.5.0
2023-03-27 14:01:31,920 [INFO] ThirdParty:1030 - CMSIS Pack Vendor :STMicroelectronics ThreadX 1.0.0
2023-03-27 14:01:31,920 [INFO] ThirdParty:1030 - CMSIS Pack Vendor :STMicroelectronics X-CUBE-AZRTOS-WB 1.1.0
2023-03-27 14:01:31,920 [INFO] ThirdParty:1030 - CMSIS Pack Vendor :SEGGER I-CUBE-embOS 1.3.1
2023-03-27 14:01:31,920 [INFO] ThirdParty:1030 - CMSIS Pack Vendor :STMicroelectronics USB_DEVICE 1.0.0
2023-03-27 14:01:31,920 [INFO] ThirdParty:1030 - CMSIS Pack Vendor :STMicroelectronics ThreadX 0.0.2
2023-03-27 14:01:31,920 [INFO] ThirdParty:1030 - CMSIS Pack Vendor :WES I-CUBE-Cesium 1.3.0
2023-03-27 14:01:31,920 [INFO] ThirdParty:1030 - CMSIS Pack Vendor :STMicroelectronics lwIP 2.1.2
2023-03-27 14:01:31,920 [INFO] ThirdParty:1030 - CMSIS Pack Vendor :STMicroelectronics X-CUBE-SFXS2LP1 4.0.0
2023-03-27 14:01:31,920 [INFO] ThirdParty:1030 - CMSIS Pack Vendor :STMicroelectronics X-CUBE-BLE2 3.3.0
2023-03-27 14:01:31,921 [INFO] ThirdParty:1030 - CMSIS Pack Vendor :STMicroelectronics X-CUBE-TOF1 3.2.0
2023-03-27 14:01:31,921 [INFO] ThirdParty:1030 - CMSIS Pack Vendor :STMicroelectronics PDM2PCM 3.2.0
2023-03-27 14:01:31,921 [INFO] ThirdParty:1030 - CMSIS Pack Vendor :STMicroelectronics X-CUBE-AZRTOS-H7 3.0.0
2023-03-27 14:01:31,921 [INFO] ThirdParty:841 - exiting critical section [change project]
2023-03-27 14:01:32,134 [INFO] PinOutPanel:1499 - setPackage(No Configuration,No Configuration)
2023-03-27 14:01:32,135 [INFO] PinOutPanel:1499 - setPackage(STM32WB55RGVx,VFQFPN68)
2023-03-27 14:01:32,568 [INFO] UtilMem:75 - Before build in PCC Used Memory: 361461760 Bytes (678428672)
2023-03-27 14:01:32,859 [INFO] UtilMem:75 - After build in PCC Used Memory: 439056384 Bytes (678428672)
2023-03-27 14:01:32,876 [INFO] IPUIPlugin:80 - create IPUIPlugin
2023-03-27 14:01:32,876 [INFO] IPUIPlugin:80 - create IPUIPlugin
2023-03-27 14:01:32,876 [INFO] IPUIPlugin:80 - create IPUIPlugin
2023-03-27 14:01:32,876 [INFO] IPUIPlugin:80 - create IPUIPlugin
2023-03-27 14:01:32,876 [INFO] IPUIPlugin:80 - create IPUIPlugin
2023-03-27 14:01:32,877 [INFO] IPUIPlugin:80 - create IPUIPlugin
2023-03-27 14:01:32,877 [INFO] IPUIPlugin:80 - create IPUIPlugin
2023-03-27 14:01:32,877 [INFO] IPUIPlugin:80 - create IPUIPlugin
2023-03-27 14:01:32,877 [INFO] IPUIPlugin:80 - create IPUIPlugin
2023-03-27 14:01:32,877 [INFO] IPUIPlugin:80 - create IPUIPlugin
2023-03-27 14:01:32,877 [INFO] IPUIPlugin:80 - create IPUIPlugin
2023-03-27 14:01:32,877 [INFO] IPUIPlugin:80 - create IPUIPlugin
2023-03-27 14:01:32,877 [INFO] IPUIPlugin:80 - create IPUIPlugin
2023-03-27 14:01:32,877 [INFO] IPUIPlugin:80 - create IPUIPlugin
2023-03-27 14:01:32,877 [INFO] IPUIPlugin:80 - create IPUIPlugin
2023-03-27 14:01:32,878 [INFO] IPUIPlugin:80 - create IPUIPlugin
2023-03-27 14:01:32,878 [INFO] IPUIPlugin:80 - create IPUIPlugin
2023-03-27 14:01:32,878 [INFO] IPUIPlugin:80 - create IPUIPlugin
2023-03-27 14:01:32,878 [INFO] IPUIPlugin:80 - create IPUIPlugin
2023-03-27 14:01:32,878 [INFO] IPUIPlugin:80 - create IPUIPlugin
2023-03-27 14:01:32,878 [INFO] IPUIPlugin:80 - create IPUIPlugin
2023-03-27 14:01:32,878 [INFO] IPUIPlugin:80 - create IPUIPlugin
2023-03-27 14:01:32,878 [INFO] IPUIPlugin:80 - create IPUIPlugin
2023-03-27 14:01:32,879 [INFO] IPUIPlugin:80 - create IPUIPlugin
2023-03-27 14:01:32,879 [INFO] IPUIPlugin:80 - create IPUIPlugin
2023-03-27 14:01:32,879 [INFO] IPUIPlugin:80 - create IPUIPlugin
2023-03-27 14:01:32,879 [INFO] IPUIPlugin:80 - create IPUIPlugin
2023-03-27 14:01:32,879 [INFO] IPUIPlugin:80 - create IPUIPlugin
2023-03-27 14:01:32,879 [INFO] IPUIPlugin:80 - create IPUIPlugin
2023-03-27 14:01:32,879 [INFO] IPUIPlugin:80 - create IPUIPlugin
2023-03-27 14:01:32,879 [INFO] IPUIPlugin:80 - create IPUIPlugin
2023-03-27 14:01:32,880 [INFO] IPUIPlugin:80 - create IPUIPlugin
2023-03-27 14:01:32,880 [INFO] IPUIPlugin:80 - create IPUIPlugin
2023-03-27 14:01:32,880 [INFO] IPUIPlugin:80 - create IPUIPlugin
2023-03-27 14:01:32,880 [INFO] IPUIPlugin:80 - create IPUIPlugin
2023-03-27 14:01:32,880 [INFO] IPUIPlugin:80 - create IPUIPlugin
2023-03-27 14:01:32,880 [INFO] IPUIPlugin:80 - create IPUIPlugin
2023-03-27 14:01:32,881 [INFO] IPUIPlugin:80 - create IPUIPlugin
2023-03-27 14:01:32,882 [INFO] IPUIPlugin:80 - create IPUIPlugin
2023-03-27 14:01:32,882 [INFO] IPUIPlugin:80 - create IPUIPlugin
2023-03-27 14:01:32,882 [INFO] IPUIPlugin:80 - create IPUIPlugin
2023-03-27 14:01:32,882 [INFO] IPUIPlugin:80 - create IPUIPlugin
2023-03-27 14:01:32,882 [INFO] IPUIPlugin:80 - create IPUIPlugin
2023-03-27 14:01:32,883 [INFO] IPUIPlugin:80 - create IPUIPlugin
2023-03-27 14:01:32,925 [INFO] CADModel:165 - CPN selected for project levelSTM32WB55RGV6
2023-03-27 14:01:32,926 [INFO] CADModel:114 - Register for checkConnection events
2023-03-27 14:01:32,967 [INFO] OpenFileManager:328 - Restore cursor
2023-03-27 14:02:02,712 [INFO] NvicIntPanel:101 - NVIC parent = com.st.microxplorer.plugins.ip.nvic.MultiNvicIntPanel[,0,0,529x235,layout=javax.swing.BoxLayout,alignmentX=0.0,alignmentY=0.0,border=,flags=9,maximumSize=,minimumSize=,preferredSize=]
2023-03-27 14:08:51,957 [INFO] NvicIntPanel:101 - NVIC parent = com.st.microxplorer.plugins.ip.nvic.MultiNvicIntPanel[,0,0,0x0,invalid,layout=javax.swing.BoxLayout,alignmentX=0.0,alignmentY=0.0,border=,flags=9,maximumSize=,minimumSize=,preferredSize=]
2023-03-27 14:08:52,114 [INFO] NvicIntPanel:101 - NVIC parent = com.st.microxplorer.plugins.ip.nvic.MultiNvicIntPanel[,0,0,0x0,invalid,layout=javax.swing.BoxLayout,alignmentX=0.0,alignmentY=0.0,border=,flags=9,maximumSize=,minimumSize=,preferredSize=]
2023-03-27 14:09:10,103 [INFO] UtilMem:75 - End SaveConfig() Used Memory: 462893760 Bytes (678428672)
2023-03-27 14:09:11,619 [INFO] UtilMem:75 - End SaveConfig() Used Memory: 255584528 Bytes (678428672)
2023-03-27 14:09:13,336 [INFO] UtilMem:75 - End SaveConfig() Used Memory: 362017040 Bytes (678428672)
2023-03-27 14:09:13,837 [INFO] BlockDiagram:2759 - set Specific Code input for plugin: RTC
2023-03-27 14:09:13,837 [INFO] BlockDiagram:2759 - set Specific Code input for plugin: SPI
2023-03-27 14:09:13,837 [INFO] BlockDiagram:2759 - set Specific Code input for plugin: NVIC
2023-03-27 14:09:13,837 [INFO] BlockDiagram:2759 - set Specific Code input for plugin: TIM1_8WB5
2023-03-27 14:09:13,837 [INFO] BlockDiagram:2759 - set Specific Code input for plugin: USB
2023-03-27 14:09:13,837 [INFO] BlockDiagram:2759 - set Specific Code input for plugin: SYS
2023-03-27 14:09:13,839 [INFO] BlockDiagram:2759 - set Specific Code input for plugin: GPIO
2023-03-27 14:09:13,839 [INFO] BlockDiagram:2759 - set Specific Code input for plugin: RCC
2023-03-27 14:09:13,840 [INFO] CodeGenerator:793 - code generatio: config db path: /opt/st/stm32cubeide_1.12.0/plugins/com.st.stm32cube.common.mx_6.8.0.202302231600//db/
2023-03-27 14:09:14,148 [INFO] CodeEngine:255 - oldGeneratedFile, /home/albin/Documents/GitHub/ResponseTime_PowerConsumption/controller/Controller/MXTmpFiles/license.tmp_save
2023-03-27 14:09:14,545 [INFO] CodeEngine:279 - Generated code: /home/albin/Documents/GitHub/ResponseTime_PowerConsumption/controller/Controller/MXTmpFiles/license.tmp
2023-03-27 14:09:14,630 [INFO] CodeEngine:255 - oldGeneratedFile, /home/albin/Documents/GitHub/ResponseTime_PowerConsumption/controller/Controller/MXTmpFiles/gpio.tmp_save
2023-03-27 14:09:14,736 [INFO] CodeEngine:279 - Generated code: /home/albin/Documents/GitHub/ResponseTime_PowerConsumption/controller/Controller/MXTmpFiles/gpio.tmp
2023-03-27 14:09:15,101 [INFO] CodeEngine:255 - oldGeneratedFile, /home/albin/Documents/GitHub/ResponseTime_PowerConsumption/controller/Controller/Core/Src/stm32wbxx_it.c_save
2023-03-27 14:09:15,216 [INFO] CodeEngine:279 - Generated code: /home/albin/Documents/GitHub/ResponseTime_PowerConsumption/controller/Controller/Core/Src/stm32wbxx_it.c
2023-03-27 14:09:15,218 [INFO] CodeEngine:255 - oldGeneratedFile, /home/albin/Documents/GitHub/ResponseTime_PowerConsumption/controller/Controller/Core/Inc/stm32wbxx_it.h_save
2023-03-27 14:09:15,299 [INFO] CodeEngine:279 - Generated code: /home/albin/Documents/GitHub/ResponseTime_PowerConsumption/controller/Controller/Core/Inc/stm32wbxx_it.h
2023-03-27 14:09:15,303 [INFO] CodeEngine:255 - oldGeneratedFile, /home/albin/Documents/GitHub/ResponseTime_PowerConsumption/controller/Controller/Core/Src/stm32wbxx_hal_msp.c_save
2023-03-27 14:09:15,503 [INFO] CodeEngine:279 - Generated code: /home/albin/Documents/GitHub/ResponseTime_PowerConsumption/controller/Controller/Core/Src/stm32wbxx_hal_msp.c
2023-03-27 14:09:15,505 [INFO] CodeEngine:255 - oldGeneratedFile, /home/albin/Documents/GitHub/ResponseTime_PowerConsumption/controller/Controller/MXTmpFiles/system.tmp_save
2023-03-27 14:09:15,571 [INFO] CodeEngine:279 - Generated code: /home/albin/Documents/GitHub/ResponseTime_PowerConsumption/controller/Controller/MXTmpFiles/system.tmp
2023-03-27 14:09:15,574 [INFO] CodeEngine:311 - oldGeneratedFile, /home/albin/Documents/GitHub/ResponseTime_PowerConsumption/controller/Controller/Core/Inc/stm32wbxx_hal_conf.h_save
2023-03-27 14:09:15,644 [INFO] CodeEngine:335 - Generated code: /home/albin/Documents/GitHub/ResponseTime_PowerConsumption/controller/Controller/Core/Inc/stm32wbxx_hal_conf.h
2023-03-27 14:09:15,660 [WARN] IPConfigManager:2937 - Warning: the RefConfig RCC_PClockConfig is not available in your config.xml file
2023-03-27 14:09:15,670 [WARN] IPConfigManager:3431 - IP not found : TIM
2023-03-27 14:09:15,671 [WARN] CodeGenerator:3754 - IP not found : null
2023-03-27 14:09:15,673 [INFO] CodeEngine:255 - oldGeneratedFile, /home/albin/Documents/GitHub/ResponseTime_PowerConsumption/controller/Controller/Core/Inc/main.h_save
2023-03-27 14:09:15,761 [INFO] CodeEngine:279 - Generated code: /home/albin/Documents/GitHub/ResponseTime_PowerConsumption/controller/Controller/Core/Inc/main.h
2023-03-27 14:09:15,763 [INFO] CodeEngine:255 - oldGeneratedFile, /home/albin/Documents/GitHub/ResponseTime_PowerConsumption/controller/Controller/Core/Src/main.c_save
2023-03-27 14:09:15,899 [INFO] CodeEngine:279 - Generated code: /home/albin/Documents/GitHub/ResponseTime_PowerConsumption/controller/Controller/Core/Src/main.c
2023-03-27 14:09:16,551 [INFO] ProjectBuilder:2996 - Time for Copy HAL[1] : 54mS.
2023-03-27 14:09:16,564 [INFO] ProjectBuilder:4304 - Project Generator version: 3.19.2
2023-03-27 14:09:16,813 [INFO] ConfigFileManager:1483 - The Die is : DIE495
2023-03-27 14:09:16,818 [INFO] ApiDbMcu:507 - Load IP Config File for FATFS
2023-03-27 14:09:16,821 [INFO] ApiDbMcu:507 - Load IP Config File for FREERTOS
2023-03-27 14:09:16,836 [INFO] ApiDbMcu:507 - Load IP Config File for STM32_WPAN
2023-03-27 14:09:16,935 [INFO] ApiDbMcu:507 - Load IP Config File for TOUCHSENSING
2023-03-27 14:09:16,942 [INFO] ApiDbMcu:507 - Load IP Config File for USB_Device
2023-03-27 14:09:17,854 [INFO] LogOutputStream:77 - [STDOUT_REDIRECT] 
2023-03-27 14:09:18,599 [INFO] ProjectBuilder:4505 - Time for Generating toolchain IDE Files: 2035mS.
2023-03-27 14:09:18,600 [INFO] ProjectBuilder:2867 - Time for Copy CMSIS : 0mS.
2023-03-27 14:09:18,600 [INFO] ProjectBuilder:2867 - Time for Copy CMSIS : 0mS.
